{
  "uid" : "118226333f31c679",
  "name" : "test_1jeyvva05dm5g_createincident",
  "fullName" : "IncidentResponseInvalidExample.OasDbIncidentResponseInvalidExample_1jenrzo51wi0o.test_1jeyvva05dm5g_createincident",
  "historyId" : "ce5519ba2d41ce2b44f0c35cecb0c6be",
  "time" : {
    "start" : 1640947695752,
    "stop" : 1640947695768,
    "duration" : 16
  },
  "status" : "failed",
  "statusMessage" : "OAS disconformity: Response status 422 not defined for path '/incidents'.",
  "statusTrace" : "java.lang.AssertionError: OAS disconformity: Response status 422 not defined for path '/incidents'.\n\tat org.junit.Assert.fail(Assert.java:89)\n\tat IncidentResponseInvalidExample.OasDbIncidentResponseInvalidExample_1jenrzo51wi0o.test_1jeyvva05dm5g_createincident(OasDbIncidentResponseInvalidExample_1jenrzo51wi0o.java:138)\n\tat sun.reflect.NativeMethodAccessorImpl.invoke0(Native Method)\n\tat sun.reflect.NativeMethodAccessorImpl.invoke(NativeMethodAccessorImpl.java:62)\n\tat sun.reflect.DelegatingMethodAccessorImpl.invoke(DelegatingMethodAccessorImpl.java:43)\n\tat java.lang.reflect.Method.invoke(Method.java:498)\n\tat org.junit.runners.model.FrameworkMethod$1.runReflectiveCall(FrameworkMethod.java:59)\n\tat org.junit.internal.runners.model.ReflectiveCallable.run(ReflectiveCallable.java:12)\n\tat org.junit.runners.model.FrameworkMethod.invokeExplosively(FrameworkMethod.java:56)\n\tat org.junit.internal.runners.statements.InvokeMethod.evaluate(InvokeMethod.java:17)\n\tat org.junit.runners.ParentRunner$3.evaluate(ParentRunner.java:306)\n\tat org.junit.runners.BlockJUnit4ClassRunner$1.evaluate(BlockJUnit4ClassRunner.java:100)\n\tat org.junit.runners.ParentRunner.runLeaf(ParentRunner.java:366)\n\tat org.junit.runners.BlockJUnit4ClassRunner.runChild(BlockJUnit4ClassRunner.java:103)\n\tat org.junit.runners.BlockJUnit4ClassRunner.runChild(BlockJUnit4ClassRunner.java:63)\n\tat org.junit.runners.ParentRunner$4.run(ParentRunner.java:331)\n\tat org.junit.runners.ParentRunner$1.schedule(ParentRunner.java:79)\n\tat org.junit.runners.ParentRunner.runChildren(ParentRunner.java:329)\n\tat org.junit.runners.ParentRunner.access$100(ParentRunner.java:66)\n\tat org.junit.runners.ParentRunner$2.evaluate(ParentRunner.java:293)\n\tat org.junit.internal.runners.statements.RunBefores.evaluate(RunBefores.java:26)\n\tat org.junit.runners.ParentRunner$3.evaluate(ParentRunner.java:306)\n\tat org.junit.runners.ParentRunner.run(ParentRunner.java:413)\n\tat org.junit.runners.Suite.runChild(Suite.java:128)\n\tat org.junit.runners.Suite.runChild(Suite.java:27)\n\tat org.junit.runners.ParentRunner$4.run(ParentRunner.java:331)\n\tat org.junit.runners.ParentRunner$1.schedule(ParentRunner.java:79)\n\tat org.junit.runners.ParentRunner.runChildren(ParentRunner.java:329)\n\tat org.junit.runners.ParentRunner.access$100(ParentRunner.java:66)\n\tat org.junit.runners.ParentRunner$2.evaluate(ParentRunner.java:293)\n\tat org.junit.runners.ParentRunner$3.evaluate(ParentRunner.java:306)\n\tat org.junit.runners.ParentRunner.run(ParentRunner.java:413)\n\tat org.junit.runner.JUnitCore.run(JUnitCore.java:137)\n\tat org.junit.runner.JUnitCore.run(JUnitCore.java:115)\n\tat org.junit.runner.JUnitCore.run(JUnitCore.java:105)\n\tat org.junit.runner.JUnitCore.run(JUnitCore.java:94)\n\tat es.us.isa.restest.runners.RESTestRunner.testExecution(RESTestRunner.java:127)\n\tat es.us.isa.restest.runners.RESTestRunner.run(RESTestRunner.java:72)\n\tat es.us.isa.restest.main.TestGenerationAndExecution.main(TestGenerationAndExecution.java:148)\n",
  "flaky" : false,
  "newFailed" : false,
  "beforeStages" : [ ],
  "testStage" : {
    "status" : "failed",
    "statusMessage" : "OAS disconformity: Response status 422 not defined for path '/incidents'.",
    "statusTrace" : "java.lang.AssertionError: OAS disconformity: Response status 422 not defined for path '/incidents'.\n\tat org.junit.Assert.fail(Assert.java:89)\n\tat IncidentResponseInvalidExample.OasDbIncidentResponseInvalidExample_1jenrzo51wi0o.test_1jeyvva05dm5g_createincident(OasDbIncidentResponseInvalidExample_1jenrzo51wi0o.java:138)\n\tat sun.reflect.NativeMethodAccessorImpl.invoke0(Native Method)\n\tat sun.reflect.NativeMethodAccessorImpl.invoke(NativeMethodAccessorImpl.java:62)\n\tat sun.reflect.DelegatingMethodAccessorImpl.invoke(DelegatingMethodAccessorImpl.java:43)\n\tat java.lang.reflect.Method.invoke(Method.java:498)\n\tat org.junit.runners.model.FrameworkMethod$1.runReflectiveCall(FrameworkMethod.java:59)\n\tat org.junit.internal.runners.model.ReflectiveCallable.run(ReflectiveCallable.java:12)\n\tat org.junit.runners.model.FrameworkMethod.invokeExplosively(FrameworkMethod.java:56)\n\tat org.junit.internal.runners.statements.InvokeMethod.evaluate(InvokeMethod.java:17)\n\tat org.junit.runners.ParentRunner$3.evaluate(ParentRunner.java:306)\n\tat org.junit.runners.BlockJUnit4ClassRunner$1.evaluate(BlockJUnit4ClassRunner.java:100)\n\tat org.junit.runners.ParentRunner.runLeaf(ParentRunner.java:366)\n\tat org.junit.runners.BlockJUnit4ClassRunner.runChild(BlockJUnit4ClassRunner.java:103)\n\tat org.junit.runners.BlockJUnit4ClassRunner.runChild(BlockJUnit4ClassRunner.java:63)\n\tat org.junit.runners.ParentRunner$4.run(ParentRunner.java:331)\n\tat org.junit.runners.ParentRunner$1.schedule(ParentRunner.java:79)\n\tat org.junit.runners.ParentRunner.runChildren(ParentRunner.java:329)\n\tat org.junit.runners.ParentRunner.access$100(ParentRunner.java:66)\n\tat org.junit.runners.ParentRunner$2.evaluate(ParentRunner.java:293)\n\tat org.junit.internal.runners.statements.RunBefores.evaluate(RunBefores.java:26)\n\tat org.junit.runners.ParentRunner$3.evaluate(ParentRunner.java:306)\n\tat org.junit.runners.ParentRunner.run(ParentRunner.java:413)\n\tat org.junit.runners.Suite.runChild(Suite.java:128)\n\tat org.junit.runners.Suite.runChild(Suite.java:27)\n\tat org.junit.runners.ParentRunner$4.run(ParentRunner.java:331)\n\tat org.junit.runners.ParentRunner$1.schedule(ParentRunner.java:79)\n\tat org.junit.runners.ParentRunner.runChildren(ParentRunner.java:329)\n\tat org.junit.runners.ParentRunner.access$100(ParentRunner.java:66)\n\tat org.junit.runners.ParentRunner$2.evaluate(ParentRunner.java:293)\n\tat org.junit.runners.ParentRunner$3.evaluate(ParentRunner.java:306)\n\tat org.junit.runners.ParentRunner.run(ParentRunner.java:413)\n\tat org.junit.runner.JUnitCore.run(JUnitCore.java:137)\n\tat org.junit.runner.JUnitCore.run(JUnitCore.java:115)\n\tat org.junit.runner.JUnitCore.run(JUnitCore.java:105)\n\tat org.junit.runner.JUnitCore.run(JUnitCore.java:94)\n\tat es.us.isa.restest.runners.RESTestRunner.testExecution(RESTestRunner.java:127)\n\tat es.us.isa.restest.runners.RESTestRunner.run(RESTestRunner.java:72)\n\tat es.us.isa.restest.main.TestGenerationAndExecution.main(TestGenerationAndExecution.java:148)\n",
    "steps" : [ ],
    "attachments" : [ {
      "uid" : "bdfc78715ace4982",
      "name" : "Request",
      "source" : "bdfc78715ace4982.html",
      "type" : "text/html",
      "size" : 759
    }, {
      "uid" : "a5237d28fd16284d",
      "name" : "HTTP/1.1 422 Unprocessable Entity",
      "source" : "a5237d28fd16284d.html",
      "type" : "text/html",
      "size" : 546
    } ],
    "parameters" : [ ],
    "stepsCount" : 0,
    "attachmentsCount" : 2,
    "shouldDisplayMessage" : true,
    "hasContent" : true
  },
  "afterStages" : [ ],
  "labels" : [ {
    "name" : "package",
    "value" : "IncidentResponseInvalidExample"
  }, {
    "name" : "testClass",
    "value" : "IncidentResponseInvalidExample.OasDbIncidentResponseInvalidExample_1jenrzo51wi0o"
  }, {
    "name" : "testMethod",
    "value" : "test_1jeyvva05dm5g_createincident"
  }, {
    "name" : "suite",
    "value" : "IncidentResponseInvalidExample.OasDbIncidentResponseInvalidExample_1jenrzo51wi0o"
  }, {
    "name" : "host",
    "value" : "Alexs-MacBook-Pro-2.local"
  }, {
    "name" : "thread",
    "value" : "67256@Alexs-MacBook-Pro-2.local.main(1)"
  }, {
    "name" : "framework",
    "value" : "junit4"
  }, {
    "name" : "language",
    "value" : "java"
  }, {
    "name" : "resultFormat",
    "value" : "allure2"
  } ],
  "parameters" : [ ],
  "links" : [ ],
  "hidden" : false,
  "retry" : false,
  "extra" : {
    "severity" : "normal",
    "retries" : [ ],
    "categories" : [ {
      "name" : "SEVERITY 1: Disconformity with OAS",
      "messageRegex" : "OAS disconformity.*",
      "matchedStatuses" : [ "failed" ],
      "flaky" : false
    } ],
    "history" : {
      "statistic" : {
        "failed" : 11,
        "broken" : 0,
        "skipped" : 0,
        "passed" : 0,
        "unknown" : 0,
        "total" : 11
      },
      "items" : [ {
        "uid" : "2a079f0ea1d940b4",
        "status" : "failed",
        "statusDetails" : "OAS disconformity: Response status 422 not defined for path '/incidents'.",
        "time" : {
          "start" : 1640947695752,
          "stop" : 1640947695768,
          "duration" : 16
        }
      }, {
        "uid" : "91da390499119e5",
        "status" : "failed",
        "statusDetails" : "OAS disconformity: Response status 422 not defined for path '/incidents'.",
        "time" : {
          "start" : 1640947695752,
          "stop" : 1640947695768,
          "duration" : 16
        }
      }, {
        "uid" : "1f92b8cea8f76e8b",
        "status" : "failed",
        "statusDetails" : "OAS disconformity: Response status 422 not defined for path '/incidents'.",
        "time" : {
          "start" : 1640947695752,
          "stop" : 1640947695768,
          "duration" : 16
        }
      }, {
        "uid" : "6bd24a83ff297240",
        "status" : "failed",
        "statusDetails" : "OAS disconformity: Response status 422 not defined for path '/incidents'.",
        "time" : {
          "start" : 1640947695752,
          "stop" : 1640947695768,
          "duration" : 16
        }
      }, {
        "uid" : "904e0be7b83ecf3a",
        "status" : "failed",
        "statusDetails" : "OAS disconformity: Response status 422 not defined for path '/incidents'.",
        "time" : {
          "start" : 1640947695752,
          "stop" : 1640947695768,
          "duration" : 16
        }
      }, {
        "uid" : "4eaa73a6d4492f08",
        "status" : "failed",
        "statusDetails" : "OAS disconformity: Response status 422 not defined for path '/incidents'.",
        "time" : {
          "start" : 1640947695752,
          "stop" : 1640947695768,
          "duration" : 16
        }
      }, {
        "uid" : "8468a147caac9ca2",
        "status" : "failed",
        "statusDetails" : "OAS disconformity: Response status 422 not defined for path '/incidents'.",
        "time" : {
          "start" : 1640947695752,
          "stop" : 1640947695768,
          "duration" : 16
        }
      }, {
        "uid" : "94caf96452b57ac",
        "status" : "failed",
        "statusDetails" : "OAS disconformity: Response status 422 not defined for path '/incidents'.",
        "time" : {
          "start" : 1640947695752,
          "stop" : 1640947695768,
          "duration" : 16
        }
      }, {
        "uid" : "3d080aa8437817a0",
        "status" : "failed",
        "statusDetails" : "OAS disconformity: Response status 422 not defined for path '/incidents'.",
        "time" : {
          "start" : 1640947695752,
          "stop" : 1640947695768,
          "duration" : 16
        }
      }, {
        "uid" : "8ee3a350143e5fd6",
        "status" : "failed",
        "statusDetails" : "OAS disconformity: Response status 422 not defined for path '/incidents'.",
        "time" : {
          "start" : 1640947695752,
          "stop" : 1640947695768,
          "duration" : 16
        }
      } ]
    },
    "tags" : [ ]
  },
  "source" : "118226333f31c679.json",
  "parameterValues" : [ ]
}