{
  "uid" : "5dc34694f2b587a",
  "name" : "test_1iespvory4mk0_updateincident",
  "fullName" : "IncidentResponseInvalidExample.OasDbIncidentResponseInvalidExample_1ibec4vrarwit.test_1iespvory4mk0_updateincident",
  "historyId" : "a2aa7a540ff1afaec3d868883959aeab",
  "time" : {
    "start" : 1640947949001,
    "stop" : 1640947949015,
    "duration" : 14
  },
  "status" : "failed",
  "statusMessage" : "OAS disconformity: Response status 422 not defined for path '/incidents/{incident_id}'.",
  "statusTrace" : "java.lang.AssertionError: OAS disconformity: Response status 422 not defined for path '/incidents/{incident_id}'.\n\tat org.junit.Assert.fail(Assert.java:89)\n\tat IncidentResponseInvalidExample.OasDbIncidentResponseInvalidExample_1ibec4vrarwit.test_1iespvory4mk0_updateincident(OasDbIncidentResponseInvalidExample_1ibec4vrarwit.java:367)\n\tat sun.reflect.NativeMethodAccessorImpl.invoke0(Native Method)\n\tat sun.reflect.NativeMethodAccessorImpl.invoke(NativeMethodAccessorImpl.java:62)\n\tat sun.reflect.DelegatingMethodAccessorImpl.invoke(DelegatingMethodAccessorImpl.java:43)\n\tat java.lang.reflect.Method.invoke(Method.java:498)\n\tat org.junit.runners.model.FrameworkMethod$1.runReflectiveCall(FrameworkMethod.java:59)\n\tat org.junit.internal.runners.model.ReflectiveCallable.run(ReflectiveCallable.java:12)\n\tat org.junit.runners.model.FrameworkMethod.invokeExplosively(FrameworkMethod.java:56)\n\tat org.junit.internal.runners.statements.InvokeMethod.evaluate(InvokeMethod.java:17)\n\tat org.junit.runners.ParentRunner$3.evaluate(ParentRunner.java:306)\n\tat org.junit.runners.BlockJUnit4ClassRunner$1.evaluate(BlockJUnit4ClassRunner.java:100)\n\tat org.junit.runners.ParentRunner.runLeaf(ParentRunner.java:366)\n\tat org.junit.runners.BlockJUnit4ClassRunner.runChild(BlockJUnit4ClassRunner.java:103)\n\tat org.junit.runners.BlockJUnit4ClassRunner.runChild(BlockJUnit4ClassRunner.java:63)\n\tat org.junit.runners.ParentRunner$4.run(ParentRunner.java:331)\n\tat org.junit.runners.ParentRunner$1.schedule(ParentRunner.java:79)\n\tat org.junit.runners.ParentRunner.runChildren(ParentRunner.java:329)\n\tat org.junit.runners.ParentRunner.access$100(ParentRunner.java:66)\n\tat org.junit.runners.ParentRunner$2.evaluate(ParentRunner.java:293)\n\tat org.junit.internal.runners.statements.RunBefores.evaluate(RunBefores.java:26)\n\tat org.junit.runners.ParentRunner$3.evaluate(ParentRunner.java:306)\n\tat org.junit.runners.ParentRunner.run(ParentRunner.java:413)\n\tat org.junit.runners.Suite.runChild(Suite.java:128)\n\tat org.junit.runners.Suite.runChild(Suite.java:27)\n\tat org.junit.runners.ParentRunner$4.run(ParentRunner.java:331)\n\tat org.junit.runners.ParentRunner$1.schedule(ParentRunner.java:79)\n\tat org.junit.runners.ParentRunner.runChildren(ParentRunner.java:329)\n\tat org.junit.runners.ParentRunner.access$100(ParentRunner.java:66)\n\tat org.junit.runners.ParentRunner$2.evaluate(ParentRunner.java:293)\n\tat org.junit.runners.ParentRunner$3.evaluate(ParentRunner.java:306)\n\tat org.junit.runners.ParentRunner.run(ParentRunner.java:413)\n\tat org.junit.runner.JUnitCore.run(JUnitCore.java:137)\n\tat org.junit.runner.JUnitCore.run(JUnitCore.java:115)\n\tat org.junit.runner.JUnitCore.run(JUnitCore.java:105)\n\tat org.junit.runner.JUnitCore.run(JUnitCore.java:94)\n\tat es.us.isa.restest.runners.RESTestRunner.testExecution(RESTestRunner.java:127)\n\tat es.us.isa.restest.runners.RESTestRunner.run(RESTestRunner.java:72)\n\tat es.us.isa.restest.main.TestGenerationAndExecution.main(TestGenerationAndExecution.java:148)\n",
  "flaky" : false,
  "newFailed" : false,
  "beforeStages" : [ ],
  "testStage" : {
    "status" : "failed",
    "statusMessage" : "OAS disconformity: Response status 422 not defined for path '/incidents/{incident_id}'.",
    "statusTrace" : "java.lang.AssertionError: OAS disconformity: Response status 422 not defined for path '/incidents/{incident_id}'.\n\tat org.junit.Assert.fail(Assert.java:89)\n\tat IncidentResponseInvalidExample.OasDbIncidentResponseInvalidExample_1ibec4vrarwit.test_1iespvory4mk0_updateincident(OasDbIncidentResponseInvalidExample_1ibec4vrarwit.java:367)\n\tat sun.reflect.NativeMethodAccessorImpl.invoke0(Native Method)\n\tat sun.reflect.NativeMethodAccessorImpl.invoke(NativeMethodAccessorImpl.java:62)\n\tat sun.reflect.DelegatingMethodAccessorImpl.invoke(DelegatingMethodAccessorImpl.java:43)\n\tat java.lang.reflect.Method.invoke(Method.java:498)\n\tat org.junit.runners.model.FrameworkMethod$1.runReflectiveCall(FrameworkMethod.java:59)\n\tat org.junit.internal.runners.model.ReflectiveCallable.run(ReflectiveCallable.java:12)\n\tat org.junit.runners.model.FrameworkMethod.invokeExplosively(FrameworkMethod.java:56)\n\tat org.junit.internal.runners.statements.InvokeMethod.evaluate(InvokeMethod.java:17)\n\tat org.junit.runners.ParentRunner$3.evaluate(ParentRunner.java:306)\n\tat org.junit.runners.BlockJUnit4ClassRunner$1.evaluate(BlockJUnit4ClassRunner.java:100)\n\tat org.junit.runners.ParentRunner.runLeaf(ParentRunner.java:366)\n\tat org.junit.runners.BlockJUnit4ClassRunner.runChild(BlockJUnit4ClassRunner.java:103)\n\tat org.junit.runners.BlockJUnit4ClassRunner.runChild(BlockJUnit4ClassRunner.java:63)\n\tat org.junit.runners.ParentRunner$4.run(ParentRunner.java:331)\n\tat org.junit.runners.ParentRunner$1.schedule(ParentRunner.java:79)\n\tat org.junit.runners.ParentRunner.runChildren(ParentRunner.java:329)\n\tat org.junit.runners.ParentRunner.access$100(ParentRunner.java:66)\n\tat org.junit.runners.ParentRunner$2.evaluate(ParentRunner.java:293)\n\tat org.junit.internal.runners.statements.RunBefores.evaluate(RunBefores.java:26)\n\tat org.junit.runners.ParentRunner$3.evaluate(ParentRunner.java:306)\n\tat org.junit.runners.ParentRunner.run(ParentRunner.java:413)\n\tat org.junit.runners.Suite.runChild(Suite.java:128)\n\tat org.junit.runners.Suite.runChild(Suite.java:27)\n\tat org.junit.runners.ParentRunner$4.run(ParentRunner.java:331)\n\tat org.junit.runners.ParentRunner$1.schedule(ParentRunner.java:79)\n\tat org.junit.runners.ParentRunner.runChildren(ParentRunner.java:329)\n\tat org.junit.runners.ParentRunner.access$100(ParentRunner.java:66)\n\tat org.junit.runners.ParentRunner$2.evaluate(ParentRunner.java:293)\n\tat org.junit.runners.ParentRunner$3.evaluate(ParentRunner.java:306)\n\tat org.junit.runners.ParentRunner.run(ParentRunner.java:413)\n\tat org.junit.runner.JUnitCore.run(JUnitCore.java:137)\n\tat org.junit.runner.JUnitCore.run(JUnitCore.java:115)\n\tat org.junit.runner.JUnitCore.run(JUnitCore.java:105)\n\tat org.junit.runner.JUnitCore.run(JUnitCore.java:94)\n\tat es.us.isa.restest.runners.RESTestRunner.testExecution(RESTestRunner.java:127)\n\tat es.us.isa.restest.runners.RESTestRunner.run(RESTestRunner.java:72)\n\tat es.us.isa.restest.main.TestGenerationAndExecution.main(TestGenerationAndExecution.java:148)\n",
    "steps" : [ ],
    "attachments" : [ {
      "uid" : "73fd1540e5d87cbb",
      "name" : "Request",
      "source" : "73fd1540e5d87cbb.html",
      "type" : "text/html",
      "size" : 519
    }, {
      "uid" : "ab23d0673dca0bb2",
      "name" : "HTTP/1.1 422 Unprocessable Entity",
      "source" : "ab23d0673dca0bb2.html",
      "type" : "text/html",
      "size" : 546
    } ],
    "parameters" : [ ],
    "stepsCount" : 0,
    "attachmentsCount" : 2,
    "shouldDisplayMessage" : true,
    "hasContent" : true
  },
  "afterStages" : [ ],
  "labels" : [ {
    "name" : "package",
    "value" : "IncidentResponseInvalidExample"
  }, {
    "name" : "testClass",
    "value" : "IncidentResponseInvalidExample.OasDbIncidentResponseInvalidExample_1ibec4vrarwit"
  }, {
    "name" : "testMethod",
    "value" : "test_1iespvory4mk0_updateincident"
  }, {
    "name" : "suite",
    "value" : "IncidentResponseInvalidExample.OasDbIncidentResponseInvalidExample_1ibec4vrarwit"
  }, {
    "name" : "host",
    "value" : "Alexs-MacBook-Pro-2.local"
  }, {
    "name" : "thread",
    "value" : "67256@Alexs-MacBook-Pro-2.local.main(1)"
  }, {
    "name" : "framework",
    "value" : "junit4"
  }, {
    "name" : "language",
    "value" : "java"
  }, {
    "name" : "resultFormat",
    "value" : "allure2"
  } ],
  "parameters" : [ ],
  "links" : [ ],
  "hidden" : false,
  "retry" : false,
  "extra" : {
    "severity" : "normal",
    "retries" : [ ],
    "categories" : [ {
      "name" : "SEVERITY 1: Disconformity with OAS",
      "messageRegex" : "OAS disconformity.*",
      "matchedStatuses" : [ "failed" ],
      "flaky" : false
    } ],
    "history" : {
      "statistic" : {
        "failed" : 8,
        "broken" : 0,
        "skipped" : 0,
        "passed" : 0,
        "unknown" : 0,
        "total" : 8
      },
      "items" : [ {
        "uid" : "f874ccc5ded9ea76",
        "status" : "failed",
        "statusDetails" : "OAS disconformity: Response status 422 not defined for path '/incidents/{incident_id}'.",
        "time" : {
          "start" : 1640947949001,
          "stop" : 1640947949015,
          "duration" : 14
        }
      }, {
        "uid" : "f24df1f894613555",
        "status" : "failed",
        "statusDetails" : "OAS disconformity: Response status 422 not defined for path '/incidents/{incident_id}'.",
        "time" : {
          "start" : 1640947949001,
          "stop" : 1640947949015,
          "duration" : 14
        }
      }, {
        "uid" : "36cc88af20ccdcab",
        "status" : "failed",
        "statusDetails" : "OAS disconformity: Response status 422 not defined for path '/incidents/{incident_id}'.",
        "time" : {
          "start" : 1640947949001,
          "stop" : 1640947949015,
          "duration" : 14
        }
      }, {
        "uid" : "9ffb77af427d0ac9",
        "status" : "failed",
        "statusDetails" : "OAS disconformity: Response status 422 not defined for path '/incidents/{incident_id}'.",
        "time" : {
          "start" : 1640947949001,
          "stop" : 1640947949015,
          "duration" : 14
        }
      }, {
        "uid" : "c47d2262f507645f",
        "status" : "failed",
        "statusDetails" : "OAS disconformity: Response status 422 not defined for path '/incidents/{incident_id}'.",
        "time" : {
          "start" : 1640947949001,
          "stop" : 1640947949015,
          "duration" : 14
        }
      }, {
        "uid" : "48c7abfbe9373296",
        "status" : "failed",
        "statusDetails" : "OAS disconformity: Response status 422 not defined for path '/incidents/{incident_id}'.",
        "time" : {
          "start" : 1640947949001,
          "stop" : 1640947949015,
          "duration" : 14
        }
      }, {
        "uid" : "815e9576ef43a85f",
        "status" : "failed",
        "statusDetails" : "OAS disconformity: Response status 422 not defined for path '/incidents/{incident_id}'.",
        "time" : {
          "start" : 1640947949001,
          "stop" : 1640947949015,
          "duration" : 14
        }
      } ]
    },
    "tags" : [ ]
  },
  "source" : "5dc34694f2b587a.json",
  "parameterValues" : [ ]
}