{
  "uid" : "3a842a05e7d523ae",
  "name" : "test_1jei7cdxcat7n_createincident",
  "fullName" : "IncidentResponsePayloadMissingKey.OasDbIncidentResponsePayloadMissingKey_rhr802trbyat.test_1jei7cdxcat7n_createincident",
  "historyId" : "170bb5b3cd27fa113e39a878aa225567",
  "time" : {
    "start" : 1640931681617,
    "stop" : 1640931681633,
    "duration" : 16
  },
  "status" : "failed",
  "statusMessage" : "Status code 5XX.",
  "statusTrace" : "java.lang.AssertionError: Status code 5XX.\n\tat org.junit.Assert.fail(Assert.java:89)\n\tat IncidentResponsePayloadMissingKey.OasDbIncidentResponsePayloadMissingKey_rhr802trbyat.test_1jei7cdxcat7n_createincident(OasDbIncidentResponsePayloadMissingKey_rhr802trbyat.java:72)\n\tat sun.reflect.NativeMethodAccessorImpl.invoke0(Native Method)\n\tat sun.reflect.NativeMethodAccessorImpl.invoke(NativeMethodAccessorImpl.java:62)\n\tat sun.reflect.DelegatingMethodAccessorImpl.invoke(DelegatingMethodAccessorImpl.java:43)\n\tat java.lang.reflect.Method.invoke(Method.java:498)\n\tat org.junit.runners.model.FrameworkMethod$1.runReflectiveCall(FrameworkMethod.java:59)\n\tat org.junit.internal.runners.model.ReflectiveCallable.run(ReflectiveCallable.java:12)\n\tat org.junit.runners.model.FrameworkMethod.invokeExplosively(FrameworkMethod.java:56)\n\tat org.junit.internal.runners.statements.InvokeMethod.evaluate(InvokeMethod.java:17)\n\tat org.junit.runners.ParentRunner$3.evaluate(ParentRunner.java:306)\n\tat org.junit.runners.BlockJUnit4ClassRunner$1.evaluate(BlockJUnit4ClassRunner.java:100)\n\tat org.junit.runners.ParentRunner.runLeaf(ParentRunner.java:366)\n\tat org.junit.runners.BlockJUnit4ClassRunner.runChild(BlockJUnit4ClassRunner.java:103)\n\tat org.junit.runners.BlockJUnit4ClassRunner.runChild(BlockJUnit4ClassRunner.java:63)\n\tat org.junit.runners.ParentRunner$4.run(ParentRunner.java:331)\n\tat org.junit.runners.ParentRunner$1.schedule(ParentRunner.java:79)\n\tat org.junit.runners.ParentRunner.runChildren(ParentRunner.java:329)\n\tat org.junit.runners.ParentRunner.access$100(ParentRunner.java:66)\n\tat org.junit.runners.ParentRunner$2.evaluate(ParentRunner.java:293)\n\tat org.junit.internal.runners.statements.RunBefores.evaluate(RunBefores.java:26)\n\tat org.junit.runners.ParentRunner$3.evaluate(ParentRunner.java:306)\n\tat org.junit.runners.ParentRunner.run(ParentRunner.java:413)\n\tat org.junit.runners.Suite.runChild(Suite.java:128)\n\tat org.junit.runners.Suite.runChild(Suite.java:27)\n\tat org.junit.runners.ParentRunner$4.run(ParentRunner.java:331)\n\tat org.junit.runners.ParentRunner$1.schedule(ParentRunner.java:79)\n\tat org.junit.runners.ParentRunner.runChildren(ParentRunner.java:329)\n\tat org.junit.runners.ParentRunner.access$100(ParentRunner.java:66)\n\tat org.junit.runners.ParentRunner$2.evaluate(ParentRunner.java:293)\n\tat org.junit.runners.ParentRunner$3.evaluate(ParentRunner.java:306)\n\tat org.junit.runners.ParentRunner.run(ParentRunner.java:413)\n\tat org.junit.runner.JUnitCore.run(JUnitCore.java:137)\n\tat org.junit.runner.JUnitCore.run(JUnitCore.java:115)\n\tat org.junit.runner.JUnitCore.run(JUnitCore.java:105)\n\tat org.junit.runner.JUnitCore.run(JUnitCore.java:94)\n\tat es.us.isa.restest.runners.RESTestRunner.testExecution(RESTestRunner.java:127)\n\tat es.us.isa.restest.runners.RESTestRunner.run(RESTestRunner.java:72)\n\tat es.us.isa.restest.main.TestGenerationAndExecution.main(TestGenerationAndExecution.java:148)\n",
  "flaky" : false,
  "newFailed" : false,
  "beforeStages" : [ ],
  "testStage" : {
    "status" : "failed",
    "statusMessage" : "Status code 5XX.",
    "statusTrace" : "java.lang.AssertionError: Status code 5XX.\n\tat org.junit.Assert.fail(Assert.java:89)\n\tat IncidentResponsePayloadMissingKey.OasDbIncidentResponsePayloadMissingKey_rhr802trbyat.test_1jei7cdxcat7n_createincident(OasDbIncidentResponsePayloadMissingKey_rhr802trbyat.java:72)\n\tat sun.reflect.NativeMethodAccessorImpl.invoke0(Native Method)\n\tat sun.reflect.NativeMethodAccessorImpl.invoke(NativeMethodAccessorImpl.java:62)\n\tat sun.reflect.DelegatingMethodAccessorImpl.invoke(DelegatingMethodAccessorImpl.java:43)\n\tat java.lang.reflect.Method.invoke(Method.java:498)\n\tat org.junit.runners.model.FrameworkMethod$1.runReflectiveCall(FrameworkMethod.java:59)\n\tat org.junit.internal.runners.model.ReflectiveCallable.run(ReflectiveCallable.java:12)\n\tat org.junit.runners.model.FrameworkMethod.invokeExplosively(FrameworkMethod.java:56)\n\tat org.junit.internal.runners.statements.InvokeMethod.evaluate(InvokeMethod.java:17)\n\tat org.junit.runners.ParentRunner$3.evaluate(ParentRunner.java:306)\n\tat org.junit.runners.BlockJUnit4ClassRunner$1.evaluate(BlockJUnit4ClassRunner.java:100)\n\tat org.junit.runners.ParentRunner.runLeaf(ParentRunner.java:366)\n\tat org.junit.runners.BlockJUnit4ClassRunner.runChild(BlockJUnit4ClassRunner.java:103)\n\tat org.junit.runners.BlockJUnit4ClassRunner.runChild(BlockJUnit4ClassRunner.java:63)\n\tat org.junit.runners.ParentRunner$4.run(ParentRunner.java:331)\n\tat org.junit.runners.ParentRunner$1.schedule(ParentRunner.java:79)\n\tat org.junit.runners.ParentRunner.runChildren(ParentRunner.java:329)\n\tat org.junit.runners.ParentRunner.access$100(ParentRunner.java:66)\n\tat org.junit.runners.ParentRunner$2.evaluate(ParentRunner.java:293)\n\tat org.junit.internal.runners.statements.RunBefores.evaluate(RunBefores.java:26)\n\tat org.junit.runners.ParentRunner$3.evaluate(ParentRunner.java:306)\n\tat org.junit.runners.ParentRunner.run(ParentRunner.java:413)\n\tat org.junit.runners.Suite.runChild(Suite.java:128)\n\tat org.junit.runners.Suite.runChild(Suite.java:27)\n\tat org.junit.runners.ParentRunner$4.run(ParentRunner.java:331)\n\tat org.junit.runners.ParentRunner$1.schedule(ParentRunner.java:79)\n\tat org.junit.runners.ParentRunner.runChildren(ParentRunner.java:329)\n\tat org.junit.runners.ParentRunner.access$100(ParentRunner.java:66)\n\tat org.junit.runners.ParentRunner$2.evaluate(ParentRunner.java:293)\n\tat org.junit.runners.ParentRunner$3.evaluate(ParentRunner.java:306)\n\tat org.junit.runners.ParentRunner.run(ParentRunner.java:413)\n\tat org.junit.runner.JUnitCore.run(JUnitCore.java:137)\n\tat org.junit.runner.JUnitCore.run(JUnitCore.java:115)\n\tat org.junit.runner.JUnitCore.run(JUnitCore.java:105)\n\tat org.junit.runner.JUnitCore.run(JUnitCore.java:94)\n\tat es.us.isa.restest.runners.RESTestRunner.testExecution(RESTestRunner.java:127)\n\tat es.us.isa.restest.runners.RESTestRunner.run(RESTestRunner.java:72)\n\tat es.us.isa.restest.main.TestGenerationAndExecution.main(TestGenerationAndExecution.java:148)\n",
    "steps" : [ ],
    "attachments" : [ {
      "uid" : "a63e1764d0ccf1f2",
      "name" : "Request",
      "source" : "a63e1764d0ccf1f2.html",
      "type" : "text/html",
      "size" : 621
    }, {
      "uid" : "682812102ee88843",
      "name" : "HTTP/1.1 500 Internal Server Error",
      "source" : "682812102ee88843.html",
      "type" : "text/html",
      "size" : 651
    } ],
    "parameters" : [ ],
    "stepsCount" : 0,
    "attachmentsCount" : 2,
    "shouldDisplayMessage" : true,
    "hasContent" : true
  },
  "afterStages" : [ ],
  "labels" : [ {
    "name" : "package",
    "value" : "IncidentResponsePayloadMissingKey"
  }, {
    "name" : "testClass",
    "value" : "IncidentResponsePayloadMissingKey.OasDbIncidentResponsePayloadMissingKey_rhr802trbyat"
  }, {
    "name" : "testMethod",
    "value" : "test_1jei7cdxcat7n_createincident"
  }, {
    "name" : "suite",
    "value" : "IncidentResponsePayloadMissingKey.OasDbIncidentResponsePayloadMissingKey_rhr802trbyat"
  }, {
    "name" : "host",
    "value" : "Alexs-MacBook-Pro-2.local"
  }, {
    "name" : "thread",
    "value" : "57806@Alexs-MacBook-Pro-2.local.main(1)"
  }, {
    "name" : "framework",
    "value" : "junit4"
  }, {
    "name" : "language",
    "value" : "java"
  }, {
    "name" : "resultFormat",
    "value" : "allure2"
  } ],
  "parameters" : [ ],
  "links" : [ ],
  "hidden" : false,
  "retry" : false,
  "extra" : {
    "severity" : "normal",
    "retries" : [ ],
    "categories" : [ {
      "name" : "SEVERITY 2: Status 5XX",
      "messageRegex" : "Status code 5XX.",
      "matchedStatuses" : [ "failed" ],
      "flaky" : false
    } ],
    "history" : {
      "statistic" : {
        "failed" : 8,
        "broken" : 0,
        "skipped" : 0,
        "passed" : 0,
        "unknown" : 0,
        "total" : 8
      },
      "items" : [ {
        "uid" : "8f750fbe26989148",
        "status" : "failed",
        "statusDetails" : "Status code 5XX.",
        "time" : {
          "start" : 1640931681617,
          "stop" : 1640931681633,
          "duration" : 16
        }
      }, {
        "uid" : "7e4b1877b140dbed",
        "status" : "failed",
        "statusDetails" : "Status code 5XX.",
        "time" : {
          "start" : 1640931681617,
          "stop" : 1640931681633,
          "duration" : 16
        }
      }, {
        "uid" : "4292a83fc8a9ea44",
        "status" : "failed",
        "statusDetails" : "Status code 5XX.",
        "time" : {
          "start" : 1640931681617,
          "stop" : 1640931681633,
          "duration" : 16
        }
      }, {
        "uid" : "c19ec601bfdb6bea",
        "status" : "failed",
        "statusDetails" : "Status code 5XX.",
        "time" : {
          "start" : 1640931681617,
          "stop" : 1640931681633,
          "duration" : 16
        }
      }, {
        "uid" : "bf825de88169fd8",
        "status" : "failed",
        "statusDetails" : "Status code 5XX.",
        "time" : {
          "start" : 1640931681617,
          "stop" : 1640931681633,
          "duration" : 16
        }
      }, {
        "uid" : "8b0fd81fd8cc07e7",
        "status" : "failed",
        "statusDetails" : "Status code 5XX.",
        "time" : {
          "start" : 1640931681617,
          "stop" : 1640931681633,
          "duration" : 16
        }
      }, {
        "uid" : "2bd18a87803f3ac",
        "status" : "failed",
        "statusDetails" : "Status code 5XX.",
        "time" : {
          "start" : 1640931681617,
          "stop" : 1640931681633,
          "duration" : 16
        }
      } ]
    },
    "tags" : [ ]
  },
  "source" : "3a842a05e7d523ae.json",
  "parameterValues" : [ ]
}