{
  "uid" : "d128a819149dbed2",
  "name" : "test_urxgbdktrjna_updateproject",
  "fullName" : "ProjectManagementPayloadMissingKey.OasDbProjectManagementPayloadMissingKey_1hr5f1mfzxoa9.test_urxgbdktrjna_updateproject",
  "historyId" : "752bd2be100d58c8b152f83548c91887",
  "time" : {
    "start" : 1640929070007,
    "stop" : 1640929070021,
    "duration" : 14
  },
  "status" : "failed",
  "statusMessage" : "Status code 5XX.",
  "statusTrace" : "java.lang.AssertionError: Status code 5XX.\n\tat org.junit.Assert.fail(Assert.java:89)\n\tat ProjectManagementPayloadMissingKey.OasDbProjectManagementPayloadMissingKey_1hr5f1mfzxoa9.test_urxgbdktrjna_updateproject(OasDbProjectManagementPayloadMissingKey_1hr5f1mfzxoa9.java:401)\n\tat sun.reflect.NativeMethodAccessorImpl.invoke0(Native Method)\n\tat sun.reflect.NativeMethodAccessorImpl.invoke(NativeMethodAccessorImpl.java:62)\n\tat sun.reflect.DelegatingMethodAccessorImpl.invoke(DelegatingMethodAccessorImpl.java:43)\n\tat java.lang.reflect.Method.invoke(Method.java:498)\n\tat org.junit.runners.model.FrameworkMethod$1.runReflectiveCall(FrameworkMethod.java:59)\n\tat org.junit.internal.runners.model.ReflectiveCallable.run(ReflectiveCallable.java:12)\n\tat org.junit.runners.model.FrameworkMethod.invokeExplosively(FrameworkMethod.java:56)\n\tat org.junit.internal.runners.statements.InvokeMethod.evaluate(InvokeMethod.java:17)\n\tat org.junit.runners.ParentRunner$3.evaluate(ParentRunner.java:306)\n\tat org.junit.runners.BlockJUnit4ClassRunner$1.evaluate(BlockJUnit4ClassRunner.java:100)\n\tat org.junit.runners.ParentRunner.runLeaf(ParentRunner.java:366)\n\tat org.junit.runners.BlockJUnit4ClassRunner.runChild(BlockJUnit4ClassRunner.java:103)\n\tat org.junit.runners.BlockJUnit4ClassRunner.runChild(BlockJUnit4ClassRunner.java:63)\n\tat org.junit.runners.ParentRunner$4.run(ParentRunner.java:331)\n\tat org.junit.runners.ParentRunner$1.schedule(ParentRunner.java:79)\n\tat org.junit.runners.ParentRunner.runChildren(ParentRunner.java:329)\n\tat org.junit.runners.ParentRunner.access$100(ParentRunner.java:66)\n\tat org.junit.runners.ParentRunner$2.evaluate(ParentRunner.java:293)\n\tat org.junit.internal.runners.statements.RunBefores.evaluate(RunBefores.java:26)\n\tat org.junit.runners.ParentRunner$3.evaluate(ParentRunner.java:306)\n\tat org.junit.runners.ParentRunner.run(ParentRunner.java:413)\n\tat org.junit.runners.Suite.runChild(Suite.java:128)\n\tat org.junit.runners.Suite.runChild(Suite.java:27)\n\tat org.junit.runners.ParentRunner$4.run(ParentRunner.java:331)\n\tat org.junit.runners.ParentRunner$1.schedule(ParentRunner.java:79)\n\tat org.junit.runners.ParentRunner.runChildren(ParentRunner.java:329)\n\tat org.junit.runners.ParentRunner.access$100(ParentRunner.java:66)\n\tat org.junit.runners.ParentRunner$2.evaluate(ParentRunner.java:293)\n\tat org.junit.runners.ParentRunner$3.evaluate(ParentRunner.java:306)\n\tat org.junit.runners.ParentRunner.run(ParentRunner.java:413)\n\tat org.junit.runner.JUnitCore.run(JUnitCore.java:137)\n\tat org.junit.runner.JUnitCore.run(JUnitCore.java:115)\n\tat org.junit.runner.JUnitCore.run(JUnitCore.java:105)\n\tat org.junit.runner.JUnitCore.run(JUnitCore.java:94)\n\tat es.us.isa.restest.runners.RESTestRunner.testExecution(RESTestRunner.java:127)\n\tat es.us.isa.restest.runners.RESTestRunner.run(RESTestRunner.java:72)\n\tat es.us.isa.restest.main.TestGenerationAndExecution.main(TestGenerationAndExecution.java:148)\n",
  "flaky" : false,
  "newFailed" : false,
  "beforeStages" : [ ],
  "testStage" : {
    "status" : "failed",
    "statusMessage" : "Status code 5XX.",
    "statusTrace" : "java.lang.AssertionError: Status code 5XX.\n\tat org.junit.Assert.fail(Assert.java:89)\n\tat ProjectManagementPayloadMissingKey.OasDbProjectManagementPayloadMissingKey_1hr5f1mfzxoa9.test_urxgbdktrjna_updateproject(OasDbProjectManagementPayloadMissingKey_1hr5f1mfzxoa9.java:401)\n\tat sun.reflect.NativeMethodAccessorImpl.invoke0(Native Method)\n\tat sun.reflect.NativeMethodAccessorImpl.invoke(NativeMethodAccessorImpl.java:62)\n\tat sun.reflect.DelegatingMethodAccessorImpl.invoke(DelegatingMethodAccessorImpl.java:43)\n\tat java.lang.reflect.Method.invoke(Method.java:498)\n\tat org.junit.runners.model.FrameworkMethod$1.runReflectiveCall(FrameworkMethod.java:59)\n\tat org.junit.internal.runners.model.ReflectiveCallable.run(ReflectiveCallable.java:12)\n\tat org.junit.runners.model.FrameworkMethod.invokeExplosively(FrameworkMethod.java:56)\n\tat org.junit.internal.runners.statements.InvokeMethod.evaluate(InvokeMethod.java:17)\n\tat org.junit.runners.ParentRunner$3.evaluate(ParentRunner.java:306)\n\tat org.junit.runners.BlockJUnit4ClassRunner$1.evaluate(BlockJUnit4ClassRunner.java:100)\n\tat org.junit.runners.ParentRunner.runLeaf(ParentRunner.java:366)\n\tat org.junit.runners.BlockJUnit4ClassRunner.runChild(BlockJUnit4ClassRunner.java:103)\n\tat org.junit.runners.BlockJUnit4ClassRunner.runChild(BlockJUnit4ClassRunner.java:63)\n\tat org.junit.runners.ParentRunner$4.run(ParentRunner.java:331)\n\tat org.junit.runners.ParentRunner$1.schedule(ParentRunner.java:79)\n\tat org.junit.runners.ParentRunner.runChildren(ParentRunner.java:329)\n\tat org.junit.runners.ParentRunner.access$100(ParentRunner.java:66)\n\tat org.junit.runners.ParentRunner$2.evaluate(ParentRunner.java:293)\n\tat org.junit.internal.runners.statements.RunBefores.evaluate(RunBefores.java:26)\n\tat org.junit.runners.ParentRunner$3.evaluate(ParentRunner.java:306)\n\tat org.junit.runners.ParentRunner.run(ParentRunner.java:413)\n\tat org.junit.runners.Suite.runChild(Suite.java:128)\n\tat org.junit.runners.Suite.runChild(Suite.java:27)\n\tat org.junit.runners.ParentRunner$4.run(ParentRunner.java:331)\n\tat org.junit.runners.ParentRunner$1.schedule(ParentRunner.java:79)\n\tat org.junit.runners.ParentRunner.runChildren(ParentRunner.java:329)\n\tat org.junit.runners.ParentRunner.access$100(ParentRunner.java:66)\n\tat org.junit.runners.ParentRunner$2.evaluate(ParentRunner.java:293)\n\tat org.junit.runners.ParentRunner$3.evaluate(ParentRunner.java:306)\n\tat org.junit.runners.ParentRunner.run(ParentRunner.java:413)\n\tat org.junit.runner.JUnitCore.run(JUnitCore.java:137)\n\tat org.junit.runner.JUnitCore.run(JUnitCore.java:115)\n\tat org.junit.runner.JUnitCore.run(JUnitCore.java:105)\n\tat org.junit.runner.JUnitCore.run(JUnitCore.java:94)\n\tat es.us.isa.restest.runners.RESTestRunner.testExecution(RESTestRunner.java:127)\n\tat es.us.isa.restest.runners.RESTestRunner.run(RESTestRunner.java:72)\n\tat es.us.isa.restest.main.TestGenerationAndExecution.main(TestGenerationAndExecution.java:148)\n",
    "steps" : [ ],
    "attachments" : [ {
      "uid" : "1601d34cfdd554d4",
      "name" : "Request",
      "source" : "1601d34cfdd554d4.html",
      "type" : "text/html",
      "size" : 495
    }, {
      "uid" : "eda9fb35c1b6d687",
      "name" : "HTTP/1.1 500 Internal Server Error",
      "source" : "eda9fb35c1b6d687.html",
      "type" : "text/html",
      "size" : 651
    } ],
    "parameters" : [ ],
    "stepsCount" : 0,
    "attachmentsCount" : 2,
    "shouldDisplayMessage" : true,
    "hasContent" : true
  },
  "afterStages" : [ ],
  "labels" : [ {
    "name" : "package",
    "value" : "ProjectManagementPayloadMissingKey"
  }, {
    "name" : "testClass",
    "value" : "ProjectManagementPayloadMissingKey.OasDbProjectManagementPayloadMissingKey_1hr5f1mfzxoa9"
  }, {
    "name" : "testMethod",
    "value" : "test_urxgbdktrjna_updateproject"
  }, {
    "name" : "suite",
    "value" : "ProjectManagementPayloadMissingKey.OasDbProjectManagementPayloadMissingKey_1hr5f1mfzxoa9"
  }, {
    "name" : "host",
    "value" : "Alexs-MacBook-Pro-2.local"
  }, {
    "name" : "thread",
    "value" : "56366@Alexs-MacBook-Pro-2.local.main(1)"
  }, {
    "name" : "framework",
    "value" : "junit4"
  }, {
    "name" : "language",
    "value" : "java"
  }, {
    "name" : "resultFormat",
    "value" : "allure2"
  } ],
  "parameters" : [ ],
  "links" : [ ],
  "hidden" : false,
  "retry" : false,
  "extra" : {
    "severity" : "normal",
    "retries" : [ ],
    "categories" : [ {
      "name" : "SEVERITY 2: Status 5XX",
      "messageRegex" : "Status code 5XX.",
      "matchedStatuses" : [ "failed" ],
      "flaky" : false
    } ],
    "history" : {
      "statistic" : {
        "failed" : 10,
        "broken" : 0,
        "skipped" : 0,
        "passed" : 0,
        "unknown" : 0,
        "total" : 10
      },
      "items" : [ {
        "uid" : "30270616346968c7",
        "status" : "failed",
        "statusDetails" : "Status code 5XX.",
        "time" : {
          "start" : 1640929070007,
          "stop" : 1640929070021,
          "duration" : 14
        }
      }, {
        "uid" : "8a7e8a379f6a6f1b",
        "status" : "failed",
        "statusDetails" : "Status code 5XX.",
        "time" : {
          "start" : 1640929070007,
          "stop" : 1640929070021,
          "duration" : 14
        }
      }, {
        "uid" : "57e541370bf46a63",
        "status" : "failed",
        "statusDetails" : "Status code 5XX.",
        "time" : {
          "start" : 1640929070007,
          "stop" : 1640929070021,
          "duration" : 14
        }
      }, {
        "uid" : "f6f223975c2df7b7",
        "status" : "failed",
        "statusDetails" : "Status code 5XX.",
        "time" : {
          "start" : 1640929070007,
          "stop" : 1640929070021,
          "duration" : 14
        }
      }, {
        "uid" : "f59457f3e3f34494",
        "status" : "failed",
        "statusDetails" : "Status code 5XX.",
        "time" : {
          "start" : 1640929070007,
          "stop" : 1640929070021,
          "duration" : 14
        }
      }, {
        "uid" : "5b08fc3c1cd4f653",
        "status" : "failed",
        "statusDetails" : "Status code 5XX.",
        "time" : {
          "start" : 1640929070007,
          "stop" : 1640929070021,
          "duration" : 14
        }
      }, {
        "uid" : "29908612a13a34ee",
        "status" : "failed",
        "statusDetails" : "Status code 5XX.",
        "time" : {
          "start" : 1640929070007,
          "stop" : 1640929070021,
          "duration" : 14
        }
      }, {
        "uid" : "b58f8c9f7dd3197b",
        "status" : "failed",
        "statusDetails" : "Status code 5XX.",
        "time" : {
          "start" : 1640929070007,
          "stop" : 1640929070021,
          "duration" : 14
        }
      }, {
        "uid" : "5967343b3a1da845",
        "status" : "failed",
        "statusDetails" : "Status code 5XX.",
        "time" : {
          "start" : 1640929070007,
          "stop" : 1640929070021,
          "duration" : 14
        }
      } ]
    },
    "tags" : [ ]
  },
  "source" : "d128a819149dbed2.json",
  "parameterValues" : [ ]
}