{
  "uid" : "3583a079ae7f4a43",
  "name" : "test_rl2dgpxav86w_updateproject",
  "fullName" : "ProjectManagementPayloadExtraKey.OasDbProjectManagementPayloadExtraKey_qdss8af3po38.test_rl2dgpxav86w_updateproject",
  "historyId" : "7e50d278b6fb893e9be371c60282b021",
  "time" : {
    "start" : 1640933055742,
    "stop" : 1640933055756,
    "duration" : 14
  },
  "status" : "failed",
  "statusMessage" : "OAS disconformity: Response status 422 not defined for path '/projects/{project_id}'.",
  "statusTrace" : "java.lang.AssertionError: OAS disconformity: Response status 422 not defined for path '/projects/{project_id}'.\n\tat org.junit.Assert.fail(Assert.java:89)\n\tat ProjectManagementPayloadExtraKey.OasDbProjectManagementPayloadExtraKey_qdss8af3po38.test_rl2dgpxav86w_updateproject(OasDbProjectManagementPayloadExtraKey_qdss8af3po38.java:333)\n\tat sun.reflect.NativeMethodAccessorImpl.invoke0(Native Method)\n\tat sun.reflect.NativeMethodAccessorImpl.invoke(NativeMethodAccessorImpl.java:62)\n\tat sun.reflect.DelegatingMethodAccessorImpl.invoke(DelegatingMethodAccessorImpl.java:43)\n\tat java.lang.reflect.Method.invoke(Method.java:498)\n\tat org.junit.runners.model.FrameworkMethod$1.runReflectiveCall(FrameworkMethod.java:59)\n\tat org.junit.internal.runners.model.ReflectiveCallable.run(ReflectiveCallable.java:12)\n\tat org.junit.runners.model.FrameworkMethod.invokeExplosively(FrameworkMethod.java:56)\n\tat org.junit.internal.runners.statements.InvokeMethod.evaluate(InvokeMethod.java:17)\n\tat org.junit.runners.ParentRunner$3.evaluate(ParentRunner.java:306)\n\tat org.junit.runners.BlockJUnit4ClassRunner$1.evaluate(BlockJUnit4ClassRunner.java:100)\n\tat org.junit.runners.ParentRunner.runLeaf(ParentRunner.java:366)\n\tat org.junit.runners.BlockJUnit4ClassRunner.runChild(BlockJUnit4ClassRunner.java:103)\n\tat org.junit.runners.BlockJUnit4ClassRunner.runChild(BlockJUnit4ClassRunner.java:63)\n\tat org.junit.runners.ParentRunner$4.run(ParentRunner.java:331)\n\tat org.junit.runners.ParentRunner$1.schedule(ParentRunner.java:79)\n\tat org.junit.runners.ParentRunner.runChildren(ParentRunner.java:329)\n\tat org.junit.runners.ParentRunner.access$100(ParentRunner.java:66)\n\tat org.junit.runners.ParentRunner$2.evaluate(ParentRunner.java:293)\n\tat org.junit.internal.runners.statements.RunBefores.evaluate(RunBefores.java:26)\n\tat org.junit.runners.ParentRunner$3.evaluate(ParentRunner.java:306)\n\tat org.junit.runners.ParentRunner.run(ParentRunner.java:413)\n\tat org.junit.runners.Suite.runChild(Suite.java:128)\n\tat org.junit.runners.Suite.runChild(Suite.java:27)\n\tat org.junit.runners.ParentRunner$4.run(ParentRunner.java:331)\n\tat org.junit.runners.ParentRunner$1.schedule(ParentRunner.java:79)\n\tat org.junit.runners.ParentRunner.runChildren(ParentRunner.java:329)\n\tat org.junit.runners.ParentRunner.access$100(ParentRunner.java:66)\n\tat org.junit.runners.ParentRunner$2.evaluate(ParentRunner.java:293)\n\tat org.junit.runners.ParentRunner$3.evaluate(ParentRunner.java:306)\n\tat org.junit.runners.ParentRunner.run(ParentRunner.java:413)\n\tat org.junit.runner.JUnitCore.run(JUnitCore.java:137)\n\tat org.junit.runner.JUnitCore.run(JUnitCore.java:115)\n\tat org.junit.runner.JUnitCore.run(JUnitCore.java:105)\n\tat org.junit.runner.JUnitCore.run(JUnitCore.java:94)\n\tat es.us.isa.restest.runners.RESTestRunner.testExecution(RESTestRunner.java:127)\n\tat es.us.isa.restest.runners.RESTestRunner.run(RESTestRunner.java:72)\n\tat es.us.isa.restest.main.TestGenerationAndExecution.main(TestGenerationAndExecution.java:148)\n",
  "flaky" : false,
  "newFailed" : false,
  "beforeStages" : [ ],
  "testStage" : {
    "status" : "failed",
    "statusMessage" : "OAS disconformity: Response status 422 not defined for path '/projects/{project_id}'.",
    "statusTrace" : "java.lang.AssertionError: OAS disconformity: Response status 422 not defined for path '/projects/{project_id}'.\n\tat org.junit.Assert.fail(Assert.java:89)\n\tat ProjectManagementPayloadExtraKey.OasDbProjectManagementPayloadExtraKey_qdss8af3po38.test_rl2dgpxav86w_updateproject(OasDbProjectManagementPayloadExtraKey_qdss8af3po38.java:333)\n\tat sun.reflect.NativeMethodAccessorImpl.invoke0(Native Method)\n\tat sun.reflect.NativeMethodAccessorImpl.invoke(NativeMethodAccessorImpl.java:62)\n\tat sun.reflect.DelegatingMethodAccessorImpl.invoke(DelegatingMethodAccessorImpl.java:43)\n\tat java.lang.reflect.Method.invoke(Method.java:498)\n\tat org.junit.runners.model.FrameworkMethod$1.runReflectiveCall(FrameworkMethod.java:59)\n\tat org.junit.internal.runners.model.ReflectiveCallable.run(ReflectiveCallable.java:12)\n\tat org.junit.runners.model.FrameworkMethod.invokeExplosively(FrameworkMethod.java:56)\n\tat org.junit.internal.runners.statements.InvokeMethod.evaluate(InvokeMethod.java:17)\n\tat org.junit.runners.ParentRunner$3.evaluate(ParentRunner.java:306)\n\tat org.junit.runners.BlockJUnit4ClassRunner$1.evaluate(BlockJUnit4ClassRunner.java:100)\n\tat org.junit.runners.ParentRunner.runLeaf(ParentRunner.java:366)\n\tat org.junit.runners.BlockJUnit4ClassRunner.runChild(BlockJUnit4ClassRunner.java:103)\n\tat org.junit.runners.BlockJUnit4ClassRunner.runChild(BlockJUnit4ClassRunner.java:63)\n\tat org.junit.runners.ParentRunner$4.run(ParentRunner.java:331)\n\tat org.junit.runners.ParentRunner$1.schedule(ParentRunner.java:79)\n\tat org.junit.runners.ParentRunner.runChildren(ParentRunner.java:329)\n\tat org.junit.runners.ParentRunner.access$100(ParentRunner.java:66)\n\tat org.junit.runners.ParentRunner$2.evaluate(ParentRunner.java:293)\n\tat org.junit.internal.runners.statements.RunBefores.evaluate(RunBefores.java:26)\n\tat org.junit.runners.ParentRunner$3.evaluate(ParentRunner.java:306)\n\tat org.junit.runners.ParentRunner.run(ParentRunner.java:413)\n\tat org.junit.runners.Suite.runChild(Suite.java:128)\n\tat org.junit.runners.Suite.runChild(Suite.java:27)\n\tat org.junit.runners.ParentRunner$4.run(ParentRunner.java:331)\n\tat org.junit.runners.ParentRunner$1.schedule(ParentRunner.java:79)\n\tat org.junit.runners.ParentRunner.runChildren(ParentRunner.java:329)\n\tat org.junit.runners.ParentRunner.access$100(ParentRunner.java:66)\n\tat org.junit.runners.ParentRunner$2.evaluate(ParentRunner.java:293)\n\tat org.junit.runners.ParentRunner$3.evaluate(ParentRunner.java:306)\n\tat org.junit.runners.ParentRunner.run(ParentRunner.java:413)\n\tat org.junit.runner.JUnitCore.run(JUnitCore.java:137)\n\tat org.junit.runner.JUnitCore.run(JUnitCore.java:115)\n\tat org.junit.runner.JUnitCore.run(JUnitCore.java:105)\n\tat org.junit.runner.JUnitCore.run(JUnitCore.java:94)\n\tat es.us.isa.restest.runners.RESTestRunner.testExecution(RESTestRunner.java:127)\n\tat es.us.isa.restest.runners.RESTestRunner.run(RESTestRunner.java:72)\n\tat es.us.isa.restest.main.TestGenerationAndExecution.main(TestGenerationAndExecution.java:148)\n",
    "steps" : [ ],
    "attachments" : [ {
      "uid" : "a336c93c5b88f4a0",
      "name" : "Request",
      "source" : "a336c93c5b88f4a0.html",
      "type" : "text/html",
      "size" : 481
    }, {
      "uid" : "17ddc10aaedbe121",
      "name" : "HTTP/1.1 422 Unprocessable Entity",
      "source" : "17ddc10aaedbe121.html",
      "type" : "text/html",
      "size" : 546
    } ],
    "parameters" : [ ],
    "stepsCount" : 0,
    "attachmentsCount" : 2,
    "shouldDisplayMessage" : true,
    "hasContent" : true
  },
  "afterStages" : [ ],
  "labels" : [ {
    "name" : "package",
    "value" : "ProjectManagementPayloadExtraKey"
  }, {
    "name" : "testClass",
    "value" : "ProjectManagementPayloadExtraKey.OasDbProjectManagementPayloadExtraKey_qdss8af3po38"
  }, {
    "name" : "testMethod",
    "value" : "test_rl2dgpxav86w_updateproject"
  }, {
    "name" : "suite",
    "value" : "ProjectManagementPayloadExtraKey.OasDbProjectManagementPayloadExtraKey_qdss8af3po38"
  }, {
    "name" : "host",
    "value" : "Alexs-MacBook-Pro-2.local"
  }, {
    "name" : "thread",
    "value" : "58538@Alexs-MacBook-Pro-2.local.main(1)"
  }, {
    "name" : "framework",
    "value" : "junit4"
  }, {
    "name" : "language",
    "value" : "java"
  }, {
    "name" : "resultFormat",
    "value" : "allure2"
  } ],
  "parameters" : [ ],
  "links" : [ ],
  "hidden" : false,
  "retry" : false,
  "extra" : {
    "severity" : "normal",
    "retries" : [ ],
    "categories" : [ {
      "name" : "SEVERITY 1: Disconformity with OAS",
      "messageRegex" : "OAS disconformity.*",
      "matchedStatuses" : [ "failed" ],
      "flaky" : false
    } ],
    "history" : {
      "statistic" : {
        "failed" : 7,
        "broken" : 0,
        "skipped" : 0,
        "passed" : 0,
        "unknown" : 0,
        "total" : 7
      },
      "items" : [ {
        "uid" : "53fead80a0832a43",
        "status" : "failed",
        "statusDetails" : "OAS disconformity: Response status 422 not defined for path '/projects/{project_id}'.",
        "time" : {
          "start" : 1640933055742,
          "stop" : 1640933055756,
          "duration" : 14
        }
      }, {
        "uid" : "cfece836a3effadc",
        "status" : "failed",
        "statusDetails" : "OAS disconformity: Response status 422 not defined for path '/projects/{project_id}'.",
        "time" : {
          "start" : 1640933055742,
          "stop" : 1640933055756,
          "duration" : 14
        }
      }, {
        "uid" : "15122be90a9cfc4c",
        "status" : "failed",
        "statusDetails" : "OAS disconformity: Response status 422 not defined for path '/projects/{project_id}'.",
        "time" : {
          "start" : 1640933055742,
          "stop" : 1640933055756,
          "duration" : 14
        }
      }, {
        "uid" : "28546633ab7c5ad7",
        "status" : "failed",
        "statusDetails" : "OAS disconformity: Response status 422 not defined for path '/projects/{project_id}'.",
        "time" : {
          "start" : 1640933055742,
          "stop" : 1640933055756,
          "duration" : 14
        }
      }, {
        "uid" : "e21eff96be5323ee",
        "status" : "failed",
        "statusDetails" : "OAS disconformity: Response status 422 not defined for path '/projects/{project_id}'.",
        "time" : {
          "start" : 1640933055742,
          "stop" : 1640933055756,
          "duration" : 14
        }
      }, {
        "uid" : "3e6ba13804d1c7e4",
        "status" : "failed",
        "statusDetails" : "OAS disconformity: Response status 422 not defined for path '/projects/{project_id}'.",
        "time" : {
          "start" : 1640933055742,
          "stop" : 1640933055756,
          "duration" : 14
        }
      } ]
    },
    "tags" : [ ]
  },
  "source" : "3583a079ae7f4a43.json",
  "parameterValues" : [ ]
}