{
  "uid" : "f93d228802ec6b1e",
  "name" : "test_uv8lfz03g01f_createproject",
  "fullName" : "ProjectManagementPayloadExtraKey.OasDbProjectManagementPayloadExtraKey_qxtvjryf2fcg.test_uv8lfz03g01f_createproject",
  "historyId" : "ca7fd0ab0a6bd87453ebd38a97c68dfc",
  "time" : {
    "start" : 1640932915218,
    "stop" : 1640932915231,
    "duration" : 13
  },
  "status" : "failed",
  "statusMessage" : "OAS disconformity: Response status 422 not defined for path '/projects'.",
  "statusTrace" : "java.lang.AssertionError: OAS disconformity: Response status 422 not defined for path '/projects'.\n\tat org.junit.Assert.fail(Assert.java:89)\n\tat ProjectManagementPayloadExtraKey.OasDbProjectManagementPayloadExtraKey_qxtvjryf2fcg.test_uv8lfz03g01f_createproject(OasDbProjectManagementPayloadExtraKey_qxtvjryf2fcg.java:171)\n\tat sun.reflect.NativeMethodAccessorImpl.invoke0(Native Method)\n\tat sun.reflect.NativeMethodAccessorImpl.invoke(NativeMethodAccessorImpl.java:62)\n\tat sun.reflect.DelegatingMethodAccessorImpl.invoke(DelegatingMethodAccessorImpl.java:43)\n\tat java.lang.reflect.Method.invoke(Method.java:498)\n\tat org.junit.runners.model.FrameworkMethod$1.runReflectiveCall(FrameworkMethod.java:59)\n\tat org.junit.internal.runners.model.ReflectiveCallable.run(ReflectiveCallable.java:12)\n\tat org.junit.runners.model.FrameworkMethod.invokeExplosively(FrameworkMethod.java:56)\n\tat org.junit.internal.runners.statements.InvokeMethod.evaluate(InvokeMethod.java:17)\n\tat org.junit.runners.ParentRunner$3.evaluate(ParentRunner.java:306)\n\tat org.junit.runners.BlockJUnit4ClassRunner$1.evaluate(BlockJUnit4ClassRunner.java:100)\n\tat org.junit.runners.ParentRunner.runLeaf(ParentRunner.java:366)\n\tat org.junit.runners.BlockJUnit4ClassRunner.runChild(BlockJUnit4ClassRunner.java:103)\n\tat org.junit.runners.BlockJUnit4ClassRunner.runChild(BlockJUnit4ClassRunner.java:63)\n\tat org.junit.runners.ParentRunner$4.run(ParentRunner.java:331)\n\tat org.junit.runners.ParentRunner$1.schedule(ParentRunner.java:79)\n\tat org.junit.runners.ParentRunner.runChildren(ParentRunner.java:329)\n\tat org.junit.runners.ParentRunner.access$100(ParentRunner.java:66)\n\tat org.junit.runners.ParentRunner$2.evaluate(ParentRunner.java:293)\n\tat org.junit.internal.runners.statements.RunBefores.evaluate(RunBefores.java:26)\n\tat org.junit.runners.ParentRunner$3.evaluate(ParentRunner.java:306)\n\tat org.junit.runners.ParentRunner.run(ParentRunner.java:413)\n\tat org.junit.runners.Suite.runChild(Suite.java:128)\n\tat org.junit.runners.Suite.runChild(Suite.java:27)\n\tat org.junit.runners.ParentRunner$4.run(ParentRunner.java:331)\n\tat org.junit.runners.ParentRunner$1.schedule(ParentRunner.java:79)\n\tat org.junit.runners.ParentRunner.runChildren(ParentRunner.java:329)\n\tat org.junit.runners.ParentRunner.access$100(ParentRunner.java:66)\n\tat org.junit.runners.ParentRunner$2.evaluate(ParentRunner.java:293)\n\tat org.junit.runners.ParentRunner$3.evaluate(ParentRunner.java:306)\n\tat org.junit.runners.ParentRunner.run(ParentRunner.java:413)\n\tat org.junit.runner.JUnitCore.run(JUnitCore.java:137)\n\tat org.junit.runner.JUnitCore.run(JUnitCore.java:115)\n\tat org.junit.runner.JUnitCore.run(JUnitCore.java:105)\n\tat org.junit.runner.JUnitCore.run(JUnitCore.java:94)\n\tat es.us.isa.restest.runners.RESTestRunner.testExecution(RESTestRunner.java:127)\n\tat es.us.isa.restest.runners.RESTestRunner.run(RESTestRunner.java:72)\n\tat es.us.isa.restest.main.TestGenerationAndExecution.main(TestGenerationAndExecution.java:148)\n",
  "flaky" : false,
  "newFailed" : false,
  "beforeStages" : [ ],
  "testStage" : {
    "status" : "failed",
    "statusMessage" : "OAS disconformity: Response status 422 not defined for path '/projects'.",
    "statusTrace" : "java.lang.AssertionError: OAS disconformity: Response status 422 not defined for path '/projects'.\n\tat org.junit.Assert.fail(Assert.java:89)\n\tat ProjectManagementPayloadExtraKey.OasDbProjectManagementPayloadExtraKey_qxtvjryf2fcg.test_uv8lfz03g01f_createproject(OasDbProjectManagementPayloadExtraKey_qxtvjryf2fcg.java:171)\n\tat sun.reflect.NativeMethodAccessorImpl.invoke0(Native Method)\n\tat sun.reflect.NativeMethodAccessorImpl.invoke(NativeMethodAccessorImpl.java:62)\n\tat sun.reflect.DelegatingMethodAccessorImpl.invoke(DelegatingMethodAccessorImpl.java:43)\n\tat java.lang.reflect.Method.invoke(Method.java:498)\n\tat org.junit.runners.model.FrameworkMethod$1.runReflectiveCall(FrameworkMethod.java:59)\n\tat org.junit.internal.runners.model.ReflectiveCallable.run(ReflectiveCallable.java:12)\n\tat org.junit.runners.model.FrameworkMethod.invokeExplosively(FrameworkMethod.java:56)\n\tat org.junit.internal.runners.statements.InvokeMethod.evaluate(InvokeMethod.java:17)\n\tat org.junit.runners.ParentRunner$3.evaluate(ParentRunner.java:306)\n\tat org.junit.runners.BlockJUnit4ClassRunner$1.evaluate(BlockJUnit4ClassRunner.java:100)\n\tat org.junit.runners.ParentRunner.runLeaf(ParentRunner.java:366)\n\tat org.junit.runners.BlockJUnit4ClassRunner.runChild(BlockJUnit4ClassRunner.java:103)\n\tat org.junit.runners.BlockJUnit4ClassRunner.runChild(BlockJUnit4ClassRunner.java:63)\n\tat org.junit.runners.ParentRunner$4.run(ParentRunner.java:331)\n\tat org.junit.runners.ParentRunner$1.schedule(ParentRunner.java:79)\n\tat org.junit.runners.ParentRunner.runChildren(ParentRunner.java:329)\n\tat org.junit.runners.ParentRunner.access$100(ParentRunner.java:66)\n\tat org.junit.runners.ParentRunner$2.evaluate(ParentRunner.java:293)\n\tat org.junit.internal.runners.statements.RunBefores.evaluate(RunBefores.java:26)\n\tat org.junit.runners.ParentRunner$3.evaluate(ParentRunner.java:306)\n\tat org.junit.runners.ParentRunner.run(ParentRunner.java:413)\n\tat org.junit.runners.Suite.runChild(Suite.java:128)\n\tat org.junit.runners.Suite.runChild(Suite.java:27)\n\tat org.junit.runners.ParentRunner$4.run(ParentRunner.java:331)\n\tat org.junit.runners.ParentRunner$1.schedule(ParentRunner.java:79)\n\tat org.junit.runners.ParentRunner.runChildren(ParentRunner.java:329)\n\tat org.junit.runners.ParentRunner.access$100(ParentRunner.java:66)\n\tat org.junit.runners.ParentRunner$2.evaluate(ParentRunner.java:293)\n\tat org.junit.runners.ParentRunner$3.evaluate(ParentRunner.java:306)\n\tat org.junit.runners.ParentRunner.run(ParentRunner.java:413)\n\tat org.junit.runner.JUnitCore.run(JUnitCore.java:137)\n\tat org.junit.runner.JUnitCore.run(JUnitCore.java:115)\n\tat org.junit.runner.JUnitCore.run(JUnitCore.java:105)\n\tat org.junit.runner.JUnitCore.run(JUnitCore.java:94)\n\tat es.us.isa.restest.runners.RESTestRunner.testExecution(RESTestRunner.java:127)\n\tat es.us.isa.restest.runners.RESTestRunner.run(RESTestRunner.java:72)\n\tat es.us.isa.restest.main.TestGenerationAndExecution.main(TestGenerationAndExecution.java:148)\n",
    "steps" : [ ],
    "attachments" : [ {
      "uid" : "b7342669358a5be",
      "name" : "Request",
      "source" : "b7342669358a5be.html",
      "type" : "text/html",
      "size" : 631
    }, {
      "uid" : "9c4b343b55bab43f",
      "name" : "HTTP/1.1 422 Unprocessable Entity",
      "source" : "9c4b343b55bab43f.html",
      "type" : "text/html",
      "size" : 546
    } ],
    "parameters" : [ ],
    "stepsCount" : 0,
    "attachmentsCount" : 2,
    "shouldDisplayMessage" : true,
    "hasContent" : true
  },
  "afterStages" : [ ],
  "labels" : [ {
    "name" : "package",
    "value" : "ProjectManagementPayloadExtraKey"
  }, {
    "name" : "testClass",
    "value" : "ProjectManagementPayloadExtraKey.OasDbProjectManagementPayloadExtraKey_qxtvjryf2fcg"
  }, {
    "name" : "testMethod",
    "value" : "test_uv8lfz03g01f_createproject"
  }, {
    "name" : "suite",
    "value" : "ProjectManagementPayloadExtraKey.OasDbProjectManagementPayloadExtraKey_qxtvjryf2fcg"
  }, {
    "name" : "host",
    "value" : "Alexs-MacBook-Pro-2.local"
  }, {
    "name" : "thread",
    "value" : "58538@Alexs-MacBook-Pro-2.local.main(1)"
  }, {
    "name" : "framework",
    "value" : "junit4"
  }, {
    "name" : "language",
    "value" : "java"
  }, {
    "name" : "resultFormat",
    "value" : "allure2"
  } ],
  "parameters" : [ ],
  "links" : [ ],
  "hidden" : false,
  "retry" : false,
  "extra" : {
    "severity" : "normal",
    "retries" : [ ],
    "categories" : [ {
      "name" : "SEVERITY 1: Disconformity with OAS",
      "messageRegex" : "OAS disconformity.*",
      "matchedStatuses" : [ "failed" ],
      "flaky" : false
    } ],
    "history" : {
      "statistic" : {
        "failed" : 9,
        "broken" : 0,
        "skipped" : 0,
        "passed" : 0,
        "unknown" : 0,
        "total" : 9
      },
      "items" : [ {
        "uid" : "97478ad9675e41d2",
        "status" : "failed",
        "statusDetails" : "OAS disconformity: Response status 422 not defined for path '/projects'.",
        "time" : {
          "start" : 1640932915218,
          "stop" : 1640932915231,
          "duration" : 13
        }
      }, {
        "uid" : "6eb70f5d31e1bf36",
        "status" : "failed",
        "statusDetails" : "OAS disconformity: Response status 422 not defined for path '/projects'.",
        "time" : {
          "start" : 1640932915218,
          "stop" : 1640932915231,
          "duration" : 13
        }
      }, {
        "uid" : "3d040a1a7fc1f8e8",
        "status" : "failed",
        "statusDetails" : "OAS disconformity: Response status 422 not defined for path '/projects'.",
        "time" : {
          "start" : 1640932915218,
          "stop" : 1640932915231,
          "duration" : 13
        }
      }, {
        "uid" : "25875688ec5edfd6",
        "status" : "failed",
        "statusDetails" : "OAS disconformity: Response status 422 not defined for path '/projects'.",
        "time" : {
          "start" : 1640932915218,
          "stop" : 1640932915231,
          "duration" : 13
        }
      }, {
        "uid" : "e5d2244bab53e9a9",
        "status" : "failed",
        "statusDetails" : "OAS disconformity: Response status 422 not defined for path '/projects'.",
        "time" : {
          "start" : 1640932915218,
          "stop" : 1640932915231,
          "duration" : 13
        }
      }, {
        "uid" : "4140fde937298487",
        "status" : "failed",
        "statusDetails" : "OAS disconformity: Response status 422 not defined for path '/projects'.",
        "time" : {
          "start" : 1640932915218,
          "stop" : 1640932915231,
          "duration" : 13
        }
      }, {
        "uid" : "7c84838624802bcb",
        "status" : "failed",
        "statusDetails" : "OAS disconformity: Response status 422 not defined for path '/projects'.",
        "time" : {
          "start" : 1640932915218,
          "stop" : 1640932915231,
          "duration" : 13
        }
      }, {
        "uid" : "1bc3fbfeb2ed0de2",
        "status" : "failed",
        "statusDetails" : "OAS disconformity: Response status 422 not defined for path '/projects'.",
        "time" : {
          "start" : 1640932915218,
          "stop" : 1640932915231,
          "duration" : 13
        }
      } ]
    },
    "tags" : [ ]
  },
  "source" : "f93d228802ec6b1e.json",
  "parameterValues" : [ ]
}