{
  "uid" : "4f3f58402745c8a2",
  "name" : "test_rl52i1s8c7dt_createincident",
  "fullName" : "IncidentResponsePayloadExtraKey.OasDbIncidentResponsePayloadExtraKey_s4uoaxpcfu5g.test_rl52i1s8c7dt_createincident",
  "historyId" : "db0113b028ba6a8530028fca6ade9ed",
  "time" : {
    "start" : 1640937974437,
    "stop" : 1640937974451,
    "duration" : 14
  },
  "status" : "failed",
  "statusMessage" : "OAS disconformity: Response status 422 not defined for path '/incidents'.",
  "statusTrace" : "java.lang.AssertionError: OAS disconformity: Response status 422 not defined for path '/incidents'.\n\tat org.junit.Assert.fail(Assert.java:89)\n\tat IncidentResponsePayloadExtraKey.OasDbIncidentResponsePayloadExtraKey_s4uoaxpcfu5g.test_rl52i1s8c7dt_createincident(OasDbIncidentResponsePayloadExtraKey_s4uoaxpcfu5g.java:138)\n\tat sun.reflect.NativeMethodAccessorImpl.invoke0(Native Method)\n\tat sun.reflect.NativeMethodAccessorImpl.invoke(NativeMethodAccessorImpl.java:62)\n\tat sun.reflect.DelegatingMethodAccessorImpl.invoke(DelegatingMethodAccessorImpl.java:43)\n\tat java.lang.reflect.Method.invoke(Method.java:498)\n\tat org.junit.runners.model.FrameworkMethod$1.runReflectiveCall(FrameworkMethod.java:59)\n\tat org.junit.internal.runners.model.ReflectiveCallable.run(ReflectiveCallable.java:12)\n\tat org.junit.runners.model.FrameworkMethod.invokeExplosively(FrameworkMethod.java:56)\n\tat org.junit.internal.runners.statements.InvokeMethod.evaluate(InvokeMethod.java:17)\n\tat org.junit.runners.ParentRunner$3.evaluate(ParentRunner.java:306)\n\tat org.junit.runners.BlockJUnit4ClassRunner$1.evaluate(BlockJUnit4ClassRunner.java:100)\n\tat org.junit.runners.ParentRunner.runLeaf(ParentRunner.java:366)\n\tat org.junit.runners.BlockJUnit4ClassRunner.runChild(BlockJUnit4ClassRunner.java:103)\n\tat org.junit.runners.BlockJUnit4ClassRunner.runChild(BlockJUnit4ClassRunner.java:63)\n\tat org.junit.runners.ParentRunner$4.run(ParentRunner.java:331)\n\tat org.junit.runners.ParentRunner$1.schedule(ParentRunner.java:79)\n\tat org.junit.runners.ParentRunner.runChildren(ParentRunner.java:329)\n\tat org.junit.runners.ParentRunner.access$100(ParentRunner.java:66)\n\tat org.junit.runners.ParentRunner$2.evaluate(ParentRunner.java:293)\n\tat org.junit.internal.runners.statements.RunBefores.evaluate(RunBefores.java:26)\n\tat org.junit.runners.ParentRunner$3.evaluate(ParentRunner.java:306)\n\tat org.junit.runners.ParentRunner.run(ParentRunner.java:413)\n\tat org.junit.runners.Suite.runChild(Suite.java:128)\n\tat org.junit.runners.Suite.runChild(Suite.java:27)\n\tat org.junit.runners.ParentRunner$4.run(ParentRunner.java:331)\n\tat org.junit.runners.ParentRunner$1.schedule(ParentRunner.java:79)\n\tat org.junit.runners.ParentRunner.runChildren(ParentRunner.java:329)\n\tat org.junit.runners.ParentRunner.access$100(ParentRunner.java:66)\n\tat org.junit.runners.ParentRunner$2.evaluate(ParentRunner.java:293)\n\tat org.junit.runners.ParentRunner$3.evaluate(ParentRunner.java:306)\n\tat org.junit.runners.ParentRunner.run(ParentRunner.java:413)\n\tat org.junit.runner.JUnitCore.run(JUnitCore.java:137)\n\tat org.junit.runner.JUnitCore.run(JUnitCore.java:115)\n\tat org.junit.runner.JUnitCore.run(JUnitCore.java:105)\n\tat org.junit.runner.JUnitCore.run(JUnitCore.java:94)\n\tat es.us.isa.restest.runners.RESTestRunner.testExecution(RESTestRunner.java:127)\n\tat es.us.isa.restest.runners.RESTestRunner.run(RESTestRunner.java:72)\n\tat es.us.isa.restest.main.TestGenerationAndExecution.main(TestGenerationAndExecution.java:148)\n",
  "flaky" : false,
  "newFailed" : false,
  "beforeStages" : [ ],
  "testStage" : {
    "status" : "failed",
    "statusMessage" : "OAS disconformity: Response status 422 not defined for path '/incidents'.",
    "statusTrace" : "java.lang.AssertionError: OAS disconformity: Response status 422 not defined for path '/incidents'.\n\tat org.junit.Assert.fail(Assert.java:89)\n\tat IncidentResponsePayloadExtraKey.OasDbIncidentResponsePayloadExtraKey_s4uoaxpcfu5g.test_rl52i1s8c7dt_createincident(OasDbIncidentResponsePayloadExtraKey_s4uoaxpcfu5g.java:138)\n\tat sun.reflect.NativeMethodAccessorImpl.invoke0(Native Method)\n\tat sun.reflect.NativeMethodAccessorImpl.invoke(NativeMethodAccessorImpl.java:62)\n\tat sun.reflect.DelegatingMethodAccessorImpl.invoke(DelegatingMethodAccessorImpl.java:43)\n\tat java.lang.reflect.Method.invoke(Method.java:498)\n\tat org.junit.runners.model.FrameworkMethod$1.runReflectiveCall(FrameworkMethod.java:59)\n\tat org.junit.internal.runners.model.ReflectiveCallable.run(ReflectiveCallable.java:12)\n\tat org.junit.runners.model.FrameworkMethod.invokeExplosively(FrameworkMethod.java:56)\n\tat org.junit.internal.runners.statements.InvokeMethod.evaluate(InvokeMethod.java:17)\n\tat org.junit.runners.ParentRunner$3.evaluate(ParentRunner.java:306)\n\tat org.junit.runners.BlockJUnit4ClassRunner$1.evaluate(BlockJUnit4ClassRunner.java:100)\n\tat org.junit.runners.ParentRunner.runLeaf(ParentRunner.java:366)\n\tat org.junit.runners.BlockJUnit4ClassRunner.runChild(BlockJUnit4ClassRunner.java:103)\n\tat org.junit.runners.BlockJUnit4ClassRunner.runChild(BlockJUnit4ClassRunner.java:63)\n\tat org.junit.runners.ParentRunner$4.run(ParentRunner.java:331)\n\tat org.junit.runners.ParentRunner$1.schedule(ParentRunner.java:79)\n\tat org.junit.runners.ParentRunner.runChildren(ParentRunner.java:329)\n\tat org.junit.runners.ParentRunner.access$100(ParentRunner.java:66)\n\tat org.junit.runners.ParentRunner$2.evaluate(ParentRunner.java:293)\n\tat org.junit.internal.runners.statements.RunBefores.evaluate(RunBefores.java:26)\n\tat org.junit.runners.ParentRunner$3.evaluate(ParentRunner.java:306)\n\tat org.junit.runners.ParentRunner.run(ParentRunner.java:413)\n\tat org.junit.runners.Suite.runChild(Suite.java:128)\n\tat org.junit.runners.Suite.runChild(Suite.java:27)\n\tat org.junit.runners.ParentRunner$4.run(ParentRunner.java:331)\n\tat org.junit.runners.ParentRunner$1.schedule(ParentRunner.java:79)\n\tat org.junit.runners.ParentRunner.runChildren(ParentRunner.java:329)\n\tat org.junit.runners.ParentRunner.access$100(ParentRunner.java:66)\n\tat org.junit.runners.ParentRunner$2.evaluate(ParentRunner.java:293)\n\tat org.junit.runners.ParentRunner$3.evaluate(ParentRunner.java:306)\n\tat org.junit.runners.ParentRunner.run(ParentRunner.java:413)\n\tat org.junit.runner.JUnitCore.run(JUnitCore.java:137)\n\tat org.junit.runner.JUnitCore.run(JUnitCore.java:115)\n\tat org.junit.runner.JUnitCore.run(JUnitCore.java:105)\n\tat org.junit.runner.JUnitCore.run(JUnitCore.java:94)\n\tat es.us.isa.restest.runners.RESTestRunner.testExecution(RESTestRunner.java:127)\n\tat es.us.isa.restest.runners.RESTestRunner.run(RESTestRunner.java:72)\n\tat es.us.isa.restest.main.TestGenerationAndExecution.main(TestGenerationAndExecution.java:148)\n",
    "steps" : [ ],
    "attachments" : [ {
      "uid" : "e426394e7cc038e4",
      "name" : "Request",
      "source" : "e426394e7cc038e4.html",
      "type" : "text/html",
      "size" : 547
    }, {
      "uid" : "10b3b048bc93eb18",
      "name" : "HTTP/1.1 422 Unprocessable Entity",
      "source" : "10b3b048bc93eb18.html",
      "type" : "text/html",
      "size" : 546
    } ],
    "parameters" : [ ],
    "stepsCount" : 0,
    "attachmentsCount" : 2,
    "shouldDisplayMessage" : true,
    "hasContent" : true
  },
  "afterStages" : [ ],
  "labels" : [ {
    "name" : "package",
    "value" : "IncidentResponsePayloadExtraKey"
  }, {
    "name" : "testClass",
    "value" : "IncidentResponsePayloadExtraKey.OasDbIncidentResponsePayloadExtraKey_s4uoaxpcfu5g"
  }, {
    "name" : "testMethod",
    "value" : "test_rl52i1s8c7dt_createincident"
  }, {
    "name" : "suite",
    "value" : "IncidentResponsePayloadExtraKey.OasDbIncidentResponsePayloadExtraKey_s4uoaxpcfu5g"
  }, {
    "name" : "host",
    "value" : "Alexs-MacBook-Pro-2.local"
  }, {
    "name" : "thread",
    "value" : "61431@Alexs-MacBook-Pro-2.local.main(1)"
  }, {
    "name" : "framework",
    "value" : "junit4"
  }, {
    "name" : "language",
    "value" : "java"
  }, {
    "name" : "resultFormat",
    "value" : "allure2"
  } ],
  "parameters" : [ ],
  "links" : [ ],
  "hidden" : false,
  "retry" : false,
  "extra" : {
    "severity" : "normal",
    "retries" : [ ],
    "categories" : [ {
      "name" : "SEVERITY 1: Disconformity with OAS",
      "messageRegex" : "OAS disconformity.*",
      "matchedStatuses" : [ "failed" ],
      "flaky" : false
    } ],
    "history" : {
      "statistic" : {
        "failed" : 8,
        "broken" : 0,
        "skipped" : 0,
        "passed" : 0,
        "unknown" : 0,
        "total" : 8
      },
      "items" : [ {
        "uid" : "f8336a4b6edb0f15",
        "status" : "failed",
        "statusDetails" : "OAS disconformity: Response status 422 not defined for path '/incidents'.",
        "time" : {
          "start" : 1640937974437,
          "stop" : 1640937974451,
          "duration" : 14
        }
      }, {
        "uid" : "5e85751a4297be23",
        "status" : "failed",
        "statusDetails" : "OAS disconformity: Response status 422 not defined for path '/incidents'.",
        "time" : {
          "start" : 1640937974437,
          "stop" : 1640937974451,
          "duration" : 14
        }
      }, {
        "uid" : "b485641a8367104",
        "status" : "failed",
        "statusDetails" : "OAS disconformity: Response status 422 not defined for path '/incidents'.",
        "time" : {
          "start" : 1640937974437,
          "stop" : 1640937974451,
          "duration" : 14
        }
      }, {
        "uid" : "203c9d13c37f08e7",
        "status" : "failed",
        "statusDetails" : "OAS disconformity: Response status 422 not defined for path '/incidents'.",
        "time" : {
          "start" : 1640937974437,
          "stop" : 1640937974451,
          "duration" : 14
        }
      }, {
        "uid" : "f1574f0cef606023",
        "status" : "failed",
        "statusDetails" : "OAS disconformity: Response status 422 not defined for path '/incidents'.",
        "time" : {
          "start" : 1640937974437,
          "stop" : 1640937974451,
          "duration" : 14
        }
      }, {
        "uid" : "ee1f675608a973d3",
        "status" : "failed",
        "statusDetails" : "OAS disconformity: Response status 422 not defined for path '/incidents'.",
        "time" : {
          "start" : 1640937974437,
          "stop" : 1640937974451,
          "duration" : 14
        }
      }, {
        "uid" : "15f1c9aaf72891eb",
        "status" : "failed",
        "statusDetails" : "OAS disconformity: Response status 422 not defined for path '/incidents'.",
        "time" : {
          "start" : 1640937974437,
          "stop" : 1640937974451,
          "duration" : 14
        }
      } ]
    },
    "tags" : [ ]
  },
  "source" : "4f3f58402745c8a2.json",
  "parameterValues" : [ ]
}