{
  "uid" : "53f07d083721b3c8",
  "name" : "test_1h7x0y1jd3886_readincident",
  "fullName" : "IncidentResponsePayloadExtraKey.OasDbIncidentResponsePayloadExtraKey_1iunoxf625qus.test_1h7x0y1jd3886_readincident",
  "historyId" : "b0eb1fb36d24e0adbbfbb55bfc08c249",
  "time" : {
    "start" : 1640938022129,
    "stop" : 1640938022145,
    "duration" : 16
  },
  "status" : "failed",
  "statusMessage" : "OAS disconformity: Instance failed to match all required schemas (matched only 0 out of 2) --- Object instance has properties which are not allowed by the schema: [\"assignee_id\";\"id\";\"service_id\";\"title\"]",
  "statusTrace" : "java.lang.AssertionError: OAS disconformity: Instance failed to match all required schemas (matched only 0 out of 2) --- Object instance has properties which are not allowed by the schema: [\"assignee_id\";\"id\";\"service_id\";\"title\"]\n\tat org.junit.Assert.fail(Assert.java:89)\n\tat IncidentResponsePayloadExtraKey.OasDbIncidentResponsePayloadExtraKey_1iunoxf625qus.test_1h7x0y1jd3886_readincident(OasDbIncidentResponsePayloadExtraKey_1iunoxf625qus.java:299)\n\tat sun.reflect.NativeMethodAccessorImpl.invoke0(Native Method)\n\tat sun.reflect.NativeMethodAccessorImpl.invoke(NativeMethodAccessorImpl.java:62)\n\tat sun.reflect.DelegatingMethodAccessorImpl.invoke(DelegatingMethodAccessorImpl.java:43)\n\tat java.lang.reflect.Method.invoke(Method.java:498)\n\tat org.junit.runners.model.FrameworkMethod$1.runReflectiveCall(FrameworkMethod.java:59)\n\tat org.junit.internal.runners.model.ReflectiveCallable.run(ReflectiveCallable.java:12)\n\tat org.junit.runners.model.FrameworkMethod.invokeExplosively(FrameworkMethod.java:56)\n\tat org.junit.internal.runners.statements.InvokeMethod.evaluate(InvokeMethod.java:17)\n\tat org.junit.runners.ParentRunner$3.evaluate(ParentRunner.java:306)\n\tat org.junit.runners.BlockJUnit4ClassRunner$1.evaluate(BlockJUnit4ClassRunner.java:100)\n\tat org.junit.runners.ParentRunner.runLeaf(ParentRunner.java:366)\n\tat org.junit.runners.BlockJUnit4ClassRunner.runChild(BlockJUnit4ClassRunner.java:103)\n\tat org.junit.runners.BlockJUnit4ClassRunner.runChild(BlockJUnit4ClassRunner.java:63)\n\tat org.junit.runners.ParentRunner$4.run(ParentRunner.java:331)\n\tat org.junit.runners.ParentRunner$1.schedule(ParentRunner.java:79)\n\tat org.junit.runners.ParentRunner.runChildren(ParentRunner.java:329)\n\tat org.junit.runners.ParentRunner.access$100(ParentRunner.java:66)\n\tat org.junit.runners.ParentRunner$2.evaluate(ParentRunner.java:293)\n\tat org.junit.internal.runners.statements.RunBefores.evaluate(RunBefores.java:26)\n\tat org.junit.runners.ParentRunner$3.evaluate(ParentRunner.java:306)\n\tat org.junit.runners.ParentRunner.run(ParentRunner.java:413)\n\tat org.junit.runners.Suite.runChild(Suite.java:128)\n\tat org.junit.runners.Suite.runChild(Suite.java:27)\n\tat org.junit.runners.ParentRunner$4.run(ParentRunner.java:331)\n\tat org.junit.runners.ParentRunner$1.schedule(ParentRunner.java:79)\n\tat org.junit.runners.ParentRunner.runChildren(ParentRunner.java:329)\n\tat org.junit.runners.ParentRunner.access$100(ParentRunner.java:66)\n\tat org.junit.runners.ParentRunner$2.evaluate(ParentRunner.java:293)\n\tat org.junit.runners.ParentRunner$3.evaluate(ParentRunner.java:306)\n\tat org.junit.runners.ParentRunner.run(ParentRunner.java:413)\n\tat org.junit.runner.JUnitCore.run(JUnitCore.java:137)\n\tat org.junit.runner.JUnitCore.run(JUnitCore.java:115)\n\tat org.junit.runner.JUnitCore.run(JUnitCore.java:105)\n\tat org.junit.runner.JUnitCore.run(JUnitCore.java:94)\n\tat es.us.isa.restest.runners.RESTestRunner.testExecution(RESTestRunner.java:127)\n\tat es.us.isa.restest.runners.RESTestRunner.run(RESTestRunner.java:72)\n\tat es.us.isa.restest.main.TestGenerationAndExecution.main(TestGenerationAndExecution.java:148)\n",
  "flaky" : false,
  "newFailed" : false,
  "beforeStages" : [ ],
  "testStage" : {
    "status" : "failed",
    "statusMessage" : "OAS disconformity: Instance failed to match all required schemas (matched only 0 out of 2) --- Object instance has properties which are not allowed by the schema: [\"assignee_id\";\"id\";\"service_id\";\"title\"]",
    "statusTrace" : "java.lang.AssertionError: OAS disconformity: Instance failed to match all required schemas (matched only 0 out of 2) --- Object instance has properties which are not allowed by the schema: [\"assignee_id\";\"id\";\"service_id\";\"title\"]\n\tat org.junit.Assert.fail(Assert.java:89)\n\tat IncidentResponsePayloadExtraKey.OasDbIncidentResponsePayloadExtraKey_1iunoxf625qus.test_1h7x0y1jd3886_readincident(OasDbIncidentResponsePayloadExtraKey_1iunoxf625qus.java:299)\n\tat sun.reflect.NativeMethodAccessorImpl.invoke0(Native Method)\n\tat sun.reflect.NativeMethodAccessorImpl.invoke(NativeMethodAccessorImpl.java:62)\n\tat sun.reflect.DelegatingMethodAccessorImpl.invoke(DelegatingMethodAccessorImpl.java:43)\n\tat java.lang.reflect.Method.invoke(Method.java:498)\n\tat org.junit.runners.model.FrameworkMethod$1.runReflectiveCall(FrameworkMethod.java:59)\n\tat org.junit.internal.runners.model.ReflectiveCallable.run(ReflectiveCallable.java:12)\n\tat org.junit.runners.model.FrameworkMethod.invokeExplosively(FrameworkMethod.java:56)\n\tat org.junit.internal.runners.statements.InvokeMethod.evaluate(InvokeMethod.java:17)\n\tat org.junit.runners.ParentRunner$3.evaluate(ParentRunner.java:306)\n\tat org.junit.runners.BlockJUnit4ClassRunner$1.evaluate(BlockJUnit4ClassRunner.java:100)\n\tat org.junit.runners.ParentRunner.runLeaf(ParentRunner.java:366)\n\tat org.junit.runners.BlockJUnit4ClassRunner.runChild(BlockJUnit4ClassRunner.java:103)\n\tat org.junit.runners.BlockJUnit4ClassRunner.runChild(BlockJUnit4ClassRunner.java:63)\n\tat org.junit.runners.ParentRunner$4.run(ParentRunner.java:331)\n\tat org.junit.runners.ParentRunner$1.schedule(ParentRunner.java:79)\n\tat org.junit.runners.ParentRunner.runChildren(ParentRunner.java:329)\n\tat org.junit.runners.ParentRunner.access$100(ParentRunner.java:66)\n\tat org.junit.runners.ParentRunner$2.evaluate(ParentRunner.java:293)\n\tat org.junit.internal.runners.statements.RunBefores.evaluate(RunBefores.java:26)\n\tat org.junit.runners.ParentRunner$3.evaluate(ParentRunner.java:306)\n\tat org.junit.runners.ParentRunner.run(ParentRunner.java:413)\n\tat org.junit.runners.Suite.runChild(Suite.java:128)\n\tat org.junit.runners.Suite.runChild(Suite.java:27)\n\tat org.junit.runners.ParentRunner$4.run(ParentRunner.java:331)\n\tat org.junit.runners.ParentRunner$1.schedule(ParentRunner.java:79)\n\tat org.junit.runners.ParentRunner.runChildren(ParentRunner.java:329)\n\tat org.junit.runners.ParentRunner.access$100(ParentRunner.java:66)\n\tat org.junit.runners.ParentRunner$2.evaluate(ParentRunner.java:293)\n\tat org.junit.runners.ParentRunner$3.evaluate(ParentRunner.java:306)\n\tat org.junit.runners.ParentRunner.run(ParentRunner.java:413)\n\tat org.junit.runner.JUnitCore.run(JUnitCore.java:137)\n\tat org.junit.runner.JUnitCore.run(JUnitCore.java:115)\n\tat org.junit.runner.JUnitCore.run(JUnitCore.java:105)\n\tat org.junit.runner.JUnitCore.run(JUnitCore.java:94)\n\tat es.us.isa.restest.runners.RESTestRunner.testExecution(RESTestRunner.java:127)\n\tat es.us.isa.restest.runners.RESTestRunner.run(RESTestRunner.java:72)\n\tat es.us.isa.restest.main.TestGenerationAndExecution.main(TestGenerationAndExecution.java:148)\n",
    "steps" : [ ],
    "attachments" : [ {
      "uid" : "b74fb94369a77ffe",
      "name" : "Request",
      "source" : "b74fb94369a77ffe.html",
      "type" : "text/html",
      "size" : 229
    }, {
      "uid" : "be440a19b548d237",
      "name" : "HTTP/1.1 200 OK",
      "source" : "be440a19b548d237.html",
      "type" : "text/html",
      "size" : 605
    } ],
    "parameters" : [ ],
    "stepsCount" : 0,
    "attachmentsCount" : 2,
    "shouldDisplayMessage" : true,
    "hasContent" : true
  },
  "afterStages" : [ ],
  "labels" : [ {
    "name" : "package",
    "value" : "IncidentResponsePayloadExtraKey"
  }, {
    "name" : "testClass",
    "value" : "IncidentResponsePayloadExtraKey.OasDbIncidentResponsePayloadExtraKey_1iunoxf625qus"
  }, {
    "name" : "testMethod",
    "value" : "test_1h7x0y1jd3886_readincident"
  }, {
    "name" : "suite",
    "value" : "IncidentResponsePayloadExtraKey.OasDbIncidentResponsePayloadExtraKey_1iunoxf625qus"
  }, {
    "name" : "host",
    "value" : "Alexs-MacBook-Pro-2.local"
  }, {
    "name" : "thread",
    "value" : "61431@Alexs-MacBook-Pro-2.local.main(1)"
  }, {
    "name" : "framework",
    "value" : "junit4"
  }, {
    "name" : "language",
    "value" : "java"
  }, {
    "name" : "resultFormat",
    "value" : "allure2"
  } ],
  "parameters" : [ ],
  "links" : [ ],
  "hidden" : false,
  "retry" : false,
  "extra" : {
    "severity" : "normal",
    "retries" : [ ],
    "categories" : [ {
      "name" : "SEVERITY 1: Disconformity with OAS",
      "messageRegex" : "OAS disconformity.*",
      "matchedStatuses" : [ "failed" ],
      "flaky" : false
    } ],
    "history" : {
      "statistic" : {
        "failed" : 7,
        "broken" : 0,
        "skipped" : 0,
        "passed" : 0,
        "unknown" : 0,
        "total" : 7
      },
      "items" : [ {
        "uid" : "3d0c182079cf5c4",
        "status" : "failed",
        "statusDetails" : "OAS disconformity: Instance failed to match all required schemas (matched only 0 out of 2) --- Object instance has properties which are not allowed by the schema: [\"assignee_id\";\"id\";\"service_id\";\"title\"]",
        "time" : {
          "start" : 1640938022129,
          "stop" : 1640938022145,
          "duration" : 16
        }
      }, {
        "uid" : "47fe5eb212e3e249",
        "status" : "failed",
        "statusDetails" : "OAS disconformity: Instance failed to match all required schemas (matched only 0 out of 2) --- Object instance has properties which are not allowed by the schema: [\"assignee_id\";\"id\";\"service_id\";\"title\"]",
        "time" : {
          "start" : 1640938022129,
          "stop" : 1640938022145,
          "duration" : 16
        }
      }, {
        "uid" : "2c93085ed641e97b",
        "status" : "failed",
        "statusDetails" : "OAS disconformity: Instance failed to match all required schemas (matched only 0 out of 2) --- Object instance has properties which are not allowed by the schema: [\"assignee_id\";\"id\";\"service_id\";\"title\"]",
        "time" : {
          "start" : 1640938022129,
          "stop" : 1640938022145,
          "duration" : 16
        }
      }, {
        "uid" : "5d1cbeba85e6bc9f",
        "status" : "failed",
        "statusDetails" : "OAS disconformity: Instance failed to match all required schemas (matched only 0 out of 2) --- Object instance has properties which are not allowed by the schema: [\"assignee_id\";\"id\";\"service_id\";\"title\"]",
        "time" : {
          "start" : 1640938022129,
          "stop" : 1640938022145,
          "duration" : 16
        }
      }, {
        "uid" : "b06ffbbf43bcc445",
        "status" : "failed",
        "statusDetails" : "OAS disconformity: Instance failed to match all required schemas (matched only 0 out of 2) --- Object instance has properties which are not allowed by the schema: [\"assignee_id\";\"id\";\"service_id\";\"title\"]",
        "time" : {
          "start" : 1640938022129,
          "stop" : 1640938022145,
          "duration" : 16
        }
      }, {
        "uid" : "a73a8e7a61344173",
        "status" : "failed",
        "statusDetails" : "OAS disconformity: Instance failed to match all required schemas (matched only 0 out of 2) --- Object instance has properties which are not allowed by the schema: [\"assignee_id\";\"id\";\"service_id\";\"title\"]",
        "time" : {
          "start" : 1640938022129,
          "stop" : 1640938022145,
          "duration" : 16
        }
      } ]
    },
    "tags" : [ ]
  },
  "source" : "53f07d083721b3c8.json",
  "parameterValues" : [ ]
}