{
  "uid" : "fbdddc4674d3b4d0",
  "name" : "test_1hrjqae26p7xe_createincident",
  "fullName" : "IncidentResponsePayloadExtraKey.OasDbIncidentResponsePayloadExtraKey_1jeyvjnde2nvm.test_1hrjqae26p7xe_createincident",
  "historyId" : "5a940d5a974cf2eefc60bd83526d9ca0",
  "time" : {
    "start" : 1640937768725,
    "stop" : 1640937768739,
    "duration" : 14
  },
  "status" : "failed",
  "statusMessage" : "OAS disconformity: Response status 422 not defined for path '/incidents'.",
  "statusTrace" : "java.lang.AssertionError: OAS disconformity: Response status 422 not defined for path '/incidents'.\n\tat org.junit.Assert.fail(Assert.java:89)\n\tat IncidentResponsePayloadExtraKey.OasDbIncidentResponsePayloadExtraKey_1jeyvjnde2nvm.test_1hrjqae26p7xe_createincident(OasDbIncidentResponsePayloadExtraKey_1jeyvjnde2nvm.java:138)\n\tat sun.reflect.NativeMethodAccessorImpl.invoke0(Native Method)\n\tat sun.reflect.NativeMethodAccessorImpl.invoke(NativeMethodAccessorImpl.java:62)\n\tat sun.reflect.DelegatingMethodAccessorImpl.invoke(DelegatingMethodAccessorImpl.java:43)\n\tat java.lang.reflect.Method.invoke(Method.java:498)\n\tat org.junit.runners.model.FrameworkMethod$1.runReflectiveCall(FrameworkMethod.java:59)\n\tat org.junit.internal.runners.model.ReflectiveCallable.run(ReflectiveCallable.java:12)\n\tat org.junit.runners.model.FrameworkMethod.invokeExplosively(FrameworkMethod.java:56)\n\tat org.junit.internal.runners.statements.InvokeMethod.evaluate(InvokeMethod.java:17)\n\tat org.junit.runners.ParentRunner$3.evaluate(ParentRunner.java:306)\n\tat org.junit.runners.BlockJUnit4ClassRunner$1.evaluate(BlockJUnit4ClassRunner.java:100)\n\tat org.junit.runners.ParentRunner.runLeaf(ParentRunner.java:366)\n\tat org.junit.runners.BlockJUnit4ClassRunner.runChild(BlockJUnit4ClassRunner.java:103)\n\tat org.junit.runners.BlockJUnit4ClassRunner.runChild(BlockJUnit4ClassRunner.java:63)\n\tat org.junit.runners.ParentRunner$4.run(ParentRunner.java:331)\n\tat org.junit.runners.ParentRunner$1.schedule(ParentRunner.java:79)\n\tat org.junit.runners.ParentRunner.runChildren(ParentRunner.java:329)\n\tat org.junit.runners.ParentRunner.access$100(ParentRunner.java:66)\n\tat org.junit.runners.ParentRunner$2.evaluate(ParentRunner.java:293)\n\tat org.junit.internal.runners.statements.RunBefores.evaluate(RunBefores.java:26)\n\tat org.junit.runners.ParentRunner$3.evaluate(ParentRunner.java:306)\n\tat org.junit.runners.ParentRunner.run(ParentRunner.java:413)\n\tat org.junit.runners.Suite.runChild(Suite.java:128)\n\tat org.junit.runners.Suite.runChild(Suite.java:27)\n\tat org.junit.runners.ParentRunner$4.run(ParentRunner.java:331)\n\tat org.junit.runners.ParentRunner$1.schedule(ParentRunner.java:79)\n\tat org.junit.runners.ParentRunner.runChildren(ParentRunner.java:329)\n\tat org.junit.runners.ParentRunner.access$100(ParentRunner.java:66)\n\tat org.junit.runners.ParentRunner$2.evaluate(ParentRunner.java:293)\n\tat org.junit.runners.ParentRunner$3.evaluate(ParentRunner.java:306)\n\tat org.junit.runners.ParentRunner.run(ParentRunner.java:413)\n\tat org.junit.runner.JUnitCore.run(JUnitCore.java:137)\n\tat org.junit.runner.JUnitCore.run(JUnitCore.java:115)\n\tat org.junit.runner.JUnitCore.run(JUnitCore.java:105)\n\tat org.junit.runner.JUnitCore.run(JUnitCore.java:94)\n\tat es.us.isa.restest.runners.RESTestRunner.testExecution(RESTestRunner.java:127)\n\tat es.us.isa.restest.runners.RESTestRunner.run(RESTestRunner.java:72)\n\tat es.us.isa.restest.main.TestGenerationAndExecution.main(TestGenerationAndExecution.java:148)\n",
  "flaky" : false,
  "newFailed" : false,
  "beforeStages" : [ ],
  "testStage" : {
    "status" : "failed",
    "statusMessage" : "OAS disconformity: Response status 422 not defined for path '/incidents'.",
    "statusTrace" : "java.lang.AssertionError: OAS disconformity: Response status 422 not defined for path '/incidents'.\n\tat org.junit.Assert.fail(Assert.java:89)\n\tat IncidentResponsePayloadExtraKey.OasDbIncidentResponsePayloadExtraKey_1jeyvjnde2nvm.test_1hrjqae26p7xe_createincident(OasDbIncidentResponsePayloadExtraKey_1jeyvjnde2nvm.java:138)\n\tat sun.reflect.NativeMethodAccessorImpl.invoke0(Native Method)\n\tat sun.reflect.NativeMethodAccessorImpl.invoke(NativeMethodAccessorImpl.java:62)\n\tat sun.reflect.DelegatingMethodAccessorImpl.invoke(DelegatingMethodAccessorImpl.java:43)\n\tat java.lang.reflect.Method.invoke(Method.java:498)\n\tat org.junit.runners.model.FrameworkMethod$1.runReflectiveCall(FrameworkMethod.java:59)\n\tat org.junit.internal.runners.model.ReflectiveCallable.run(ReflectiveCallable.java:12)\n\tat org.junit.runners.model.FrameworkMethod.invokeExplosively(FrameworkMethod.java:56)\n\tat org.junit.internal.runners.statements.InvokeMethod.evaluate(InvokeMethod.java:17)\n\tat org.junit.runners.ParentRunner$3.evaluate(ParentRunner.java:306)\n\tat org.junit.runners.BlockJUnit4ClassRunner$1.evaluate(BlockJUnit4ClassRunner.java:100)\n\tat org.junit.runners.ParentRunner.runLeaf(ParentRunner.java:366)\n\tat org.junit.runners.BlockJUnit4ClassRunner.runChild(BlockJUnit4ClassRunner.java:103)\n\tat org.junit.runners.BlockJUnit4ClassRunner.runChild(BlockJUnit4ClassRunner.java:63)\n\tat org.junit.runners.ParentRunner$4.run(ParentRunner.java:331)\n\tat org.junit.runners.ParentRunner$1.schedule(ParentRunner.java:79)\n\tat org.junit.runners.ParentRunner.runChildren(ParentRunner.java:329)\n\tat org.junit.runners.ParentRunner.access$100(ParentRunner.java:66)\n\tat org.junit.runners.ParentRunner$2.evaluate(ParentRunner.java:293)\n\tat org.junit.internal.runners.statements.RunBefores.evaluate(RunBefores.java:26)\n\tat org.junit.runners.ParentRunner$3.evaluate(ParentRunner.java:306)\n\tat org.junit.runners.ParentRunner.run(ParentRunner.java:413)\n\tat org.junit.runners.Suite.runChild(Suite.java:128)\n\tat org.junit.runners.Suite.runChild(Suite.java:27)\n\tat org.junit.runners.ParentRunner$4.run(ParentRunner.java:331)\n\tat org.junit.runners.ParentRunner$1.schedule(ParentRunner.java:79)\n\tat org.junit.runners.ParentRunner.runChildren(ParentRunner.java:329)\n\tat org.junit.runners.ParentRunner.access$100(ParentRunner.java:66)\n\tat org.junit.runners.ParentRunner$2.evaluate(ParentRunner.java:293)\n\tat org.junit.runners.ParentRunner$3.evaluate(ParentRunner.java:306)\n\tat org.junit.runners.ParentRunner.run(ParentRunner.java:413)\n\tat org.junit.runner.JUnitCore.run(JUnitCore.java:137)\n\tat org.junit.runner.JUnitCore.run(JUnitCore.java:115)\n\tat org.junit.runner.JUnitCore.run(JUnitCore.java:105)\n\tat org.junit.runner.JUnitCore.run(JUnitCore.java:94)\n\tat es.us.isa.restest.runners.RESTestRunner.testExecution(RESTestRunner.java:127)\n\tat es.us.isa.restest.runners.RESTestRunner.run(RESTestRunner.java:72)\n\tat es.us.isa.restest.main.TestGenerationAndExecution.main(TestGenerationAndExecution.java:148)\n",
    "steps" : [ ],
    "attachments" : [ {
      "uid" : "300c668b79bdc2d8",
      "name" : "Request",
      "source" : "300c668b79bdc2d8.html",
      "type" : "text/html",
      "size" : 531
    }, {
      "uid" : "8633bc86d23ebeeb",
      "name" : "HTTP/1.1 422 Unprocessable Entity",
      "source" : "8633bc86d23ebeeb.html",
      "type" : "text/html",
      "size" : 546
    } ],
    "parameters" : [ ],
    "stepsCount" : 0,
    "attachmentsCount" : 2,
    "shouldDisplayMessage" : true,
    "hasContent" : true
  },
  "afterStages" : [ ],
  "labels" : [ {
    "name" : "package",
    "value" : "IncidentResponsePayloadExtraKey"
  }, {
    "name" : "testClass",
    "value" : "IncidentResponsePayloadExtraKey.OasDbIncidentResponsePayloadExtraKey_1jeyvjnde2nvm"
  }, {
    "name" : "testMethod",
    "value" : "test_1hrjqae26p7xe_createincident"
  }, {
    "name" : "suite",
    "value" : "IncidentResponsePayloadExtraKey.OasDbIncidentResponsePayloadExtraKey_1jeyvjnde2nvm"
  }, {
    "name" : "host",
    "value" : "Alexs-MacBook-Pro-2.local"
  }, {
    "name" : "thread",
    "value" : "61431@Alexs-MacBook-Pro-2.local.main(1)"
  }, {
    "name" : "framework",
    "value" : "junit4"
  }, {
    "name" : "language",
    "value" : "java"
  }, {
    "name" : "resultFormat",
    "value" : "allure2"
  } ],
  "parameters" : [ ],
  "links" : [ ],
  "hidden" : false,
  "retry" : false,
  "extra" : {
    "severity" : "normal",
    "retries" : [ ],
    "categories" : [ {
      "name" : "SEVERITY 1: Disconformity with OAS",
      "messageRegex" : "OAS disconformity.*",
      "matchedStatuses" : [ "failed" ],
      "flaky" : false
    } ],
    "history" : {
      "statistic" : {
        "failed" : 10,
        "broken" : 0,
        "skipped" : 0,
        "passed" : 0,
        "unknown" : 0,
        "total" : 10
      },
      "items" : [ {
        "uid" : "9ce2e700142b0cad",
        "status" : "failed",
        "statusDetails" : "OAS disconformity: Response status 422 not defined for path '/incidents'.",
        "time" : {
          "start" : 1640937768725,
          "stop" : 1640937768739,
          "duration" : 14
        }
      }, {
        "uid" : "779d854bff122fc4",
        "status" : "failed",
        "statusDetails" : "OAS disconformity: Response status 422 not defined for path '/incidents'.",
        "time" : {
          "start" : 1640937768725,
          "stop" : 1640937768739,
          "duration" : 14
        }
      }, {
        "uid" : "609e9a79b267acb",
        "status" : "failed",
        "statusDetails" : "OAS disconformity: Response status 422 not defined for path '/incidents'.",
        "time" : {
          "start" : 1640937768725,
          "stop" : 1640937768739,
          "duration" : 14
        }
      }, {
        "uid" : "e1c0be6a82384bb",
        "status" : "failed",
        "statusDetails" : "OAS disconformity: Response status 422 not defined for path '/incidents'.",
        "time" : {
          "start" : 1640937768725,
          "stop" : 1640937768739,
          "duration" : 14
        }
      }, {
        "uid" : "200cef111ca832bc",
        "status" : "failed",
        "statusDetails" : "OAS disconformity: Response status 422 not defined for path '/incidents'.",
        "time" : {
          "start" : 1640937768725,
          "stop" : 1640937768739,
          "duration" : 14
        }
      }, {
        "uid" : "a67129eddbd55d6b",
        "status" : "failed",
        "statusDetails" : "OAS disconformity: Response status 422 not defined for path '/incidents'.",
        "time" : {
          "start" : 1640937768725,
          "stop" : 1640937768739,
          "duration" : 14
        }
      }, {
        "uid" : "59f2a4c992a6d1f8",
        "status" : "failed",
        "statusDetails" : "OAS disconformity: Response status 422 not defined for path '/incidents'.",
        "time" : {
          "start" : 1640937768725,
          "stop" : 1640937768739,
          "duration" : 14
        }
      }, {
        "uid" : "1d334d523fe2b91f",
        "status" : "failed",
        "statusDetails" : "OAS disconformity: Response status 422 not defined for path '/incidents'.",
        "time" : {
          "start" : 1640937768725,
          "stop" : 1640937768739,
          "duration" : 14
        }
      }, {
        "uid" : "d394ad361749a352",
        "status" : "failed",
        "statusDetails" : "OAS disconformity: Response status 422 not defined for path '/incidents'.",
        "time" : {
          "start" : 1640937768725,
          "stop" : 1640937768739,
          "duration" : 14
        }
      } ]
    },
    "tags" : [ ]
  },
  "source" : "fbdddc4674d3b4d0.json",
  "parameterValues" : [ ]
}