{
  "uid" : "de0014c086ba4ec2",
  "name" : "test_r17ss5bi0qxu_updatecharge",
  "fullName" : "PaymentInvalidExample.OasDbPaymentInvalidExample_qxnrc40dfexy.test_r17ss5bi0qxu_updatecharge",
  "historyId" : "96c39d7287e601a9dbaa3390ca38a24",
  "time" : {
    "start" : 1640941612877,
    "stop" : 1640941612891,
    "duration" : 14
  },
  "status" : "failed",
  "statusMessage" : "OAS disconformity: Response status 422 not defined for path '/charges/{charge_id}'.",
  "statusTrace" : "java.lang.AssertionError: OAS disconformity: Response status 422 not defined for path '/charges/{charge_id}'.\n\tat org.junit.Assert.fail(Assert.java:89)\n\tat PaymentInvalidExample.OasDbPaymentInvalidExample_qxnrc40dfexy.test_r17ss5bi0qxu_updatecharge(OasDbPaymentInvalidExample_qxnrc40dfexy.java:401)\n\tat sun.reflect.NativeMethodAccessorImpl.invoke0(Native Method)\n\tat sun.reflect.NativeMethodAccessorImpl.invoke(NativeMethodAccessorImpl.java:62)\n\tat sun.reflect.DelegatingMethodAccessorImpl.invoke(DelegatingMethodAccessorImpl.java:43)\n\tat java.lang.reflect.Method.invoke(Method.java:498)\n\tat org.junit.runners.model.FrameworkMethod$1.runReflectiveCall(FrameworkMethod.java:59)\n\tat org.junit.internal.runners.model.ReflectiveCallable.run(ReflectiveCallable.java:12)\n\tat org.junit.runners.model.FrameworkMethod.invokeExplosively(FrameworkMethod.java:56)\n\tat org.junit.internal.runners.statements.InvokeMethod.evaluate(InvokeMethod.java:17)\n\tat org.junit.runners.ParentRunner$3.evaluate(ParentRunner.java:306)\n\tat org.junit.runners.BlockJUnit4ClassRunner$1.evaluate(BlockJUnit4ClassRunner.java:100)\n\tat org.junit.runners.ParentRunner.runLeaf(ParentRunner.java:366)\n\tat org.junit.runners.BlockJUnit4ClassRunner.runChild(BlockJUnit4ClassRunner.java:103)\n\tat org.junit.runners.BlockJUnit4ClassRunner.runChild(BlockJUnit4ClassRunner.java:63)\n\tat org.junit.runners.ParentRunner$4.run(ParentRunner.java:331)\n\tat org.junit.runners.ParentRunner$1.schedule(ParentRunner.java:79)\n\tat org.junit.runners.ParentRunner.runChildren(ParentRunner.java:329)\n\tat org.junit.runners.ParentRunner.access$100(ParentRunner.java:66)\n\tat org.junit.runners.ParentRunner$2.evaluate(ParentRunner.java:293)\n\tat org.junit.internal.runners.statements.RunBefores.evaluate(RunBefores.java:26)\n\tat org.junit.runners.ParentRunner$3.evaluate(ParentRunner.java:306)\n\tat org.junit.runners.ParentRunner.run(ParentRunner.java:413)\n\tat org.junit.runners.Suite.runChild(Suite.java:128)\n\tat org.junit.runners.Suite.runChild(Suite.java:27)\n\tat org.junit.runners.ParentRunner$4.run(ParentRunner.java:331)\n\tat org.junit.runners.ParentRunner$1.schedule(ParentRunner.java:79)\n\tat org.junit.runners.ParentRunner.runChildren(ParentRunner.java:329)\n\tat org.junit.runners.ParentRunner.access$100(ParentRunner.java:66)\n\tat org.junit.runners.ParentRunner$2.evaluate(ParentRunner.java:293)\n\tat org.junit.runners.ParentRunner$3.evaluate(ParentRunner.java:306)\n\tat org.junit.runners.ParentRunner.run(ParentRunner.java:413)\n\tat org.junit.runner.JUnitCore.run(JUnitCore.java:137)\n\tat org.junit.runner.JUnitCore.run(JUnitCore.java:115)\n\tat org.junit.runner.JUnitCore.run(JUnitCore.java:105)\n\tat org.junit.runner.JUnitCore.run(JUnitCore.java:94)\n\tat es.us.isa.restest.runners.RESTestRunner.testExecution(RESTestRunner.java:127)\n\tat es.us.isa.restest.runners.RESTestRunner.run(RESTestRunner.java:72)\n\tat es.us.isa.restest.main.TestGenerationAndExecution.main(TestGenerationAndExecution.java:148)\n",
  "flaky" : false,
  "newFailed" : false,
  "beforeStages" : [ ],
  "testStage" : {
    "status" : "failed",
    "statusMessage" : "OAS disconformity: Response status 422 not defined for path '/charges/{charge_id}'.",
    "statusTrace" : "java.lang.AssertionError: OAS disconformity: Response status 422 not defined for path '/charges/{charge_id}'.\n\tat org.junit.Assert.fail(Assert.java:89)\n\tat PaymentInvalidExample.OasDbPaymentInvalidExample_qxnrc40dfexy.test_r17ss5bi0qxu_updatecharge(OasDbPaymentInvalidExample_qxnrc40dfexy.java:401)\n\tat sun.reflect.NativeMethodAccessorImpl.invoke0(Native Method)\n\tat sun.reflect.NativeMethodAccessorImpl.invoke(NativeMethodAccessorImpl.java:62)\n\tat sun.reflect.DelegatingMethodAccessorImpl.invoke(DelegatingMethodAccessorImpl.java:43)\n\tat java.lang.reflect.Method.invoke(Method.java:498)\n\tat org.junit.runners.model.FrameworkMethod$1.runReflectiveCall(FrameworkMethod.java:59)\n\tat org.junit.internal.runners.model.ReflectiveCallable.run(ReflectiveCallable.java:12)\n\tat org.junit.runners.model.FrameworkMethod.invokeExplosively(FrameworkMethod.java:56)\n\tat org.junit.internal.runners.statements.InvokeMethod.evaluate(InvokeMethod.java:17)\n\tat org.junit.runners.ParentRunner$3.evaluate(ParentRunner.java:306)\n\tat org.junit.runners.BlockJUnit4ClassRunner$1.evaluate(BlockJUnit4ClassRunner.java:100)\n\tat org.junit.runners.ParentRunner.runLeaf(ParentRunner.java:366)\n\tat org.junit.runners.BlockJUnit4ClassRunner.runChild(BlockJUnit4ClassRunner.java:103)\n\tat org.junit.runners.BlockJUnit4ClassRunner.runChild(BlockJUnit4ClassRunner.java:63)\n\tat org.junit.runners.ParentRunner$4.run(ParentRunner.java:331)\n\tat org.junit.runners.ParentRunner$1.schedule(ParentRunner.java:79)\n\tat org.junit.runners.ParentRunner.runChildren(ParentRunner.java:329)\n\tat org.junit.runners.ParentRunner.access$100(ParentRunner.java:66)\n\tat org.junit.runners.ParentRunner$2.evaluate(ParentRunner.java:293)\n\tat org.junit.internal.runners.statements.RunBefores.evaluate(RunBefores.java:26)\n\tat org.junit.runners.ParentRunner$3.evaluate(ParentRunner.java:306)\n\tat org.junit.runners.ParentRunner.run(ParentRunner.java:413)\n\tat org.junit.runners.Suite.runChild(Suite.java:128)\n\tat org.junit.runners.Suite.runChild(Suite.java:27)\n\tat org.junit.runners.ParentRunner$4.run(ParentRunner.java:331)\n\tat org.junit.runners.ParentRunner$1.schedule(ParentRunner.java:79)\n\tat org.junit.runners.ParentRunner.runChildren(ParentRunner.java:329)\n\tat org.junit.runners.ParentRunner.access$100(ParentRunner.java:66)\n\tat org.junit.runners.ParentRunner$2.evaluate(ParentRunner.java:293)\n\tat org.junit.runners.ParentRunner$3.evaluate(ParentRunner.java:306)\n\tat org.junit.runners.ParentRunner.run(ParentRunner.java:413)\n\tat org.junit.runner.JUnitCore.run(JUnitCore.java:137)\n\tat org.junit.runner.JUnitCore.run(JUnitCore.java:115)\n\tat org.junit.runner.JUnitCore.run(JUnitCore.java:105)\n\tat org.junit.runner.JUnitCore.run(JUnitCore.java:94)\n\tat es.us.isa.restest.runners.RESTestRunner.testExecution(RESTestRunner.java:127)\n\tat es.us.isa.restest.runners.RESTestRunner.run(RESTestRunner.java:72)\n\tat es.us.isa.restest.main.TestGenerationAndExecution.main(TestGenerationAndExecution.java:148)\n",
    "steps" : [ ],
    "attachments" : [ {
      "uid" : "dbac2a79010bb88d",
      "name" : "Request",
      "source" : "dbac2a79010bb88d.html",
      "type" : "text/html",
      "size" : 573
    }, {
      "uid" : "58b81e104b57f4d",
      "name" : "HTTP/1.1 422 Unprocessable Entity",
      "source" : "58b81e104b57f4d.html",
      "type" : "text/html",
      "size" : 546
    } ],
    "parameters" : [ ],
    "stepsCount" : 0,
    "attachmentsCount" : 2,
    "shouldDisplayMessage" : true,
    "hasContent" : true
  },
  "afterStages" : [ ],
  "labels" : [ {
    "name" : "package",
    "value" : "PaymentInvalidExample"
  }, {
    "name" : "testClass",
    "value" : "PaymentInvalidExample.OasDbPaymentInvalidExample_qxnrc40dfexy"
  }, {
    "name" : "testMethod",
    "value" : "test_r17ss5bi0qxu_updatecharge"
  }, {
    "name" : "suite",
    "value" : "PaymentInvalidExample.OasDbPaymentInvalidExample_qxnrc40dfexy"
  }, {
    "name" : "host",
    "value" : "Alexs-MacBook-Pro-2.local"
  }, {
    "name" : "thread",
    "value" : "63598@Alexs-MacBook-Pro-2.local.main(1)"
  }, {
    "name" : "framework",
    "value" : "junit4"
  }, {
    "name" : "language",
    "value" : "java"
  }, {
    "name" : "resultFormat",
    "value" : "allure2"
  } ],
  "parameters" : [ ],
  "links" : [ ],
  "hidden" : false,
  "retry" : false,
  "extra" : {
    "severity" : "normal",
    "retries" : [ ],
    "categories" : [ {
      "name" : "SEVERITY 1: Disconformity with OAS",
      "messageRegex" : "OAS disconformity.*",
      "matchedStatuses" : [ "failed" ],
      "flaky" : false
    } ],
    "history" : {
      "statistic" : {
        "failed" : 9,
        "broken" : 0,
        "skipped" : 0,
        "passed" : 0,
        "unknown" : 0,
        "total" : 9
      },
      "items" : [ {
        "uid" : "ec2191db550c86f0",
        "status" : "failed",
        "statusDetails" : "OAS disconformity: Response status 422 not defined for path '/charges/{charge_id}'.",
        "time" : {
          "start" : 1640941612877,
          "stop" : 1640941612891,
          "duration" : 14
        }
      }, {
        "uid" : "cf9b229885780015",
        "status" : "failed",
        "statusDetails" : "OAS disconformity: Response status 422 not defined for path '/charges/{charge_id}'.",
        "time" : {
          "start" : 1640941612877,
          "stop" : 1640941612891,
          "duration" : 14
        }
      }, {
        "uid" : "ce88651ca990e9a2",
        "status" : "failed",
        "statusDetails" : "OAS disconformity: Response status 422 not defined for path '/charges/{charge_id}'.",
        "time" : {
          "start" : 1640941612877,
          "stop" : 1640941612891,
          "duration" : 14
        }
      }, {
        "uid" : "a906036faccb3457",
        "status" : "failed",
        "statusDetails" : "OAS disconformity: Response status 422 not defined for path '/charges/{charge_id}'.",
        "time" : {
          "start" : 1640941612877,
          "stop" : 1640941612891,
          "duration" : 14
        }
      }, {
        "uid" : "8fa15dcd46a04061",
        "status" : "failed",
        "statusDetails" : "OAS disconformity: Response status 422 not defined for path '/charges/{charge_id}'.",
        "time" : {
          "start" : 1640941612877,
          "stop" : 1640941612891,
          "duration" : 14
        }
      }, {
        "uid" : "e430de07e42b3b70",
        "status" : "failed",
        "statusDetails" : "OAS disconformity: Response status 422 not defined for path '/charges/{charge_id}'.",
        "time" : {
          "start" : 1640941612877,
          "stop" : 1640941612891,
          "duration" : 14
        }
      }, {
        "uid" : "b73dc75a032348e0",
        "status" : "failed",
        "statusDetails" : "OAS disconformity: Response status 422 not defined for path '/charges/{charge_id}'.",
        "time" : {
          "start" : 1640941612877,
          "stop" : 1640941612891,
          "duration" : 14
        }
      }, {
        "uid" : "65244591c8b585d9",
        "status" : "failed",
        "statusDetails" : "OAS disconformity: Response status 422 not defined for path '/charges/{charge_id}'.",
        "time" : {
          "start" : 1640941612877,
          "stop" : 1640941612891,
          "duration" : 14
        }
      } ]
    },
    "tags" : [ ]
  },
  "source" : "de0014c086ba4ec2.json",
  "parameterValues" : [ ]
}