{
  "uid" : "218367337a8b2d5b",
  "name" : "test_s4xg541n3n7b_readproject",
  "fullName" : "ProjectManagementBrokenRecordDeletion.OasDbProjectManagementBrokenRecordDeletion_qe3uvbtbmvs5.test_s4xg541n3n7b_readproject",
  "historyId" : "92aefa2ee6579b510fe3f3fe4e4631fd",
  "time" : {
    "start" : 1640946490782,
    "stop" : 1640946490807,
    "duration" : 25
  },
  "status" : "failed",
  "statusMessage" : "OAS disconformity: Instance failed to match all required schemas (matched only 0 out of 2) --- Object instance has properties which are not allowed by the schema: [\"description\";\"id\";\"name\"]",
  "statusTrace" : "java.lang.AssertionError: OAS disconformity: Instance failed to match all required schemas (matched only 0 out of 2) --- Object instance has properties which are not allowed by the schema: [\"description\";\"id\";\"name\"]\n\tat org.junit.Assert.fail(Assert.java:89)\n\tat ProjectManagementBrokenRecordDeletion.OasDbProjectManagementBrokenRecordDeletion_qe3uvbtbmvs5.test_s4xg541n3n7b_readproject(OasDbProjectManagementBrokenRecordDeletion_qe3uvbtbmvs5.java:299)\n\tat sun.reflect.NativeMethodAccessorImpl.invoke0(Native Method)\n\tat sun.reflect.NativeMethodAccessorImpl.invoke(NativeMethodAccessorImpl.java:62)\n\tat sun.reflect.DelegatingMethodAccessorImpl.invoke(DelegatingMethodAccessorImpl.java:43)\n\tat java.lang.reflect.Method.invoke(Method.java:498)\n\tat org.junit.runners.model.FrameworkMethod$1.runReflectiveCall(FrameworkMethod.java:59)\n\tat org.junit.internal.runners.model.ReflectiveCallable.run(ReflectiveCallable.java:12)\n\tat org.junit.runners.model.FrameworkMethod.invokeExplosively(FrameworkMethod.java:56)\n\tat org.junit.internal.runners.statements.InvokeMethod.evaluate(InvokeMethod.java:17)\n\tat org.junit.runners.ParentRunner$3.evaluate(ParentRunner.java:306)\n\tat org.junit.runners.BlockJUnit4ClassRunner$1.evaluate(BlockJUnit4ClassRunner.java:100)\n\tat org.junit.runners.ParentRunner.runLeaf(ParentRunner.java:366)\n\tat org.junit.runners.BlockJUnit4ClassRunner.runChild(BlockJUnit4ClassRunner.java:103)\n\tat org.junit.runners.BlockJUnit4ClassRunner.runChild(BlockJUnit4ClassRunner.java:63)\n\tat org.junit.runners.ParentRunner$4.run(ParentRunner.java:331)\n\tat org.junit.runners.ParentRunner$1.schedule(ParentRunner.java:79)\n\tat org.junit.runners.ParentRunner.runChildren(ParentRunner.java:329)\n\tat org.junit.runners.ParentRunner.access$100(ParentRunner.java:66)\n\tat org.junit.runners.ParentRunner$2.evaluate(ParentRunner.java:293)\n\tat org.junit.internal.runners.statements.RunBefores.evaluate(RunBefores.java:26)\n\tat org.junit.runners.ParentRunner$3.evaluate(ParentRunner.java:306)\n\tat org.junit.runners.ParentRunner.run(ParentRunner.java:413)\n\tat org.junit.runners.Suite.runChild(Suite.java:128)\n\tat org.junit.runners.Suite.runChild(Suite.java:27)\n\tat org.junit.runners.ParentRunner$4.run(ParentRunner.java:331)\n\tat org.junit.runners.ParentRunner$1.schedule(ParentRunner.java:79)\n\tat org.junit.runners.ParentRunner.runChildren(ParentRunner.java:329)\n\tat org.junit.runners.ParentRunner.access$100(ParentRunner.java:66)\n\tat org.junit.runners.ParentRunner$2.evaluate(ParentRunner.java:293)\n\tat org.junit.runners.ParentRunner$3.evaluate(ParentRunner.java:306)\n\tat org.junit.runners.ParentRunner.run(ParentRunner.java:413)\n\tat org.junit.runner.JUnitCore.run(JUnitCore.java:137)\n\tat org.junit.runner.JUnitCore.run(JUnitCore.java:115)\n\tat org.junit.runner.JUnitCore.run(JUnitCore.java:105)\n\tat org.junit.runner.JUnitCore.run(JUnitCore.java:94)\n\tat es.us.isa.restest.runners.RESTestRunner.testExecution(RESTestRunner.java:127)\n\tat es.us.isa.restest.runners.RESTestRunner.run(RESTestRunner.java:72)\n\tat es.us.isa.restest.main.TestGenerationAndExecution.main(TestGenerationAndExecution.java:148)\n",
  "flaky" : false,
  "newFailed" : false,
  "beforeStages" : [ ],
  "testStage" : {
    "status" : "failed",
    "statusMessage" : "OAS disconformity: Instance failed to match all required schemas (matched only 0 out of 2) --- Object instance has properties which are not allowed by the schema: [\"description\";\"id\";\"name\"]",
    "statusTrace" : "java.lang.AssertionError: OAS disconformity: Instance failed to match all required schemas (matched only 0 out of 2) --- Object instance has properties which are not allowed by the schema: [\"description\";\"id\";\"name\"]\n\tat org.junit.Assert.fail(Assert.java:89)\n\tat ProjectManagementBrokenRecordDeletion.OasDbProjectManagementBrokenRecordDeletion_qe3uvbtbmvs5.test_s4xg541n3n7b_readproject(OasDbProjectManagementBrokenRecordDeletion_qe3uvbtbmvs5.java:299)\n\tat sun.reflect.NativeMethodAccessorImpl.invoke0(Native Method)\n\tat sun.reflect.NativeMethodAccessorImpl.invoke(NativeMethodAccessorImpl.java:62)\n\tat sun.reflect.DelegatingMethodAccessorImpl.invoke(DelegatingMethodAccessorImpl.java:43)\n\tat java.lang.reflect.Method.invoke(Method.java:498)\n\tat org.junit.runners.model.FrameworkMethod$1.runReflectiveCall(FrameworkMethod.java:59)\n\tat org.junit.internal.runners.model.ReflectiveCallable.run(ReflectiveCallable.java:12)\n\tat org.junit.runners.model.FrameworkMethod.invokeExplosively(FrameworkMethod.java:56)\n\tat org.junit.internal.runners.statements.InvokeMethod.evaluate(InvokeMethod.java:17)\n\tat org.junit.runners.ParentRunner$3.evaluate(ParentRunner.java:306)\n\tat org.junit.runners.BlockJUnit4ClassRunner$1.evaluate(BlockJUnit4ClassRunner.java:100)\n\tat org.junit.runners.ParentRunner.runLeaf(ParentRunner.java:366)\n\tat org.junit.runners.BlockJUnit4ClassRunner.runChild(BlockJUnit4ClassRunner.java:103)\n\tat org.junit.runners.BlockJUnit4ClassRunner.runChild(BlockJUnit4ClassRunner.java:63)\n\tat org.junit.runners.ParentRunner$4.run(ParentRunner.java:331)\n\tat org.junit.runners.ParentRunner$1.schedule(ParentRunner.java:79)\n\tat org.junit.runners.ParentRunner.runChildren(ParentRunner.java:329)\n\tat org.junit.runners.ParentRunner.access$100(ParentRunner.java:66)\n\tat org.junit.runners.ParentRunner$2.evaluate(ParentRunner.java:293)\n\tat org.junit.internal.runners.statements.RunBefores.evaluate(RunBefores.java:26)\n\tat org.junit.runners.ParentRunner$3.evaluate(ParentRunner.java:306)\n\tat org.junit.runners.ParentRunner.run(ParentRunner.java:413)\n\tat org.junit.runners.Suite.runChild(Suite.java:128)\n\tat org.junit.runners.Suite.runChild(Suite.java:27)\n\tat org.junit.runners.ParentRunner$4.run(ParentRunner.java:331)\n\tat org.junit.runners.ParentRunner$1.schedule(ParentRunner.java:79)\n\tat org.junit.runners.ParentRunner.runChildren(ParentRunner.java:329)\n\tat org.junit.runners.ParentRunner.access$100(ParentRunner.java:66)\n\tat org.junit.runners.ParentRunner$2.evaluate(ParentRunner.java:293)\n\tat org.junit.runners.ParentRunner$3.evaluate(ParentRunner.java:306)\n\tat org.junit.runners.ParentRunner.run(ParentRunner.java:413)\n\tat org.junit.runner.JUnitCore.run(JUnitCore.java:137)\n\tat org.junit.runner.JUnitCore.run(JUnitCore.java:115)\n\tat org.junit.runner.JUnitCore.run(JUnitCore.java:105)\n\tat org.junit.runner.JUnitCore.run(JUnitCore.java:94)\n\tat es.us.isa.restest.runners.RESTestRunner.testExecution(RESTestRunner.java:127)\n\tat es.us.isa.restest.runners.RESTestRunner.run(RESTestRunner.java:72)\n\tat es.us.isa.restest.main.TestGenerationAndExecution.main(TestGenerationAndExecution.java:148)\n",
    "steps" : [ ],
    "attachments" : [ {
      "uid" : "e2539c68d35754b3",
      "name" : "Request",
      "source" : "e2539c68d35754b3.html",
      "type" : "text/html",
      "size" : 227
    }, {
      "uid" : "38c9f420ce8494a5",
      "name" : "HTTP/1.1 200 OK",
      "source" : "38c9f420ce8494a5.html",
      "type" : "text/html",
      "size" : 561
    } ],
    "parameters" : [ ],
    "stepsCount" : 0,
    "attachmentsCount" : 2,
    "shouldDisplayMessage" : true,
    "hasContent" : true
  },
  "afterStages" : [ ],
  "labels" : [ {
    "name" : "package",
    "value" : "ProjectManagementBrokenRecordDeletion"
  }, {
    "name" : "testClass",
    "value" : "ProjectManagementBrokenRecordDeletion.OasDbProjectManagementBrokenRecordDeletion_qe3uvbtbmvs5"
  }, {
    "name" : "testMethod",
    "value" : "test_s4xg541n3n7b_readproject"
  }, {
    "name" : "suite",
    "value" : "ProjectManagementBrokenRecordDeletion.OasDbProjectManagementBrokenRecordDeletion_qe3uvbtbmvs5"
  }, {
    "name" : "host",
    "value" : "Alexs-MacBook-Pro-2.local"
  }, {
    "name" : "thread",
    "value" : "66534@Alexs-MacBook-Pro-2.local.main(1)"
  }, {
    "name" : "framework",
    "value" : "junit4"
  }, {
    "name" : "language",
    "value" : "java"
  }, {
    "name" : "resultFormat",
    "value" : "allure2"
  } ],
  "parameters" : [ ],
  "links" : [ ],
  "hidden" : false,
  "retry" : false,
  "extra" : {
    "severity" : "normal",
    "retries" : [ ],
    "categories" : [ {
      "name" : "SEVERITY 1: Disconformity with OAS",
      "messageRegex" : "OAS disconformity.*",
      "matchedStatuses" : [ "failed" ],
      "flaky" : false
    } ],
    "history" : {
      "statistic" : {
        "failed" : 11,
        "broken" : 0,
        "skipped" : 0,
        "passed" : 0,
        "unknown" : 0,
        "total" : 11
      },
      "items" : [ {
        "uid" : "edb6d30e0c2507fa",
        "status" : "failed",
        "statusDetails" : "OAS disconformity: Instance failed to match all required schemas (matched only 0 out of 2) --- Object instance has properties which are not allowed by the schema: [\"description\";\"id\";\"name\"]",
        "time" : {
          "start" : 1640946490782,
          "stop" : 1640946490807,
          "duration" : 25
        }
      }, {
        "uid" : "912a5ba8b5d7591c",
        "status" : "failed",
        "statusDetails" : "OAS disconformity: Instance failed to match all required schemas (matched only 0 out of 2) --- Object instance has properties which are not allowed by the schema: [\"description\";\"id\";\"name\"]",
        "time" : {
          "start" : 1640946490782,
          "stop" : 1640946490807,
          "duration" : 25
        }
      }, {
        "uid" : "b1839abe15d503c5",
        "status" : "failed",
        "statusDetails" : "OAS disconformity: Instance failed to match all required schemas (matched only 0 out of 2) --- Object instance has properties which are not allowed by the schema: [\"description\";\"id\";\"name\"]",
        "time" : {
          "start" : 1640946490782,
          "stop" : 1640946490807,
          "duration" : 25
        }
      }, {
        "uid" : "a69a3d2d2a711567",
        "status" : "failed",
        "statusDetails" : "OAS disconformity: Instance failed to match all required schemas (matched only 0 out of 2) --- Object instance has properties which are not allowed by the schema: [\"description\";\"id\";\"name\"]",
        "time" : {
          "start" : 1640946490782,
          "stop" : 1640946490807,
          "duration" : 25
        }
      }, {
        "uid" : "e9d01da323955ae4",
        "status" : "failed",
        "statusDetails" : "OAS disconformity: Instance failed to match all required schemas (matched only 0 out of 2) --- Object instance has properties which are not allowed by the schema: [\"description\";\"id\";\"name\"]",
        "time" : {
          "start" : 1640946490782,
          "stop" : 1640946490807,
          "duration" : 25
        }
      }, {
        "uid" : "80b7e3f931665662",
        "status" : "failed",
        "statusDetails" : "OAS disconformity: Instance failed to match all required schemas (matched only 0 out of 2) --- Object instance has properties which are not allowed by the schema: [\"description\";\"id\";\"name\"]",
        "time" : {
          "start" : 1640946490782,
          "stop" : 1640946490807,
          "duration" : 25
        }
      }, {
        "uid" : "2fef1630dca19c08",
        "status" : "failed",
        "statusDetails" : "OAS disconformity: Instance failed to match all required schemas (matched only 0 out of 2) --- Object instance has properties which are not allowed by the schema: [\"description\";\"id\";\"name\"]",
        "time" : {
          "start" : 1640946490782,
          "stop" : 1640946490807,
          "duration" : 25
        }
      }, {
        "uid" : "c7583ed3b538c66a",
        "status" : "failed",
        "statusDetails" : "OAS disconformity: Instance failed to match all required schemas (matched only 0 out of 2) --- Object instance has properties which are not allowed by the schema: [\"description\";\"id\";\"name\"]",
        "time" : {
          "start" : 1640946490782,
          "stop" : 1640946490807,
          "duration" : 25
        }
      }, {
        "uid" : "5de43d6c3a3e3eb9",
        "status" : "failed",
        "statusDetails" : "OAS disconformity: Instance failed to match all required schemas (matched only 0 out of 2) --- Object instance has properties which are not allowed by the schema: [\"description\";\"id\";\"name\"]",
        "time" : {
          "start" : 1640946490782,
          "stop" : 1640946490807,
          "duration" : 25
        }
      }, {
        "uid" : "584f20b3056a43",
        "status" : "failed",
        "statusDetails" : "OAS disconformity: Instance failed to match all required schemas (matched only 0 out of 2) --- Object instance has properties which are not allowed by the schema: [\"description\";\"id\";\"name\"]",
        "time" : {
          "start" : 1640946490782,
          "stop" : 1640946490807,
          "duration" : 25
        }
      } ]
    },
    "tags" : [ ]
  },
  "source" : "218367337a8b2d5b.json",
  "parameterValues" : [ ]
}