{
  "uid" : "8bfd1b1d1bf6fc66",
  "name" : "test_1h7leqvkxwunq_createproject",
  "fullName" : "ProjectManagementBrokenRecordDeletion.OasDbProjectManagementBrokenRecordDeletion_vb6b5wd0ncxg.test_1h7leqvkxwunq_createproject",
  "historyId" : "4a619bf2dcfd405abdaf8cd51bc26b87",
  "time" : {
    "start" : 1640946337794,
    "stop" : 1640946337813,
    "duration" : 19
  },
  "status" : "failed",
  "statusMessage" : "OAS disconformity: Response status 422 not defined for path '/projects'.",
  "statusTrace" : "java.lang.AssertionError: OAS disconformity: Response status 422 not defined for path '/projects'.\n\tat org.junit.Assert.fail(Assert.java:89)\n\tat ProjectManagementBrokenRecordDeletion.OasDbProjectManagementBrokenRecordDeletion_vb6b5wd0ncxg.test_1h7leqvkxwunq_createproject(OasDbProjectManagementBrokenRecordDeletion_vb6b5wd0ncxg.java:171)\n\tat sun.reflect.NativeMethodAccessorImpl.invoke0(Native Method)\n\tat sun.reflect.NativeMethodAccessorImpl.invoke(NativeMethodAccessorImpl.java:62)\n\tat sun.reflect.DelegatingMethodAccessorImpl.invoke(DelegatingMethodAccessorImpl.java:43)\n\tat java.lang.reflect.Method.invoke(Method.java:498)\n\tat org.junit.runners.model.FrameworkMethod$1.runReflectiveCall(FrameworkMethod.java:59)\n\tat org.junit.internal.runners.model.ReflectiveCallable.run(ReflectiveCallable.java:12)\n\tat org.junit.runners.model.FrameworkMethod.invokeExplosively(FrameworkMethod.java:56)\n\tat org.junit.internal.runners.statements.InvokeMethod.evaluate(InvokeMethod.java:17)\n\tat org.junit.runners.ParentRunner$3.evaluate(ParentRunner.java:306)\n\tat org.junit.runners.BlockJUnit4ClassRunner$1.evaluate(BlockJUnit4ClassRunner.java:100)\n\tat org.junit.runners.ParentRunner.runLeaf(ParentRunner.java:366)\n\tat org.junit.runners.BlockJUnit4ClassRunner.runChild(BlockJUnit4ClassRunner.java:103)\n\tat org.junit.runners.BlockJUnit4ClassRunner.runChild(BlockJUnit4ClassRunner.java:63)\n\tat org.junit.runners.ParentRunner$4.run(ParentRunner.java:331)\n\tat org.junit.runners.ParentRunner$1.schedule(ParentRunner.java:79)\n\tat org.junit.runners.ParentRunner.runChildren(ParentRunner.java:329)\n\tat org.junit.runners.ParentRunner.access$100(ParentRunner.java:66)\n\tat org.junit.runners.ParentRunner$2.evaluate(ParentRunner.java:293)\n\tat org.junit.internal.runners.statements.RunBefores.evaluate(RunBefores.java:26)\n\tat org.junit.runners.ParentRunner$3.evaluate(ParentRunner.java:306)\n\tat org.junit.runners.ParentRunner.run(ParentRunner.java:413)\n\tat org.junit.runners.Suite.runChild(Suite.java:128)\n\tat org.junit.runners.Suite.runChild(Suite.java:27)\n\tat org.junit.runners.ParentRunner$4.run(ParentRunner.java:331)\n\tat org.junit.runners.ParentRunner$1.schedule(ParentRunner.java:79)\n\tat org.junit.runners.ParentRunner.runChildren(ParentRunner.java:329)\n\tat org.junit.runners.ParentRunner.access$100(ParentRunner.java:66)\n\tat org.junit.runners.ParentRunner$2.evaluate(ParentRunner.java:293)\n\tat org.junit.runners.ParentRunner$3.evaluate(ParentRunner.java:306)\n\tat org.junit.runners.ParentRunner.run(ParentRunner.java:413)\n\tat org.junit.runner.JUnitCore.run(JUnitCore.java:137)\n\tat org.junit.runner.JUnitCore.run(JUnitCore.java:115)\n\tat org.junit.runner.JUnitCore.run(JUnitCore.java:105)\n\tat org.junit.runner.JUnitCore.run(JUnitCore.java:94)\n\tat es.us.isa.restest.runners.RESTestRunner.testExecution(RESTestRunner.java:127)\n\tat es.us.isa.restest.runners.RESTestRunner.run(RESTestRunner.java:72)\n\tat es.us.isa.restest.main.TestGenerationAndExecution.main(TestGenerationAndExecution.java:148)\n",
  "flaky" : false,
  "newFailed" : false,
  "beforeStages" : [ ],
  "testStage" : {
    "status" : "failed",
    "statusMessage" : "OAS disconformity: Response status 422 not defined for path '/projects'.",
    "statusTrace" : "java.lang.AssertionError: OAS disconformity: Response status 422 not defined for path '/projects'.\n\tat org.junit.Assert.fail(Assert.java:89)\n\tat ProjectManagementBrokenRecordDeletion.OasDbProjectManagementBrokenRecordDeletion_vb6b5wd0ncxg.test_1h7leqvkxwunq_createproject(OasDbProjectManagementBrokenRecordDeletion_vb6b5wd0ncxg.java:171)\n\tat sun.reflect.NativeMethodAccessorImpl.invoke0(Native Method)\n\tat sun.reflect.NativeMethodAccessorImpl.invoke(NativeMethodAccessorImpl.java:62)\n\tat sun.reflect.DelegatingMethodAccessorImpl.invoke(DelegatingMethodAccessorImpl.java:43)\n\tat java.lang.reflect.Method.invoke(Method.java:498)\n\tat org.junit.runners.model.FrameworkMethod$1.runReflectiveCall(FrameworkMethod.java:59)\n\tat org.junit.internal.runners.model.ReflectiveCallable.run(ReflectiveCallable.java:12)\n\tat org.junit.runners.model.FrameworkMethod.invokeExplosively(FrameworkMethod.java:56)\n\tat org.junit.internal.runners.statements.InvokeMethod.evaluate(InvokeMethod.java:17)\n\tat org.junit.runners.ParentRunner$3.evaluate(ParentRunner.java:306)\n\tat org.junit.runners.BlockJUnit4ClassRunner$1.evaluate(BlockJUnit4ClassRunner.java:100)\n\tat org.junit.runners.ParentRunner.runLeaf(ParentRunner.java:366)\n\tat org.junit.runners.BlockJUnit4ClassRunner.runChild(BlockJUnit4ClassRunner.java:103)\n\tat org.junit.runners.BlockJUnit4ClassRunner.runChild(BlockJUnit4ClassRunner.java:63)\n\tat org.junit.runners.ParentRunner$4.run(ParentRunner.java:331)\n\tat org.junit.runners.ParentRunner$1.schedule(ParentRunner.java:79)\n\tat org.junit.runners.ParentRunner.runChildren(ParentRunner.java:329)\n\tat org.junit.runners.ParentRunner.access$100(ParentRunner.java:66)\n\tat org.junit.runners.ParentRunner$2.evaluate(ParentRunner.java:293)\n\tat org.junit.internal.runners.statements.RunBefores.evaluate(RunBefores.java:26)\n\tat org.junit.runners.ParentRunner$3.evaluate(ParentRunner.java:306)\n\tat org.junit.runners.ParentRunner.run(ParentRunner.java:413)\n\tat org.junit.runners.Suite.runChild(Suite.java:128)\n\tat org.junit.runners.Suite.runChild(Suite.java:27)\n\tat org.junit.runners.ParentRunner$4.run(ParentRunner.java:331)\n\tat org.junit.runners.ParentRunner$1.schedule(ParentRunner.java:79)\n\tat org.junit.runners.ParentRunner.runChildren(ParentRunner.java:329)\n\tat org.junit.runners.ParentRunner.access$100(ParentRunner.java:66)\n\tat org.junit.runners.ParentRunner$2.evaluate(ParentRunner.java:293)\n\tat org.junit.runners.ParentRunner$3.evaluate(ParentRunner.java:306)\n\tat org.junit.runners.ParentRunner.run(ParentRunner.java:413)\n\tat org.junit.runner.JUnitCore.run(JUnitCore.java:137)\n\tat org.junit.runner.JUnitCore.run(JUnitCore.java:115)\n\tat org.junit.runner.JUnitCore.run(JUnitCore.java:105)\n\tat org.junit.runner.JUnitCore.run(JUnitCore.java:94)\n\tat es.us.isa.restest.runners.RESTestRunner.testExecution(RESTestRunner.java:127)\n\tat es.us.isa.restest.runners.RESTestRunner.run(RESTestRunner.java:72)\n\tat es.us.isa.restest.main.TestGenerationAndExecution.main(TestGenerationAndExecution.java:148)\n",
    "steps" : [ ],
    "attachments" : [ {
      "uid" : "1fbee7547ea5a032",
      "name" : "Request",
      "source" : "1fbee7547ea5a032.html",
      "type" : "text/html",
      "size" : 523
    }, {
      "uid" : "e3ebd8a927e1edb0",
      "name" : "HTTP/1.1 422 Unprocessable Entity",
      "source" : "e3ebd8a927e1edb0.html",
      "type" : "text/html",
      "size" : 546
    } ],
    "parameters" : [ ],
    "stepsCount" : 0,
    "attachmentsCount" : 2,
    "shouldDisplayMessage" : true,
    "hasContent" : true
  },
  "afterStages" : [ ],
  "labels" : [ {
    "name" : "package",
    "value" : "ProjectManagementBrokenRecordDeletion"
  }, {
    "name" : "testClass",
    "value" : "ProjectManagementBrokenRecordDeletion.OasDbProjectManagementBrokenRecordDeletion_vb6b5wd0ncxg"
  }, {
    "name" : "testMethod",
    "value" : "test_1h7leqvkxwunq_createproject"
  }, {
    "name" : "suite",
    "value" : "ProjectManagementBrokenRecordDeletion.OasDbProjectManagementBrokenRecordDeletion_vb6b5wd0ncxg"
  }, {
    "name" : "host",
    "value" : "Alexs-MacBook-Pro-2.local"
  }, {
    "name" : "thread",
    "value" : "66534@Alexs-MacBook-Pro-2.local.main(1)"
  }, {
    "name" : "framework",
    "value" : "junit4"
  }, {
    "name" : "language",
    "value" : "java"
  }, {
    "name" : "resultFormat",
    "value" : "allure2"
  } ],
  "parameters" : [ ],
  "links" : [ ],
  "hidden" : false,
  "retry" : false,
  "extra" : {
    "severity" : "normal",
    "retries" : [ ],
    "categories" : [ {
      "name" : "SEVERITY 1: Disconformity with OAS",
      "messageRegex" : "OAS disconformity.*",
      "matchedStatuses" : [ "failed" ],
      "flaky" : false
    } ],
    "history" : {
      "statistic" : {
        "failed" : 12,
        "broken" : 0,
        "skipped" : 0,
        "passed" : 0,
        "unknown" : 0,
        "total" : 12
      },
      "items" : [ {
        "uid" : "f706383dea16817d",
        "status" : "failed",
        "statusDetails" : "OAS disconformity: Response status 422 not defined for path '/projects'.",
        "time" : {
          "start" : 1640946337794,
          "stop" : 1640946337813,
          "duration" : 19
        }
      }, {
        "uid" : "66f1f1d4488b1329",
        "status" : "failed",
        "statusDetails" : "OAS disconformity: Response status 422 not defined for path '/projects'.",
        "time" : {
          "start" : 1640946337794,
          "stop" : 1640946337813,
          "duration" : 19
        }
      }, {
        "uid" : "704c954af482e025",
        "status" : "failed",
        "statusDetails" : "OAS disconformity: Response status 422 not defined for path '/projects'.",
        "time" : {
          "start" : 1640946337794,
          "stop" : 1640946337813,
          "duration" : 19
        }
      }, {
        "uid" : "5e65e811f12240be",
        "status" : "failed",
        "statusDetails" : "OAS disconformity: Response status 422 not defined for path '/projects'.",
        "time" : {
          "start" : 1640946337794,
          "stop" : 1640946337813,
          "duration" : 19
        }
      }, {
        "uid" : "e7b4a8c1920902b3",
        "status" : "failed",
        "statusDetails" : "OAS disconformity: Response status 422 not defined for path '/projects'.",
        "time" : {
          "start" : 1640946337794,
          "stop" : 1640946337813,
          "duration" : 19
        }
      }, {
        "uid" : "af41993c6ec5ced1",
        "status" : "failed",
        "statusDetails" : "OAS disconformity: Response status 422 not defined for path '/projects'.",
        "time" : {
          "start" : 1640946337794,
          "stop" : 1640946337813,
          "duration" : 19
        }
      }, {
        "uid" : "222ddf7b7ea12ebe",
        "status" : "failed",
        "statusDetails" : "OAS disconformity: Response status 422 not defined for path '/projects'.",
        "time" : {
          "start" : 1640946337794,
          "stop" : 1640946337813,
          "duration" : 19
        }
      }, {
        "uid" : "ec086e6d5a65ce65",
        "status" : "failed",
        "statusDetails" : "OAS disconformity: Response status 422 not defined for path '/projects'.",
        "time" : {
          "start" : 1640946337794,
          "stop" : 1640946337813,
          "duration" : 19
        }
      }, {
        "uid" : "23da4d864ea6c373",
        "status" : "failed",
        "statusDetails" : "OAS disconformity: Response status 422 not defined for path '/projects'.",
        "time" : {
          "start" : 1640946337794,
          "stop" : 1640946337813,
          "duration" : 19
        }
      }, {
        "uid" : "83b04c2a599e306",
        "status" : "failed",
        "statusDetails" : "OAS disconformity: Response status 422 not defined for path '/projects'.",
        "time" : {
          "start" : 1640946337794,
          "stop" : 1640946337813,
          "duration" : 19
        }
      }, {
        "uid" : "7588788fabf7d4c2",
        "status" : "failed",
        "statusDetails" : "OAS disconformity: Response status 422 not defined for path '/projects'.",
        "time" : {
          "start" : 1640946337794,
          "stop" : 1640946337813,
          "duration" : 19
        }
      } ]
    },
    "tags" : [ ]
  },
  "source" : "8bfd1b1d1bf6fc66.json",
  "parameterValues" : [ ]
}