{
  "uid" : "8e64748ce02c1fd8",
  "name" : "test_rh5095oqfl87_createproject",
  "fullName" : "ProjectManagementBrokenRecordDeletion.OasDbProjectManagementBrokenRecordDeletion_urmd7qciumw2.test_rh5095oqfl87_createproject",
  "historyId" : "caf86a017ae1df4c9e8d8c284d9cda75",
  "time" : {
    "start" : 1640946738944,
    "stop" : 1640946738958,
    "duration" : 14
  },
  "status" : "failed",
  "statusMessage" : "OAS disconformity: Response status 422 not defined for path '/projects'.",
  "statusTrace" : "java.lang.AssertionError: OAS disconformity: Response status 422 not defined for path '/projects'.\n\tat org.junit.Assert.fail(Assert.java:89)\n\tat ProjectManagementBrokenRecordDeletion.OasDbProjectManagementBrokenRecordDeletion_urmd7qciumw2.test_rh5095oqfl87_createproject(OasDbProjectManagementBrokenRecordDeletion_urmd7qciumw2.java:138)\n\tat sun.reflect.NativeMethodAccessorImpl.invoke0(Native Method)\n\tat sun.reflect.NativeMethodAccessorImpl.invoke(NativeMethodAccessorImpl.java:62)\n\tat sun.reflect.DelegatingMethodAccessorImpl.invoke(DelegatingMethodAccessorImpl.java:43)\n\tat java.lang.reflect.Method.invoke(Method.java:498)\n\tat org.junit.runners.model.FrameworkMethod$1.runReflectiveCall(FrameworkMethod.java:59)\n\tat org.junit.internal.runners.model.ReflectiveCallable.run(ReflectiveCallable.java:12)\n\tat org.junit.runners.model.FrameworkMethod.invokeExplosively(FrameworkMethod.java:56)\n\tat org.junit.internal.runners.statements.InvokeMethod.evaluate(InvokeMethod.java:17)\n\tat org.junit.runners.ParentRunner$3.evaluate(ParentRunner.java:306)\n\tat org.junit.runners.BlockJUnit4ClassRunner$1.evaluate(BlockJUnit4ClassRunner.java:100)\n\tat org.junit.runners.ParentRunner.runLeaf(ParentRunner.java:366)\n\tat org.junit.runners.BlockJUnit4ClassRunner.runChild(BlockJUnit4ClassRunner.java:103)\n\tat org.junit.runners.BlockJUnit4ClassRunner.runChild(BlockJUnit4ClassRunner.java:63)\n\tat org.junit.runners.ParentRunner$4.run(ParentRunner.java:331)\n\tat org.junit.runners.ParentRunner$1.schedule(ParentRunner.java:79)\n\tat org.junit.runners.ParentRunner.runChildren(ParentRunner.java:329)\n\tat org.junit.runners.ParentRunner.access$100(ParentRunner.java:66)\n\tat org.junit.runners.ParentRunner$2.evaluate(ParentRunner.java:293)\n\tat org.junit.internal.runners.statements.RunBefores.evaluate(RunBefores.java:26)\n\tat org.junit.runners.ParentRunner$3.evaluate(ParentRunner.java:306)\n\tat org.junit.runners.ParentRunner.run(ParentRunner.java:413)\n\tat org.junit.runners.Suite.runChild(Suite.java:128)\n\tat org.junit.runners.Suite.runChild(Suite.java:27)\n\tat org.junit.runners.ParentRunner$4.run(ParentRunner.java:331)\n\tat org.junit.runners.ParentRunner$1.schedule(ParentRunner.java:79)\n\tat org.junit.runners.ParentRunner.runChildren(ParentRunner.java:329)\n\tat org.junit.runners.ParentRunner.access$100(ParentRunner.java:66)\n\tat org.junit.runners.ParentRunner$2.evaluate(ParentRunner.java:293)\n\tat org.junit.runners.ParentRunner$3.evaluate(ParentRunner.java:306)\n\tat org.junit.runners.ParentRunner.run(ParentRunner.java:413)\n\tat org.junit.runner.JUnitCore.run(JUnitCore.java:137)\n\tat org.junit.runner.JUnitCore.run(JUnitCore.java:115)\n\tat org.junit.runner.JUnitCore.run(JUnitCore.java:105)\n\tat org.junit.runner.JUnitCore.run(JUnitCore.java:94)\n\tat es.us.isa.restest.runners.RESTestRunner.testExecution(RESTestRunner.java:127)\n\tat es.us.isa.restest.runners.RESTestRunner.run(RESTestRunner.java:72)\n\tat es.us.isa.restest.main.TestGenerationAndExecution.main(TestGenerationAndExecution.java:148)\n",
  "flaky" : false,
  "newFailed" : false,
  "beforeStages" : [ ],
  "testStage" : {
    "status" : "failed",
    "statusMessage" : "OAS disconformity: Response status 422 not defined for path '/projects'.",
    "statusTrace" : "java.lang.AssertionError: OAS disconformity: Response status 422 not defined for path '/projects'.\n\tat org.junit.Assert.fail(Assert.java:89)\n\tat ProjectManagementBrokenRecordDeletion.OasDbProjectManagementBrokenRecordDeletion_urmd7qciumw2.test_rh5095oqfl87_createproject(OasDbProjectManagementBrokenRecordDeletion_urmd7qciumw2.java:138)\n\tat sun.reflect.NativeMethodAccessorImpl.invoke0(Native Method)\n\tat sun.reflect.NativeMethodAccessorImpl.invoke(NativeMethodAccessorImpl.java:62)\n\tat sun.reflect.DelegatingMethodAccessorImpl.invoke(DelegatingMethodAccessorImpl.java:43)\n\tat java.lang.reflect.Method.invoke(Method.java:498)\n\tat org.junit.runners.model.FrameworkMethod$1.runReflectiveCall(FrameworkMethod.java:59)\n\tat org.junit.internal.runners.model.ReflectiveCallable.run(ReflectiveCallable.java:12)\n\tat org.junit.runners.model.FrameworkMethod.invokeExplosively(FrameworkMethod.java:56)\n\tat org.junit.internal.runners.statements.InvokeMethod.evaluate(InvokeMethod.java:17)\n\tat org.junit.runners.ParentRunner$3.evaluate(ParentRunner.java:306)\n\tat org.junit.runners.BlockJUnit4ClassRunner$1.evaluate(BlockJUnit4ClassRunner.java:100)\n\tat org.junit.runners.ParentRunner.runLeaf(ParentRunner.java:366)\n\tat org.junit.runners.BlockJUnit4ClassRunner.runChild(BlockJUnit4ClassRunner.java:103)\n\tat org.junit.runners.BlockJUnit4ClassRunner.runChild(BlockJUnit4ClassRunner.java:63)\n\tat org.junit.runners.ParentRunner$4.run(ParentRunner.java:331)\n\tat org.junit.runners.ParentRunner$1.schedule(ParentRunner.java:79)\n\tat org.junit.runners.ParentRunner.runChildren(ParentRunner.java:329)\n\tat org.junit.runners.ParentRunner.access$100(ParentRunner.java:66)\n\tat org.junit.runners.ParentRunner$2.evaluate(ParentRunner.java:293)\n\tat org.junit.internal.runners.statements.RunBefores.evaluate(RunBefores.java:26)\n\tat org.junit.runners.ParentRunner$3.evaluate(ParentRunner.java:306)\n\tat org.junit.runners.ParentRunner.run(ParentRunner.java:413)\n\tat org.junit.runners.Suite.runChild(Suite.java:128)\n\tat org.junit.runners.Suite.runChild(Suite.java:27)\n\tat org.junit.runners.ParentRunner$4.run(ParentRunner.java:331)\n\tat org.junit.runners.ParentRunner$1.schedule(ParentRunner.java:79)\n\tat org.junit.runners.ParentRunner.runChildren(ParentRunner.java:329)\n\tat org.junit.runners.ParentRunner.access$100(ParentRunner.java:66)\n\tat org.junit.runners.ParentRunner$2.evaluate(ParentRunner.java:293)\n\tat org.junit.runners.ParentRunner$3.evaluate(ParentRunner.java:306)\n\tat org.junit.runners.ParentRunner.run(ParentRunner.java:413)\n\tat org.junit.runner.JUnitCore.run(JUnitCore.java:137)\n\tat org.junit.runner.JUnitCore.run(JUnitCore.java:115)\n\tat org.junit.runner.JUnitCore.run(JUnitCore.java:105)\n\tat org.junit.runner.JUnitCore.run(JUnitCore.java:94)\n\tat es.us.isa.restest.runners.RESTestRunner.testExecution(RESTestRunner.java:127)\n\tat es.us.isa.restest.runners.RESTestRunner.run(RESTestRunner.java:72)\n\tat es.us.isa.restest.main.TestGenerationAndExecution.main(TestGenerationAndExecution.java:148)\n",
    "steps" : [ ],
    "attachments" : [ {
      "uid" : "4afb88137793fb58",
      "name" : "Request",
      "source" : "4afb88137793fb58.html",
      "type" : "text/html",
      "size" : 549
    }, {
      "uid" : "858c2d89ad38fa04",
      "name" : "HTTP/1.1 422 Unprocessable Entity",
      "source" : "858c2d89ad38fa04.html",
      "type" : "text/html",
      "size" : 546
    } ],
    "parameters" : [ ],
    "stepsCount" : 0,
    "attachmentsCount" : 2,
    "shouldDisplayMessage" : true,
    "hasContent" : true
  },
  "afterStages" : [ ],
  "labels" : [ {
    "name" : "package",
    "value" : "ProjectManagementBrokenRecordDeletion"
  }, {
    "name" : "testClass",
    "value" : "ProjectManagementBrokenRecordDeletion.OasDbProjectManagementBrokenRecordDeletion_urmd7qciumw2"
  }, {
    "name" : "testMethod",
    "value" : "test_rh5095oqfl87_createproject"
  }, {
    "name" : "suite",
    "value" : "ProjectManagementBrokenRecordDeletion.OasDbProjectManagementBrokenRecordDeletion_urmd7qciumw2"
  }, {
    "name" : "host",
    "value" : "Alexs-MacBook-Pro-2.local"
  }, {
    "name" : "thread",
    "value" : "66534@Alexs-MacBook-Pro-2.local.main(1)"
  }, {
    "name" : "framework",
    "value" : "junit4"
  }, {
    "name" : "language",
    "value" : "java"
  }, {
    "name" : "resultFormat",
    "value" : "allure2"
  } ],
  "parameters" : [ ],
  "links" : [ ],
  "hidden" : false,
  "retry" : false,
  "extra" : {
    "severity" : "normal",
    "retries" : [ ],
    "categories" : [ {
      "name" : "SEVERITY 1: Disconformity with OAS",
      "messageRegex" : "OAS disconformity.*",
      "matchedStatuses" : [ "failed" ],
      "flaky" : false
    } ],
    "history" : {
      "statistic" : {
        "failed" : 8,
        "broken" : 0,
        "skipped" : 0,
        "passed" : 0,
        "unknown" : 0,
        "total" : 8
      },
      "items" : [ {
        "uid" : "947db1116954584",
        "status" : "failed",
        "statusDetails" : "OAS disconformity: Response status 422 not defined for path '/projects'.",
        "time" : {
          "start" : 1640946738944,
          "stop" : 1640946738958,
          "duration" : 14
        }
      }, {
        "uid" : "31089bc497610ddb",
        "status" : "failed",
        "statusDetails" : "OAS disconformity: Response status 422 not defined for path '/projects'.",
        "time" : {
          "start" : 1640946738944,
          "stop" : 1640946738958,
          "duration" : 14
        }
      }, {
        "uid" : "f02d9b793d2679b7",
        "status" : "failed",
        "statusDetails" : "OAS disconformity: Response status 422 not defined for path '/projects'.",
        "time" : {
          "start" : 1640946738944,
          "stop" : 1640946738958,
          "duration" : 14
        }
      }, {
        "uid" : "94694a4776d715d6",
        "status" : "failed",
        "statusDetails" : "OAS disconformity: Response status 422 not defined for path '/projects'.",
        "time" : {
          "start" : 1640946738944,
          "stop" : 1640946738958,
          "duration" : 14
        }
      }, {
        "uid" : "daf46440e235efc6",
        "status" : "failed",
        "statusDetails" : "OAS disconformity: Response status 422 not defined for path '/projects'.",
        "time" : {
          "start" : 1640946738944,
          "stop" : 1640946738958,
          "duration" : 14
        }
      }, {
        "uid" : "52f62449df5a9452",
        "status" : "failed",
        "statusDetails" : "OAS disconformity: Response status 422 not defined for path '/projects'.",
        "time" : {
          "start" : 1640946738944,
          "stop" : 1640946738958,
          "duration" : 14
        }
      }, {
        "uid" : "36729b5bd7081a3c",
        "status" : "failed",
        "statusDetails" : "OAS disconformity: Response status 422 not defined for path '/projects'.",
        "time" : {
          "start" : 1640946738944,
          "stop" : 1640946738958,
          "duration" : 14
        }
      } ]
    },
    "tags" : [ ]
  },
  "source" : "8e64748ce02c1fd8.json",
  "parameterValues" : [ ]
}