{
  "uid" : "257fb22634ad47f2",
  "name" : "test_s4mu4ontgqch_updateproject",
  "fullName" : "ProjectManagementInvalidExample.OasDbProjectManagementInvalidExample_urgtqhhirjvp.test_s4mu4ontgqch_updateproject",
  "historyId" : "ade48f3074769b076e774a88003dc52f",
  "time" : {
    "start" : 1640949953806,
    "stop" : 1640949953828,
    "duration" : 22
  },
  "status" : "failed",
  "statusMessage" : "OAS disconformity: Response status 422 not defined for path '/projects/{project_id}'.",
  "statusTrace" : "java.lang.AssertionError: OAS disconformity: Response status 422 not defined for path '/projects/{project_id}'.\n\tat org.junit.Assert.fail(Assert.java:89)\n\tat ProjectManagementInvalidExample.OasDbProjectManagementInvalidExample_urgtqhhirjvp.test_s4mu4ontgqch_updateproject(OasDbProjectManagementInvalidExample_urgtqhhirjvp.java:435)\n\tat sun.reflect.NativeMethodAccessorImpl.invoke0(Native Method)\n\tat sun.reflect.NativeMethodAccessorImpl.invoke(NativeMethodAccessorImpl.java:62)\n\tat sun.reflect.DelegatingMethodAccessorImpl.invoke(DelegatingMethodAccessorImpl.java:43)\n\tat java.lang.reflect.Method.invoke(Method.java:498)\n\tat org.junit.runners.model.FrameworkMethod$1.runReflectiveCall(FrameworkMethod.java:59)\n\tat org.junit.internal.runners.model.ReflectiveCallable.run(ReflectiveCallable.java:12)\n\tat org.junit.runners.model.FrameworkMethod.invokeExplosively(FrameworkMethod.java:56)\n\tat org.junit.internal.runners.statements.InvokeMethod.evaluate(InvokeMethod.java:17)\n\tat org.junit.runners.ParentRunner$3.evaluate(ParentRunner.java:306)\n\tat org.junit.runners.BlockJUnit4ClassRunner$1.evaluate(BlockJUnit4ClassRunner.java:100)\n\tat org.junit.runners.ParentRunner.runLeaf(ParentRunner.java:366)\n\tat org.junit.runners.BlockJUnit4ClassRunner.runChild(BlockJUnit4ClassRunner.java:103)\n\tat org.junit.runners.BlockJUnit4ClassRunner.runChild(BlockJUnit4ClassRunner.java:63)\n\tat org.junit.runners.ParentRunner$4.run(ParentRunner.java:331)\n\tat org.junit.runners.ParentRunner$1.schedule(ParentRunner.java:79)\n\tat org.junit.runners.ParentRunner.runChildren(ParentRunner.java:329)\n\tat org.junit.runners.ParentRunner.access$100(ParentRunner.java:66)\n\tat org.junit.runners.ParentRunner$2.evaluate(ParentRunner.java:293)\n\tat org.junit.internal.runners.statements.RunBefores.evaluate(RunBefores.java:26)\n\tat org.junit.runners.ParentRunner$3.evaluate(ParentRunner.java:306)\n\tat org.junit.runners.ParentRunner.run(ParentRunner.java:413)\n\tat org.junit.runners.Suite.runChild(Suite.java:128)\n\tat org.junit.runners.Suite.runChild(Suite.java:27)\n\tat org.junit.runners.ParentRunner$4.run(ParentRunner.java:331)\n\tat org.junit.runners.ParentRunner$1.schedule(ParentRunner.java:79)\n\tat org.junit.runners.ParentRunner.runChildren(ParentRunner.java:329)\n\tat org.junit.runners.ParentRunner.access$100(ParentRunner.java:66)\n\tat org.junit.runners.ParentRunner$2.evaluate(ParentRunner.java:293)\n\tat org.junit.runners.ParentRunner$3.evaluate(ParentRunner.java:306)\n\tat org.junit.runners.ParentRunner.run(ParentRunner.java:413)\n\tat org.junit.runner.JUnitCore.run(JUnitCore.java:137)\n\tat org.junit.runner.JUnitCore.run(JUnitCore.java:115)\n\tat org.junit.runner.JUnitCore.run(JUnitCore.java:105)\n\tat org.junit.runner.JUnitCore.run(JUnitCore.java:94)\n\tat es.us.isa.restest.runners.RESTestRunner.testExecution(RESTestRunner.java:127)\n\tat es.us.isa.restest.runners.RESTestRunner.run(RESTestRunner.java:72)\n\tat es.us.isa.restest.main.TestGenerationAndExecution.main(TestGenerationAndExecution.java:148)\n",
  "flaky" : false,
  "newFailed" : false,
  "beforeStages" : [ ],
  "testStage" : {
    "status" : "failed",
    "statusMessage" : "OAS disconformity: Response status 422 not defined for path '/projects/{project_id}'.",
    "statusTrace" : "java.lang.AssertionError: OAS disconformity: Response status 422 not defined for path '/projects/{project_id}'.\n\tat org.junit.Assert.fail(Assert.java:89)\n\tat ProjectManagementInvalidExample.OasDbProjectManagementInvalidExample_urgtqhhirjvp.test_s4mu4ontgqch_updateproject(OasDbProjectManagementInvalidExample_urgtqhhirjvp.java:435)\n\tat sun.reflect.NativeMethodAccessorImpl.invoke0(Native Method)\n\tat sun.reflect.NativeMethodAccessorImpl.invoke(NativeMethodAccessorImpl.java:62)\n\tat sun.reflect.DelegatingMethodAccessorImpl.invoke(DelegatingMethodAccessorImpl.java:43)\n\tat java.lang.reflect.Method.invoke(Method.java:498)\n\tat org.junit.runners.model.FrameworkMethod$1.runReflectiveCall(FrameworkMethod.java:59)\n\tat org.junit.internal.runners.model.ReflectiveCallable.run(ReflectiveCallable.java:12)\n\tat org.junit.runners.model.FrameworkMethod.invokeExplosively(FrameworkMethod.java:56)\n\tat org.junit.internal.runners.statements.InvokeMethod.evaluate(InvokeMethod.java:17)\n\tat org.junit.runners.ParentRunner$3.evaluate(ParentRunner.java:306)\n\tat org.junit.runners.BlockJUnit4ClassRunner$1.evaluate(BlockJUnit4ClassRunner.java:100)\n\tat org.junit.runners.ParentRunner.runLeaf(ParentRunner.java:366)\n\tat org.junit.runners.BlockJUnit4ClassRunner.runChild(BlockJUnit4ClassRunner.java:103)\n\tat org.junit.runners.BlockJUnit4ClassRunner.runChild(BlockJUnit4ClassRunner.java:63)\n\tat org.junit.runners.ParentRunner$4.run(ParentRunner.java:331)\n\tat org.junit.runners.ParentRunner$1.schedule(ParentRunner.java:79)\n\tat org.junit.runners.ParentRunner.runChildren(ParentRunner.java:329)\n\tat org.junit.runners.ParentRunner.access$100(ParentRunner.java:66)\n\tat org.junit.runners.ParentRunner$2.evaluate(ParentRunner.java:293)\n\tat org.junit.internal.runners.statements.RunBefores.evaluate(RunBefores.java:26)\n\tat org.junit.runners.ParentRunner$3.evaluate(ParentRunner.java:306)\n\tat org.junit.runners.ParentRunner.run(ParentRunner.java:413)\n\tat org.junit.runners.Suite.runChild(Suite.java:128)\n\tat org.junit.runners.Suite.runChild(Suite.java:27)\n\tat org.junit.runners.ParentRunner$4.run(ParentRunner.java:331)\n\tat org.junit.runners.ParentRunner$1.schedule(ParentRunner.java:79)\n\tat org.junit.runners.ParentRunner.runChildren(ParentRunner.java:329)\n\tat org.junit.runners.ParentRunner.access$100(ParentRunner.java:66)\n\tat org.junit.runners.ParentRunner$2.evaluate(ParentRunner.java:293)\n\tat org.junit.runners.ParentRunner$3.evaluate(ParentRunner.java:306)\n\tat org.junit.runners.ParentRunner.run(ParentRunner.java:413)\n\tat org.junit.runner.JUnitCore.run(JUnitCore.java:137)\n\tat org.junit.runner.JUnitCore.run(JUnitCore.java:115)\n\tat org.junit.runner.JUnitCore.run(JUnitCore.java:105)\n\tat org.junit.runner.JUnitCore.run(JUnitCore.java:94)\n\tat es.us.isa.restest.runners.RESTestRunner.testExecution(RESTestRunner.java:127)\n\tat es.us.isa.restest.runners.RESTestRunner.run(RESTestRunner.java:72)\n\tat es.us.isa.restest.main.TestGenerationAndExecution.main(TestGenerationAndExecution.java:148)\n",
    "steps" : [ ],
    "attachments" : [ {
      "uid" : "8b5031efcef991df",
      "name" : "Request",
      "source" : "8b5031efcef991df.html",
      "type" : "text/html",
      "size" : 493
    }, {
      "uid" : "1d72fb6ba1b59bd6",
      "name" : "HTTP/1.1 422 Unprocessable Entity",
      "source" : "1d72fb6ba1b59bd6.html",
      "type" : "text/html",
      "size" : 546
    } ],
    "parameters" : [ ],
    "stepsCount" : 0,
    "attachmentsCount" : 2,
    "shouldDisplayMessage" : true,
    "hasContent" : true
  },
  "afterStages" : [ ],
  "labels" : [ {
    "name" : "package",
    "value" : "ProjectManagementInvalidExample"
  }, {
    "name" : "testClass",
    "value" : "ProjectManagementInvalidExample.OasDbProjectManagementInvalidExample_urgtqhhirjvp"
  }, {
    "name" : "testMethod",
    "value" : "test_s4mu4ontgqch_updateproject"
  }, {
    "name" : "suite",
    "value" : "ProjectManagementInvalidExample.OasDbProjectManagementInvalidExample_urgtqhhirjvp"
  }, {
    "name" : "host",
    "value" : "Alexs-MacBook-Pro-2.local"
  }, {
    "name" : "thread",
    "value" : "68692@Alexs-MacBook-Pro-2.local.main(1)"
  }, {
    "name" : "framework",
    "value" : "junit4"
  }, {
    "name" : "language",
    "value" : "java"
  }, {
    "name" : "resultFormat",
    "value" : "allure2"
  } ],
  "parameters" : [ ],
  "links" : [ ],
  "hidden" : false,
  "retry" : false,
  "extra" : {
    "severity" : "normal",
    "retries" : [ ],
    "categories" : [ {
      "name" : "SEVERITY 1: Disconformity with OAS",
      "messageRegex" : "OAS disconformity.*",
      "matchedStatuses" : [ "failed" ],
      "flaky" : false
    } ],
    "history" : {
      "statistic" : {
        "failed" : 14,
        "broken" : 0,
        "skipped" : 0,
        "passed" : 0,
        "unknown" : 0,
        "total" : 14
      },
      "items" : [ {
        "uid" : "ea49a89fe6550c97",
        "status" : "failed",
        "statusDetails" : "OAS disconformity: Response status 422 not defined for path '/projects/{project_id}'.",
        "time" : {
          "start" : 1640949953806,
          "stop" : 1640949953828,
          "duration" : 22
        }
      }, {
        "uid" : "1feba6260cf40565",
        "status" : "failed",
        "statusDetails" : "OAS disconformity: Response status 422 not defined for path '/projects/{project_id}'.",
        "time" : {
          "start" : 1640949953806,
          "stop" : 1640949953828,
          "duration" : 22
        }
      }, {
        "uid" : "f6dcf04aea0a0de2",
        "status" : "failed",
        "statusDetails" : "OAS disconformity: Response status 422 not defined for path '/projects/{project_id}'.",
        "time" : {
          "start" : 1640949953806,
          "stop" : 1640949953828,
          "duration" : 22
        }
      }, {
        "uid" : "62b3e61679bca235",
        "status" : "failed",
        "statusDetails" : "OAS disconformity: Response status 422 not defined for path '/projects/{project_id}'.",
        "time" : {
          "start" : 1640949953806,
          "stop" : 1640949953828,
          "duration" : 22
        }
      }, {
        "uid" : "40e44f850c5e5402",
        "status" : "failed",
        "statusDetails" : "OAS disconformity: Response status 422 not defined for path '/projects/{project_id}'.",
        "time" : {
          "start" : 1640949953806,
          "stop" : 1640949953828,
          "duration" : 22
        }
      }, {
        "uid" : "20238e289be67bad",
        "status" : "failed",
        "statusDetails" : "OAS disconformity: Response status 422 not defined for path '/projects/{project_id}'.",
        "time" : {
          "start" : 1640949953806,
          "stop" : 1640949953828,
          "duration" : 22
        }
      }, {
        "uid" : "429b4f886e670bae",
        "status" : "failed",
        "statusDetails" : "OAS disconformity: Response status 422 not defined for path '/projects/{project_id}'.",
        "time" : {
          "start" : 1640949953806,
          "stop" : 1640949953828,
          "duration" : 22
        }
      }, {
        "uid" : "c01579fd150d668f",
        "status" : "failed",
        "statusDetails" : "OAS disconformity: Response status 422 not defined for path '/projects/{project_id}'.",
        "time" : {
          "start" : 1640949953806,
          "stop" : 1640949953828,
          "duration" : 22
        }
      }, {
        "uid" : "c85c5b58b1e6fe59",
        "status" : "failed",
        "statusDetails" : "OAS disconformity: Response status 422 not defined for path '/projects/{project_id}'.",
        "time" : {
          "start" : 1640949953806,
          "stop" : 1640949953828,
          "duration" : 22
        }
      }, {
        "uid" : "7bbb2da15b6fa014",
        "status" : "failed",
        "statusDetails" : "OAS disconformity: Response status 422 not defined for path '/projects/{project_id}'.",
        "time" : {
          "start" : 1640949953806,
          "stop" : 1640949953828,
          "duration" : 22
        }
      }, {
        "uid" : "ce5f71b49dad332",
        "status" : "failed",
        "statusDetails" : "OAS disconformity: Response status 422 not defined for path '/projects/{project_id}'.",
        "time" : {
          "start" : 1640949953806,
          "stop" : 1640949953828,
          "duration" : 22
        }
      }, {
        "uid" : "baf7c35d79e095bb",
        "status" : "failed",
        "statusDetails" : "OAS disconformity: Response status 422 not defined for path '/projects/{project_id}'.",
        "time" : {
          "start" : 1640949953806,
          "stop" : 1640949953828,
          "duration" : 22
        }
      }, {
        "uid" : "b7f14d0f3431141d",
        "status" : "failed",
        "statusDetails" : "OAS disconformity: Response status 422 not defined for path '/projects/{project_id}'.",
        "time" : {
          "start" : 1640949953806,
          "stop" : 1640949953828,
          "duration" : 22
        }
      } ]
    },
    "tags" : [ ]
  },
  "source" : "257fb22634ad47f2.json",
  "parameterValues" : [ ]
}