{
  "uid" : "a764930561971f48",
  "name" : "test_1ibbk1lijsl0m_readproject",
  "fullName" : "ProjectManagementInvalidExample.OasDbProjectManagementInvalidExample_soekrjlfekom.test_1ibbk1lijsl0m_readproject",
  "historyId" : "112c910f377360b235feb7b0c410b36c",
  "time" : {
    "start" : 1640950274396,
    "stop" : 1640950274412,
    "duration" : 16
  },
  "status" : "failed",
  "statusMessage" : "OAS disconformity: Instance failed to match all required schemas (matched only 0 out of 2) --- Object instance has properties which are not allowed by the schema: [\"description\";\"id\";\"name\"]",
  "statusTrace" : "java.lang.AssertionError: OAS disconformity: Instance failed to match all required schemas (matched only 0 out of 2) --- Object instance has properties which are not allowed by the schema: [\"description\";\"id\";\"name\"]\n\tat org.junit.Assert.fail(Assert.java:89)\n\tat ProjectManagementInvalidExample.OasDbProjectManagementInvalidExample_soekrjlfekom.test_1ibbk1lijsl0m_readproject(OasDbProjectManagementInvalidExample_soekrjlfekom.java:203)\n\tat sun.reflect.NativeMethodAccessorImpl.invoke0(Native Method)\n\tat sun.reflect.NativeMethodAccessorImpl.invoke(NativeMethodAccessorImpl.java:62)\n\tat sun.reflect.DelegatingMethodAccessorImpl.invoke(DelegatingMethodAccessorImpl.java:43)\n\tat java.lang.reflect.Method.invoke(Method.java:498)\n\tat org.junit.runners.model.FrameworkMethod$1.runReflectiveCall(FrameworkMethod.java:59)\n\tat org.junit.internal.runners.model.ReflectiveCallable.run(ReflectiveCallable.java:12)\n\tat org.junit.runners.model.FrameworkMethod.invokeExplosively(FrameworkMethod.java:56)\n\tat org.junit.internal.runners.statements.InvokeMethod.evaluate(InvokeMethod.java:17)\n\tat org.junit.runners.ParentRunner$3.evaluate(ParentRunner.java:306)\n\tat org.junit.runners.BlockJUnit4ClassRunner$1.evaluate(BlockJUnit4ClassRunner.java:100)\n\tat org.junit.runners.ParentRunner.runLeaf(ParentRunner.java:366)\n\tat org.junit.runners.BlockJUnit4ClassRunner.runChild(BlockJUnit4ClassRunner.java:103)\n\tat org.junit.runners.BlockJUnit4ClassRunner.runChild(BlockJUnit4ClassRunner.java:63)\n\tat org.junit.runners.ParentRunner$4.run(ParentRunner.java:331)\n\tat org.junit.runners.ParentRunner$1.schedule(ParentRunner.java:79)\n\tat org.junit.runners.ParentRunner.runChildren(ParentRunner.java:329)\n\tat org.junit.runners.ParentRunner.access$100(ParentRunner.java:66)\n\tat org.junit.runners.ParentRunner$2.evaluate(ParentRunner.java:293)\n\tat org.junit.internal.runners.statements.RunBefores.evaluate(RunBefores.java:26)\n\tat org.junit.runners.ParentRunner$3.evaluate(ParentRunner.java:306)\n\tat org.junit.runners.ParentRunner.run(ParentRunner.java:413)\n\tat org.junit.runners.Suite.runChild(Suite.java:128)\n\tat org.junit.runners.Suite.runChild(Suite.java:27)\n\tat org.junit.runners.ParentRunner$4.run(ParentRunner.java:331)\n\tat org.junit.runners.ParentRunner$1.schedule(ParentRunner.java:79)\n\tat org.junit.runners.ParentRunner.runChildren(ParentRunner.java:329)\n\tat org.junit.runners.ParentRunner.access$100(ParentRunner.java:66)\n\tat org.junit.runners.ParentRunner$2.evaluate(ParentRunner.java:293)\n\tat org.junit.runners.ParentRunner$3.evaluate(ParentRunner.java:306)\n\tat org.junit.runners.ParentRunner.run(ParentRunner.java:413)\n\tat org.junit.runner.JUnitCore.run(JUnitCore.java:137)\n\tat org.junit.runner.JUnitCore.run(JUnitCore.java:115)\n\tat org.junit.runner.JUnitCore.run(JUnitCore.java:105)\n\tat org.junit.runner.JUnitCore.run(JUnitCore.java:94)\n\tat es.us.isa.restest.runners.RESTestRunner.testExecution(RESTestRunner.java:127)\n\tat es.us.isa.restest.runners.RESTestRunner.run(RESTestRunner.java:72)\n\tat es.us.isa.restest.main.TestGenerationAndExecution.main(TestGenerationAndExecution.java:148)\n",
  "flaky" : false,
  "newFailed" : false,
  "beforeStages" : [ ],
  "testStage" : {
    "status" : "failed",
    "statusMessage" : "OAS disconformity: Instance failed to match all required schemas (matched only 0 out of 2) --- Object instance has properties which are not allowed by the schema: [\"description\";\"id\";\"name\"]",
    "statusTrace" : "java.lang.AssertionError: OAS disconformity: Instance failed to match all required schemas (matched only 0 out of 2) --- Object instance has properties which are not allowed by the schema: [\"description\";\"id\";\"name\"]\n\tat org.junit.Assert.fail(Assert.java:89)\n\tat ProjectManagementInvalidExample.OasDbProjectManagementInvalidExample_soekrjlfekom.test_1ibbk1lijsl0m_readproject(OasDbProjectManagementInvalidExample_soekrjlfekom.java:203)\n\tat sun.reflect.NativeMethodAccessorImpl.invoke0(Native Method)\n\tat sun.reflect.NativeMethodAccessorImpl.invoke(NativeMethodAccessorImpl.java:62)\n\tat sun.reflect.DelegatingMethodAccessorImpl.invoke(DelegatingMethodAccessorImpl.java:43)\n\tat java.lang.reflect.Method.invoke(Method.java:498)\n\tat org.junit.runners.model.FrameworkMethod$1.runReflectiveCall(FrameworkMethod.java:59)\n\tat org.junit.internal.runners.model.ReflectiveCallable.run(ReflectiveCallable.java:12)\n\tat org.junit.runners.model.FrameworkMethod.invokeExplosively(FrameworkMethod.java:56)\n\tat org.junit.internal.runners.statements.InvokeMethod.evaluate(InvokeMethod.java:17)\n\tat org.junit.runners.ParentRunner$3.evaluate(ParentRunner.java:306)\n\tat org.junit.runners.BlockJUnit4ClassRunner$1.evaluate(BlockJUnit4ClassRunner.java:100)\n\tat org.junit.runners.ParentRunner.runLeaf(ParentRunner.java:366)\n\tat org.junit.runners.BlockJUnit4ClassRunner.runChild(BlockJUnit4ClassRunner.java:103)\n\tat org.junit.runners.BlockJUnit4ClassRunner.runChild(BlockJUnit4ClassRunner.java:63)\n\tat org.junit.runners.ParentRunner$4.run(ParentRunner.java:331)\n\tat org.junit.runners.ParentRunner$1.schedule(ParentRunner.java:79)\n\tat org.junit.runners.ParentRunner.runChildren(ParentRunner.java:329)\n\tat org.junit.runners.ParentRunner.access$100(ParentRunner.java:66)\n\tat org.junit.runners.ParentRunner$2.evaluate(ParentRunner.java:293)\n\tat org.junit.internal.runners.statements.RunBefores.evaluate(RunBefores.java:26)\n\tat org.junit.runners.ParentRunner$3.evaluate(ParentRunner.java:306)\n\tat org.junit.runners.ParentRunner.run(ParentRunner.java:413)\n\tat org.junit.runners.Suite.runChild(Suite.java:128)\n\tat org.junit.runners.Suite.runChild(Suite.java:27)\n\tat org.junit.runners.ParentRunner$4.run(ParentRunner.java:331)\n\tat org.junit.runners.ParentRunner$1.schedule(ParentRunner.java:79)\n\tat org.junit.runners.ParentRunner.runChildren(ParentRunner.java:329)\n\tat org.junit.runners.ParentRunner.access$100(ParentRunner.java:66)\n\tat org.junit.runners.ParentRunner$2.evaluate(ParentRunner.java:293)\n\tat org.junit.runners.ParentRunner$3.evaluate(ParentRunner.java:306)\n\tat org.junit.runners.ParentRunner.run(ParentRunner.java:413)\n\tat org.junit.runner.JUnitCore.run(JUnitCore.java:137)\n\tat org.junit.runner.JUnitCore.run(JUnitCore.java:115)\n\tat org.junit.runner.JUnitCore.run(JUnitCore.java:105)\n\tat org.junit.runner.JUnitCore.run(JUnitCore.java:94)\n\tat es.us.isa.restest.runners.RESTestRunner.testExecution(RESTestRunner.java:127)\n\tat es.us.isa.restest.runners.RESTestRunner.run(RESTestRunner.java:72)\n\tat es.us.isa.restest.main.TestGenerationAndExecution.main(TestGenerationAndExecution.java:148)\n",
    "steps" : [ ],
    "attachments" : [ {
      "uid" : "8ae84faf3cba4cca",
      "name" : "Request",
      "source" : "8ae84faf3cba4cca.html",
      "type" : "text/html",
      "size" : 227
    }, {
      "uid" : "20f2c7a84946da85",
      "name" : "HTTP/1.1 200 OK",
      "source" : "20f2c7a84946da85.html",
      "type" : "text/html",
      "size" : 564
    } ],
    "parameters" : [ ],
    "stepsCount" : 0,
    "attachmentsCount" : 2,
    "shouldDisplayMessage" : true,
    "hasContent" : true
  },
  "afterStages" : [ ],
  "labels" : [ {
    "name" : "package",
    "value" : "ProjectManagementInvalidExample"
  }, {
    "name" : "testClass",
    "value" : "ProjectManagementInvalidExample.OasDbProjectManagementInvalidExample_soekrjlfekom"
  }, {
    "name" : "testMethod",
    "value" : "test_1ibbk1lijsl0m_readproject"
  }, {
    "name" : "suite",
    "value" : "ProjectManagementInvalidExample.OasDbProjectManagementInvalidExample_soekrjlfekom"
  }, {
    "name" : "host",
    "value" : "Alexs-MacBook-Pro-2.local"
  }, {
    "name" : "thread",
    "value" : "68692@Alexs-MacBook-Pro-2.local.main(1)"
  }, {
    "name" : "framework",
    "value" : "junit4"
  }, {
    "name" : "language",
    "value" : "java"
  }, {
    "name" : "resultFormat",
    "value" : "allure2"
  } ],
  "parameters" : [ ],
  "links" : [ ],
  "hidden" : false,
  "retry" : false,
  "extra" : {
    "severity" : "normal",
    "retries" : [ ],
    "categories" : [ {
      "name" : "SEVERITY 1: Disconformity with OAS",
      "messageRegex" : "OAS disconformity.*",
      "matchedStatuses" : [ "failed" ],
      "flaky" : false
    } ],
    "history" : {
      "statistic" : {
        "failed" : 10,
        "broken" : 0,
        "skipped" : 0,
        "passed" : 0,
        "unknown" : 0,
        "total" : 10
      },
      "items" : [ {
        "uid" : "d92263cf18341473",
        "status" : "failed",
        "statusDetails" : "OAS disconformity: Instance failed to match all required schemas (matched only 0 out of 2) --- Object instance has properties which are not allowed by the schema: [\"description\";\"id\";\"name\"]",
        "time" : {
          "start" : 1640950274396,
          "stop" : 1640950274412,
          "duration" : 16
        }
      }, {
        "uid" : "92bbf7a3ed49f816",
        "status" : "failed",
        "statusDetails" : "OAS disconformity: Instance failed to match all required schemas (matched only 0 out of 2) --- Object instance has properties which are not allowed by the schema: [\"description\";\"id\";\"name\"]",
        "time" : {
          "start" : 1640950274396,
          "stop" : 1640950274412,
          "duration" : 16
        }
      }, {
        "uid" : "30baac8df373dcdd",
        "status" : "failed",
        "statusDetails" : "OAS disconformity: Instance failed to match all required schemas (matched only 0 out of 2) --- Object instance has properties which are not allowed by the schema: [\"description\";\"id\";\"name\"]",
        "time" : {
          "start" : 1640950274396,
          "stop" : 1640950274412,
          "duration" : 16
        }
      }, {
        "uid" : "fe2f0516f109cebf",
        "status" : "failed",
        "statusDetails" : "OAS disconformity: Instance failed to match all required schemas (matched only 0 out of 2) --- Object instance has properties which are not allowed by the schema: [\"description\";\"id\";\"name\"]",
        "time" : {
          "start" : 1640950274396,
          "stop" : 1640950274412,
          "duration" : 16
        }
      }, {
        "uid" : "3889a3b75de7df59",
        "status" : "failed",
        "statusDetails" : "OAS disconformity: Instance failed to match all required schemas (matched only 0 out of 2) --- Object instance has properties which are not allowed by the schema: [\"description\";\"id\";\"name\"]",
        "time" : {
          "start" : 1640950274396,
          "stop" : 1640950274412,
          "duration" : 16
        }
      }, {
        "uid" : "f0a6db766ffe7c9",
        "status" : "failed",
        "statusDetails" : "OAS disconformity: Instance failed to match all required schemas (matched only 0 out of 2) --- Object instance has properties which are not allowed by the schema: [\"description\";\"id\";\"name\"]",
        "time" : {
          "start" : 1640950274396,
          "stop" : 1640950274412,
          "duration" : 16
        }
      }, {
        "uid" : "a35a9391d0bc70b3",
        "status" : "failed",
        "statusDetails" : "OAS disconformity: Instance failed to match all required schemas (matched only 0 out of 2) --- Object instance has properties which are not allowed by the schema: [\"description\";\"id\";\"name\"]",
        "time" : {
          "start" : 1640950274396,
          "stop" : 1640950274412,
          "duration" : 16
        }
      }, {
        "uid" : "58486673deb55a5",
        "status" : "failed",
        "statusDetails" : "OAS disconformity: Instance failed to match all required schemas (matched only 0 out of 2) --- Object instance has properties which are not allowed by the schema: [\"description\";\"id\";\"name\"]",
        "time" : {
          "start" : 1640950274396,
          "stop" : 1640950274412,
          "duration" : 16
        }
      }, {
        "uid" : "53336bb7ae2ae498",
        "status" : "failed",
        "statusDetails" : "OAS disconformity: Instance failed to match all required schemas (matched only 0 out of 2) --- Object instance has properties which are not allowed by the schema: [\"description\";\"id\";\"name\"]",
        "time" : {
          "start" : 1640950274396,
          "stop" : 1640950274412,
          "duration" : 16
        }
      } ]
    },
    "tags" : [ ]
  },
  "source" : "a764930561971f48.json",
  "parameterValues" : [ ]
}