{
  "uid" : "93f937c59110a110",
  "name" : "test_1jel12db2ukhd_createcharge",
  "fullName" : "PaymentInvalidPayload.OasDbPaymentInvalidPayload_sohehuuoqm2e.test_1jel12db2ukhd_createcharge",
  "historyId" : "82f94be810aefae5028ac19019ca5c0b",
  "time" : {
    "start" : 1640940372852,
    "stop" : 1640940372867,
    "duration" : 15
  },
  "status" : "failed",
  "statusMessage" : "OAS disconformity: Response status 422 not defined for path '/charges'.",
  "statusTrace" : "java.lang.AssertionError: OAS disconformity: Response status 422 not defined for path '/charges'.\n\tat org.junit.Assert.fail(Assert.java:89)\n\tat PaymentInvalidPayload.OasDbPaymentInvalidPayload_sohehuuoqm2e.test_1jel12db2ukhd_createcharge(OasDbPaymentInvalidPayload_sohehuuoqm2e.java:138)\n\tat sun.reflect.NativeMethodAccessorImpl.invoke0(Native Method)\n\tat sun.reflect.NativeMethodAccessorImpl.invoke(NativeMethodAccessorImpl.java:62)\n\tat sun.reflect.DelegatingMethodAccessorImpl.invoke(DelegatingMethodAccessorImpl.java:43)\n\tat java.lang.reflect.Method.invoke(Method.java:498)\n\tat org.junit.runners.model.FrameworkMethod$1.runReflectiveCall(FrameworkMethod.java:59)\n\tat org.junit.internal.runners.model.ReflectiveCallable.run(ReflectiveCallable.java:12)\n\tat org.junit.runners.model.FrameworkMethod.invokeExplosively(FrameworkMethod.java:56)\n\tat org.junit.internal.runners.statements.InvokeMethod.evaluate(InvokeMethod.java:17)\n\tat org.junit.runners.ParentRunner$3.evaluate(ParentRunner.java:306)\n\tat org.junit.runners.BlockJUnit4ClassRunner$1.evaluate(BlockJUnit4ClassRunner.java:100)\n\tat org.junit.runners.ParentRunner.runLeaf(ParentRunner.java:366)\n\tat org.junit.runners.BlockJUnit4ClassRunner.runChild(BlockJUnit4ClassRunner.java:103)\n\tat org.junit.runners.BlockJUnit4ClassRunner.runChild(BlockJUnit4ClassRunner.java:63)\n\tat org.junit.runners.ParentRunner$4.run(ParentRunner.java:331)\n\tat org.junit.runners.ParentRunner$1.schedule(ParentRunner.java:79)\n\tat org.junit.runners.ParentRunner.runChildren(ParentRunner.java:329)\n\tat org.junit.runners.ParentRunner.access$100(ParentRunner.java:66)\n\tat org.junit.runners.ParentRunner$2.evaluate(ParentRunner.java:293)\n\tat org.junit.internal.runners.statements.RunBefores.evaluate(RunBefores.java:26)\n\tat org.junit.runners.ParentRunner$3.evaluate(ParentRunner.java:306)\n\tat org.junit.runners.ParentRunner.run(ParentRunner.java:413)\n\tat org.junit.runners.Suite.runChild(Suite.java:128)\n\tat org.junit.runners.Suite.runChild(Suite.java:27)\n\tat org.junit.runners.ParentRunner$4.run(ParentRunner.java:331)\n\tat org.junit.runners.ParentRunner$1.schedule(ParentRunner.java:79)\n\tat org.junit.runners.ParentRunner.runChildren(ParentRunner.java:329)\n\tat org.junit.runners.ParentRunner.access$100(ParentRunner.java:66)\n\tat org.junit.runners.ParentRunner$2.evaluate(ParentRunner.java:293)\n\tat org.junit.runners.ParentRunner$3.evaluate(ParentRunner.java:306)\n\tat org.junit.runners.ParentRunner.run(ParentRunner.java:413)\n\tat org.junit.runner.JUnitCore.run(JUnitCore.java:137)\n\tat org.junit.runner.JUnitCore.run(JUnitCore.java:115)\n\tat org.junit.runner.JUnitCore.run(JUnitCore.java:105)\n\tat org.junit.runner.JUnitCore.run(JUnitCore.java:94)\n\tat es.us.isa.restest.runners.RESTestRunner.testExecution(RESTestRunner.java:127)\n\tat es.us.isa.restest.runners.RESTestRunner.run(RESTestRunner.java:72)\n\tat es.us.isa.restest.main.TestGenerationAndExecution.main(TestGenerationAndExecution.java:148)\n",
  "flaky" : false,
  "newFailed" : false,
  "beforeStages" : [ ],
  "testStage" : {
    "status" : "failed",
    "statusMessage" : "OAS disconformity: Response status 422 not defined for path '/charges'.",
    "statusTrace" : "java.lang.AssertionError: OAS disconformity: Response status 422 not defined for path '/charges'.\n\tat org.junit.Assert.fail(Assert.java:89)\n\tat PaymentInvalidPayload.OasDbPaymentInvalidPayload_sohehuuoqm2e.test_1jel12db2ukhd_createcharge(OasDbPaymentInvalidPayload_sohehuuoqm2e.java:138)\n\tat sun.reflect.NativeMethodAccessorImpl.invoke0(Native Method)\n\tat sun.reflect.NativeMethodAccessorImpl.invoke(NativeMethodAccessorImpl.java:62)\n\tat sun.reflect.DelegatingMethodAccessorImpl.invoke(DelegatingMethodAccessorImpl.java:43)\n\tat java.lang.reflect.Method.invoke(Method.java:498)\n\tat org.junit.runners.model.FrameworkMethod$1.runReflectiveCall(FrameworkMethod.java:59)\n\tat org.junit.internal.runners.model.ReflectiveCallable.run(ReflectiveCallable.java:12)\n\tat org.junit.runners.model.FrameworkMethod.invokeExplosively(FrameworkMethod.java:56)\n\tat org.junit.internal.runners.statements.InvokeMethod.evaluate(InvokeMethod.java:17)\n\tat org.junit.runners.ParentRunner$3.evaluate(ParentRunner.java:306)\n\tat org.junit.runners.BlockJUnit4ClassRunner$1.evaluate(BlockJUnit4ClassRunner.java:100)\n\tat org.junit.runners.ParentRunner.runLeaf(ParentRunner.java:366)\n\tat org.junit.runners.BlockJUnit4ClassRunner.runChild(BlockJUnit4ClassRunner.java:103)\n\tat org.junit.runners.BlockJUnit4ClassRunner.runChild(BlockJUnit4ClassRunner.java:63)\n\tat org.junit.runners.ParentRunner$4.run(ParentRunner.java:331)\n\tat org.junit.runners.ParentRunner$1.schedule(ParentRunner.java:79)\n\tat org.junit.runners.ParentRunner.runChildren(ParentRunner.java:329)\n\tat org.junit.runners.ParentRunner.access$100(ParentRunner.java:66)\n\tat org.junit.runners.ParentRunner$2.evaluate(ParentRunner.java:293)\n\tat org.junit.internal.runners.statements.RunBefores.evaluate(RunBefores.java:26)\n\tat org.junit.runners.ParentRunner$3.evaluate(ParentRunner.java:306)\n\tat org.junit.runners.ParentRunner.run(ParentRunner.java:413)\n\tat org.junit.runners.Suite.runChild(Suite.java:128)\n\tat org.junit.runners.Suite.runChild(Suite.java:27)\n\tat org.junit.runners.ParentRunner$4.run(ParentRunner.java:331)\n\tat org.junit.runners.ParentRunner$1.schedule(ParentRunner.java:79)\n\tat org.junit.runners.ParentRunner.runChildren(ParentRunner.java:329)\n\tat org.junit.runners.ParentRunner.access$100(ParentRunner.java:66)\n\tat org.junit.runners.ParentRunner$2.evaluate(ParentRunner.java:293)\n\tat org.junit.runners.ParentRunner$3.evaluate(ParentRunner.java:306)\n\tat org.junit.runners.ParentRunner.run(ParentRunner.java:413)\n\tat org.junit.runner.JUnitCore.run(JUnitCore.java:137)\n\tat org.junit.runner.JUnitCore.run(JUnitCore.java:115)\n\tat org.junit.runner.JUnitCore.run(JUnitCore.java:105)\n\tat org.junit.runner.JUnitCore.run(JUnitCore.java:94)\n\tat es.us.isa.restest.runners.RESTestRunner.testExecution(RESTestRunner.java:127)\n\tat es.us.isa.restest.runners.RESTestRunner.run(RESTestRunner.java:72)\n\tat es.us.isa.restest.main.TestGenerationAndExecution.main(TestGenerationAndExecution.java:148)\n",
    "steps" : [ ],
    "attachments" : [ {
      "uid" : "cef1be9102d9ab00",
      "name" : "Request",
      "source" : "cef1be9102d9ab00.html",
      "type" : "text/html",
      "size" : 739
    }, {
      "uid" : "e11981ac1dd34c54",
      "name" : "HTTP/1.1 422 Unprocessable Entity",
      "source" : "e11981ac1dd34c54.html",
      "type" : "text/html",
      "size" : 546
    } ],
    "parameters" : [ ],
    "stepsCount" : 0,
    "attachmentsCount" : 2,
    "shouldDisplayMessage" : true,
    "hasContent" : true
  },
  "afterStages" : [ ],
  "labels" : [ {
    "name" : "package",
    "value" : "PaymentInvalidPayload"
  }, {
    "name" : "testClass",
    "value" : "PaymentInvalidPayload.OasDbPaymentInvalidPayload_sohehuuoqm2e"
  }, {
    "name" : "testMethod",
    "value" : "test_1jel12db2ukhd_createcharge"
  }, {
    "name" : "suite",
    "value" : "PaymentInvalidPayload.OasDbPaymentInvalidPayload_sohehuuoqm2e"
  }, {
    "name" : "host",
    "value" : "Alexs-MacBook-Pro-2.local"
  }, {
    "name" : "thread",
    "value" : "62876@Alexs-MacBook-Pro-2.local.main(1)"
  }, {
    "name" : "framework",
    "value" : "junit4"
  }, {
    "name" : "language",
    "value" : "java"
  }, {
    "name" : "resultFormat",
    "value" : "allure2"
  } ],
  "parameters" : [ ],
  "links" : [ ],
  "hidden" : false,
  "retry" : false,
  "extra" : {
    "severity" : "normal",
    "retries" : [ ],
    "categories" : [ {
      "name" : "SEVERITY 1: Disconformity with OAS",
      "messageRegex" : "OAS disconformity.*",
      "matchedStatuses" : [ "failed" ],
      "flaky" : false
    } ],
    "history" : {
      "statistic" : {
        "failed" : 9,
        "broken" : 0,
        "skipped" : 0,
        "passed" : 0,
        "unknown" : 0,
        "total" : 9
      },
      "items" : [ {
        "uid" : "9d4c10b994dc8f2b",
        "status" : "failed",
        "statusDetails" : "OAS disconformity: Response status 422 not defined for path '/charges'.",
        "time" : {
          "start" : 1640940372852,
          "stop" : 1640940372867,
          "duration" : 15
        }
      }, {
        "uid" : "f69ba57692a7c9a8",
        "status" : "failed",
        "statusDetails" : "OAS disconformity: Response status 422 not defined for path '/charges'.",
        "time" : {
          "start" : 1640940372852,
          "stop" : 1640940372867,
          "duration" : 15
        }
      }, {
        "uid" : "26b566dc0e4a5b24",
        "status" : "failed",
        "statusDetails" : "OAS disconformity: Response status 422 not defined for path '/charges'.",
        "time" : {
          "start" : 1640940372852,
          "stop" : 1640940372867,
          "duration" : 15
        }
      }, {
        "uid" : "c91aebdeb9b0a4b2",
        "status" : "failed",
        "statusDetails" : "OAS disconformity: Response status 422 not defined for path '/charges'.",
        "time" : {
          "start" : 1640940372852,
          "stop" : 1640940372867,
          "duration" : 15
        }
      }, {
        "uid" : "71e846168153d536",
        "status" : "failed",
        "statusDetails" : "OAS disconformity: Response status 422 not defined for path '/charges'.",
        "time" : {
          "start" : 1640940372852,
          "stop" : 1640940372867,
          "duration" : 15
        }
      }, {
        "uid" : "d92282d8f3f49fda",
        "status" : "failed",
        "statusDetails" : "OAS disconformity: Response status 422 not defined for path '/charges'.",
        "time" : {
          "start" : 1640940372852,
          "stop" : 1640940372867,
          "duration" : 15
        }
      }, {
        "uid" : "f46951807214ff8f",
        "status" : "failed",
        "statusDetails" : "OAS disconformity: Response status 422 not defined for path '/charges'.",
        "time" : {
          "start" : 1640940372852,
          "stop" : 1640940372867,
          "duration" : 15
        }
      }, {
        "uid" : "e73c46864b79243a",
        "status" : "failed",
        "statusDetails" : "OAS disconformity: Response status 422 not defined for path '/charges'.",
        "time" : {
          "start" : 1640940372852,
          "stop" : 1640940372867,
          "duration" : 15
        }
      } ]
    },
    "tags" : [ ]
  },
  "source" : "93f937c59110a110.json",
  "parameterValues" : [ ]
}