{
  "uid" : "d00d65aed6a484e6",
  "name" : "test_somycr221e7n_updatecharge",
  "fullName" : "PaymentPayloadMissingKey.OasDbPaymentPayloadMissingKey_t4yffxtbbd5v.test_somycr221e7n_updatecharge",
  "historyId" : "d9eb5fe4ebf01731b0343edd9a5822d6",
  "time" : {
    "start" : 1640927716938,
    "stop" : 1640927716968,
    "duration" : 30
  },
  "status" : "failed",
  "statusMessage" : "OAS disconformity: Response status 422 not defined for path '/charges/{charge_id}'.",
  "statusTrace" : "java.lang.AssertionError: OAS disconformity: Response status 422 not defined for path '/charges/{charge_id}'.\n\tat org.junit.Assert.fail(Assert.java:89)\n\tat PaymentPayloadMissingKey.OasDbPaymentPayloadMissingKey_t4yffxtbbd5v.test_somycr221e7n_updatecharge(OasDbPaymentPayloadMissingKey_t4yffxtbbd5v.java:401)\n\tat sun.reflect.NativeMethodAccessorImpl.invoke0(Native Method)\n\tat sun.reflect.NativeMethodAccessorImpl.invoke(NativeMethodAccessorImpl.java:62)\n\tat sun.reflect.DelegatingMethodAccessorImpl.invoke(DelegatingMethodAccessorImpl.java:43)\n\tat java.lang.reflect.Method.invoke(Method.java:498)\n\tat org.junit.runners.model.FrameworkMethod$1.runReflectiveCall(FrameworkMethod.java:59)\n\tat org.junit.internal.runners.model.ReflectiveCallable.run(ReflectiveCallable.java:12)\n\tat org.junit.runners.model.FrameworkMethod.invokeExplosively(FrameworkMethod.java:56)\n\tat org.junit.internal.runners.statements.InvokeMethod.evaluate(InvokeMethod.java:17)\n\tat org.junit.runners.ParentRunner$3.evaluate(ParentRunner.java:306)\n\tat org.junit.runners.BlockJUnit4ClassRunner$1.evaluate(BlockJUnit4ClassRunner.java:100)\n\tat org.junit.runners.ParentRunner.runLeaf(ParentRunner.java:366)\n\tat org.junit.runners.BlockJUnit4ClassRunner.runChild(BlockJUnit4ClassRunner.java:103)\n\tat org.junit.runners.BlockJUnit4ClassRunner.runChild(BlockJUnit4ClassRunner.java:63)\n\tat org.junit.runners.ParentRunner$4.run(ParentRunner.java:331)\n\tat org.junit.runners.ParentRunner$1.schedule(ParentRunner.java:79)\n\tat org.junit.runners.ParentRunner.runChildren(ParentRunner.java:329)\n\tat org.junit.runners.ParentRunner.access$100(ParentRunner.java:66)\n\tat org.junit.runners.ParentRunner$2.evaluate(ParentRunner.java:293)\n\tat org.junit.internal.runners.statements.RunBefores.evaluate(RunBefores.java:26)\n\tat org.junit.runners.ParentRunner$3.evaluate(ParentRunner.java:306)\n\tat org.junit.runners.ParentRunner.run(ParentRunner.java:413)\n\tat org.junit.runners.Suite.runChild(Suite.java:128)\n\tat org.junit.runners.Suite.runChild(Suite.java:27)\n\tat org.junit.runners.ParentRunner$4.run(ParentRunner.java:331)\n\tat org.junit.runners.ParentRunner$1.schedule(ParentRunner.java:79)\n\tat org.junit.runners.ParentRunner.runChildren(ParentRunner.java:329)\n\tat org.junit.runners.ParentRunner.access$100(ParentRunner.java:66)\n\tat org.junit.runners.ParentRunner$2.evaluate(ParentRunner.java:293)\n\tat org.junit.runners.ParentRunner$3.evaluate(ParentRunner.java:306)\n\tat org.junit.runners.ParentRunner.run(ParentRunner.java:413)\n\tat org.junit.runner.JUnitCore.run(JUnitCore.java:137)\n\tat org.junit.runner.JUnitCore.run(JUnitCore.java:115)\n\tat org.junit.runner.JUnitCore.run(JUnitCore.java:105)\n\tat org.junit.runner.JUnitCore.run(JUnitCore.java:94)\n\tat es.us.isa.restest.runners.RESTestRunner.testExecution(RESTestRunner.java:127)\n\tat es.us.isa.restest.runners.RESTestRunner.run(RESTestRunner.java:72)\n\tat es.us.isa.restest.main.TestGenerationAndExecution.main(TestGenerationAndExecution.java:148)\n",
  "flaky" : false,
  "newFailed" : false,
  "beforeStages" : [ ],
  "testStage" : {
    "status" : "failed",
    "statusMessage" : "OAS disconformity: Response status 422 not defined for path '/charges/{charge_id}'.",
    "statusTrace" : "java.lang.AssertionError: OAS disconformity: Response status 422 not defined for path '/charges/{charge_id}'.\n\tat org.junit.Assert.fail(Assert.java:89)\n\tat PaymentPayloadMissingKey.OasDbPaymentPayloadMissingKey_t4yffxtbbd5v.test_somycr221e7n_updatecharge(OasDbPaymentPayloadMissingKey_t4yffxtbbd5v.java:401)\n\tat sun.reflect.NativeMethodAccessorImpl.invoke0(Native Method)\n\tat sun.reflect.NativeMethodAccessorImpl.invoke(NativeMethodAccessorImpl.java:62)\n\tat sun.reflect.DelegatingMethodAccessorImpl.invoke(DelegatingMethodAccessorImpl.java:43)\n\tat java.lang.reflect.Method.invoke(Method.java:498)\n\tat org.junit.runners.model.FrameworkMethod$1.runReflectiveCall(FrameworkMethod.java:59)\n\tat org.junit.internal.runners.model.ReflectiveCallable.run(ReflectiveCallable.java:12)\n\tat org.junit.runners.model.FrameworkMethod.invokeExplosively(FrameworkMethod.java:56)\n\tat org.junit.internal.runners.statements.InvokeMethod.evaluate(InvokeMethod.java:17)\n\tat org.junit.runners.ParentRunner$3.evaluate(ParentRunner.java:306)\n\tat org.junit.runners.BlockJUnit4ClassRunner$1.evaluate(BlockJUnit4ClassRunner.java:100)\n\tat org.junit.runners.ParentRunner.runLeaf(ParentRunner.java:366)\n\tat org.junit.runners.BlockJUnit4ClassRunner.runChild(BlockJUnit4ClassRunner.java:103)\n\tat org.junit.runners.BlockJUnit4ClassRunner.runChild(BlockJUnit4ClassRunner.java:63)\n\tat org.junit.runners.ParentRunner$4.run(ParentRunner.java:331)\n\tat org.junit.runners.ParentRunner$1.schedule(ParentRunner.java:79)\n\tat org.junit.runners.ParentRunner.runChildren(ParentRunner.java:329)\n\tat org.junit.runners.ParentRunner.access$100(ParentRunner.java:66)\n\tat org.junit.runners.ParentRunner$2.evaluate(ParentRunner.java:293)\n\tat org.junit.internal.runners.statements.RunBefores.evaluate(RunBefores.java:26)\n\tat org.junit.runners.ParentRunner$3.evaluate(ParentRunner.java:306)\n\tat org.junit.runners.ParentRunner.run(ParentRunner.java:413)\n\tat org.junit.runners.Suite.runChild(Suite.java:128)\n\tat org.junit.runners.Suite.runChild(Suite.java:27)\n\tat org.junit.runners.ParentRunner$4.run(ParentRunner.java:331)\n\tat org.junit.runners.ParentRunner$1.schedule(ParentRunner.java:79)\n\tat org.junit.runners.ParentRunner.runChildren(ParentRunner.java:329)\n\tat org.junit.runners.ParentRunner.access$100(ParentRunner.java:66)\n\tat org.junit.runners.ParentRunner$2.evaluate(ParentRunner.java:293)\n\tat org.junit.runners.ParentRunner$3.evaluate(ParentRunner.java:306)\n\tat org.junit.runners.ParentRunner.run(ParentRunner.java:413)\n\tat org.junit.runner.JUnitCore.run(JUnitCore.java:137)\n\tat org.junit.runner.JUnitCore.run(JUnitCore.java:115)\n\tat org.junit.runner.JUnitCore.run(JUnitCore.java:105)\n\tat org.junit.runner.JUnitCore.run(JUnitCore.java:94)\n\tat es.us.isa.restest.runners.RESTestRunner.testExecution(RESTestRunner.java:127)\n\tat es.us.isa.restest.runners.RESTestRunner.run(RESTestRunner.java:72)\n\tat es.us.isa.restest.main.TestGenerationAndExecution.main(TestGenerationAndExecution.java:148)\n",
    "steps" : [ ],
    "attachments" : [ {
      "uid" : "49f6b593f51382c0",
      "name" : "Request",
      "source" : "49f6b593f51382c0.html",
      "type" : "text/html",
      "size" : 807
    }, {
      "uid" : "4aa49df0092a85eb",
      "name" : "HTTP/1.1 422 Unprocessable Entity",
      "source" : "4aa49df0092a85eb.html",
      "type" : "text/html",
      "size" : 546
    } ],
    "parameters" : [ ],
    "stepsCount" : 0,
    "attachmentsCount" : 2,
    "shouldDisplayMessage" : true,
    "hasContent" : true
  },
  "afterStages" : [ ],
  "labels" : [ {
    "name" : "package",
    "value" : "PaymentPayloadMissingKey"
  }, {
    "name" : "testClass",
    "value" : "PaymentPayloadMissingKey.OasDbPaymentPayloadMissingKey_t4yffxtbbd5v"
  }, {
    "name" : "testMethod",
    "value" : "test_somycr221e7n_updatecharge"
  }, {
    "name" : "suite",
    "value" : "PaymentPayloadMissingKey.OasDbPaymentPayloadMissingKey_t4yffxtbbd5v"
  }, {
    "name" : "host",
    "value" : "Alexs-MacBook-Pro-2.local"
  }, {
    "name" : "thread",
    "value" : "55647@Alexs-MacBook-Pro-2.local.main(1)"
  }, {
    "name" : "framework",
    "value" : "junit4"
  }, {
    "name" : "language",
    "value" : "java"
  }, {
    "name" : "resultFormat",
    "value" : "allure2"
  } ],
  "parameters" : [ ],
  "links" : [ ],
  "hidden" : false,
  "retry" : false,
  "extra" : {
    "severity" : "normal",
    "retries" : [ ],
    "categories" : [ {
      "name" : "SEVERITY 1: Disconformity with OAS",
      "messageRegex" : "OAS disconformity.*",
      "matchedStatuses" : [ "failed" ],
      "flaky" : false
    } ],
    "history" : {
      "statistic" : {
        "failed" : 11,
        "broken" : 0,
        "skipped" : 0,
        "passed" : 0,
        "unknown" : 0,
        "total" : 11
      },
      "items" : [ {
        "uid" : "aee616b17af434e3",
        "status" : "failed",
        "statusDetails" : "OAS disconformity: Response status 422 not defined for path '/charges/{charge_id}'.",
        "time" : {
          "start" : 1640927716938,
          "stop" : 1640927716968,
          "duration" : 30
        }
      }, {
        "uid" : "2f9736b8ab7055b8",
        "status" : "failed",
        "statusDetails" : "OAS disconformity: Response status 422 not defined for path '/charges/{charge_id}'.",
        "time" : {
          "start" : 1640927716938,
          "stop" : 1640927716968,
          "duration" : 30
        }
      }, {
        "uid" : "60e9878649dc415b",
        "status" : "failed",
        "statusDetails" : "OAS disconformity: Response status 422 not defined for path '/charges/{charge_id}'.",
        "time" : {
          "start" : 1640927716938,
          "stop" : 1640927716968,
          "duration" : 30
        }
      }, {
        "uid" : "ade1c3caa65502ea",
        "status" : "failed",
        "statusDetails" : "OAS disconformity: Response status 422 not defined for path '/charges/{charge_id}'.",
        "time" : {
          "start" : 1640927716938,
          "stop" : 1640927716968,
          "duration" : 30
        }
      }, {
        "uid" : "5c9e44d403a6082",
        "status" : "failed",
        "statusDetails" : "OAS disconformity: Response status 422 not defined for path '/charges/{charge_id}'.",
        "time" : {
          "start" : 1640927716938,
          "stop" : 1640927716968,
          "duration" : 30
        }
      }, {
        "uid" : "b18d4d08e50b42da",
        "status" : "failed",
        "statusDetails" : "OAS disconformity: Response status 422 not defined for path '/charges/{charge_id}'.",
        "time" : {
          "start" : 1640927716938,
          "stop" : 1640927716968,
          "duration" : 30
        }
      }, {
        "uid" : "6a34c9d6a79380d",
        "status" : "failed",
        "statusDetails" : "OAS disconformity: Response status 422 not defined for path '/charges/{charge_id}'.",
        "time" : {
          "start" : 1640927716938,
          "stop" : 1640927716968,
          "duration" : 30
        }
      }, {
        "uid" : "a39b6df6c3e14563",
        "status" : "failed",
        "statusDetails" : "OAS disconformity: Response status 422 not defined for path '/charges/{charge_id}'.",
        "time" : {
          "start" : 1640927716938,
          "stop" : 1640927716968,
          "duration" : 30
        }
      }, {
        "uid" : "d6cbde150033a90c",
        "status" : "failed",
        "statusDetails" : "OAS disconformity: Response status 422 not defined for path '/charges/{charge_id}'.",
        "time" : {
          "start" : 1640927716938,
          "stop" : 1640927716968,
          "duration" : 30
        }
      }, {
        "uid" : "10a8e57fed1aab29",
        "status" : "failed",
        "statusDetails" : "OAS disconformity: Response status 422 not defined for path '/charges/{charge_id}'.",
        "time" : {
          "start" : 1640927716938,
          "stop" : 1640927716968,
          "duration" : 30
        }
      } ]
    },
    "tags" : [ ]
  },
  "source" : "d00d65aed6a484e6.json",
  "parameterValues" : [ ]
}