{
  "uid" : "f9fe25d083744aa",
  "name" : "test_s1dxnxpcgmrd_updatecharge",
  "fullName" : "PaymentBrokenRecordDeletion.OasDbPaymentBrokenRecordDeletion_ubuq56kev3n9.test_s1dxnxpcgmrd_updatecharge",
  "historyId" : "b2916c114b3179389c952cc6484e0bf5",
  "time" : {
    "start" : 1640951209888,
    "stop" : 1640951209910,
    "duration" : 22
  },
  "status" : "failed",
  "statusMessage" : "OAS disconformity: Response status 422 not defined for path '/charges/{charge_id}'.",
  "statusTrace" : "java.lang.AssertionError: OAS disconformity: Response status 422 not defined for path '/charges/{charge_id}'.\n\tat org.junit.Assert.fail(Assert.java:89)\n\tat PaymentBrokenRecordDeletion.OasDbPaymentBrokenRecordDeletion_ubuq56kev3n9.test_s1dxnxpcgmrd_updatecharge(OasDbPaymentBrokenRecordDeletion_ubuq56kev3n9.java:367)\n\tat sun.reflect.NativeMethodAccessorImpl.invoke0(Native Method)\n\tat sun.reflect.NativeMethodAccessorImpl.invoke(NativeMethodAccessorImpl.java:62)\n\tat sun.reflect.DelegatingMethodAccessorImpl.invoke(DelegatingMethodAccessorImpl.java:43)\n\tat java.lang.reflect.Method.invoke(Method.java:498)\n\tat org.junit.runners.model.FrameworkMethod$1.runReflectiveCall(FrameworkMethod.java:59)\n\tat org.junit.internal.runners.model.ReflectiveCallable.run(ReflectiveCallable.java:12)\n\tat org.junit.runners.model.FrameworkMethod.invokeExplosively(FrameworkMethod.java:56)\n\tat org.junit.internal.runners.statements.InvokeMethod.evaluate(InvokeMethod.java:17)\n\tat org.junit.runners.ParentRunner$3.evaluate(ParentRunner.java:306)\n\tat org.junit.runners.BlockJUnit4ClassRunner$1.evaluate(BlockJUnit4ClassRunner.java:100)\n\tat org.junit.runners.ParentRunner.runLeaf(ParentRunner.java:366)\n\tat org.junit.runners.BlockJUnit4ClassRunner.runChild(BlockJUnit4ClassRunner.java:103)\n\tat org.junit.runners.BlockJUnit4ClassRunner.runChild(BlockJUnit4ClassRunner.java:63)\n\tat org.junit.runners.ParentRunner$4.run(ParentRunner.java:331)\n\tat org.junit.runners.ParentRunner$1.schedule(ParentRunner.java:79)\n\tat org.junit.runners.ParentRunner.runChildren(ParentRunner.java:329)\n\tat org.junit.runners.ParentRunner.access$100(ParentRunner.java:66)\n\tat org.junit.runners.ParentRunner$2.evaluate(ParentRunner.java:293)\n\tat org.junit.internal.runners.statements.RunBefores.evaluate(RunBefores.java:26)\n\tat org.junit.runners.ParentRunner$3.evaluate(ParentRunner.java:306)\n\tat org.junit.runners.ParentRunner.run(ParentRunner.java:413)\n\tat org.junit.runners.Suite.runChild(Suite.java:128)\n\tat org.junit.runners.Suite.runChild(Suite.java:27)\n\tat org.junit.runners.ParentRunner$4.run(ParentRunner.java:331)\n\tat org.junit.runners.ParentRunner$1.schedule(ParentRunner.java:79)\n\tat org.junit.runners.ParentRunner.runChildren(ParentRunner.java:329)\n\tat org.junit.runners.ParentRunner.access$100(ParentRunner.java:66)\n\tat org.junit.runners.ParentRunner$2.evaluate(ParentRunner.java:293)\n\tat org.junit.runners.ParentRunner$3.evaluate(ParentRunner.java:306)\n\tat org.junit.runners.ParentRunner.run(ParentRunner.java:413)\n\tat org.junit.runner.JUnitCore.run(JUnitCore.java:137)\n\tat org.junit.runner.JUnitCore.run(JUnitCore.java:115)\n\tat org.junit.runner.JUnitCore.run(JUnitCore.java:105)\n\tat org.junit.runner.JUnitCore.run(JUnitCore.java:94)\n\tat es.us.isa.restest.runners.RESTestRunner.testExecution(RESTestRunner.java:127)\n\tat es.us.isa.restest.runners.RESTestRunner.run(RESTestRunner.java:72)\n\tat es.us.isa.restest.main.TestGenerationAndExecution.main(TestGenerationAndExecution.java:148)\n",
  "flaky" : false,
  "newFailed" : false,
  "beforeStages" : [ ],
  "testStage" : {
    "status" : "failed",
    "statusMessage" : "OAS disconformity: Response status 422 not defined for path '/charges/{charge_id}'.",
    "statusTrace" : "java.lang.AssertionError: OAS disconformity: Response status 422 not defined for path '/charges/{charge_id}'.\n\tat org.junit.Assert.fail(Assert.java:89)\n\tat PaymentBrokenRecordDeletion.OasDbPaymentBrokenRecordDeletion_ubuq56kev3n9.test_s1dxnxpcgmrd_updatecharge(OasDbPaymentBrokenRecordDeletion_ubuq56kev3n9.java:367)\n\tat sun.reflect.NativeMethodAccessorImpl.invoke0(Native Method)\n\tat sun.reflect.NativeMethodAccessorImpl.invoke(NativeMethodAccessorImpl.java:62)\n\tat sun.reflect.DelegatingMethodAccessorImpl.invoke(DelegatingMethodAccessorImpl.java:43)\n\tat java.lang.reflect.Method.invoke(Method.java:498)\n\tat org.junit.runners.model.FrameworkMethod$1.runReflectiveCall(FrameworkMethod.java:59)\n\tat org.junit.internal.runners.model.ReflectiveCallable.run(ReflectiveCallable.java:12)\n\tat org.junit.runners.model.FrameworkMethod.invokeExplosively(FrameworkMethod.java:56)\n\tat org.junit.internal.runners.statements.InvokeMethod.evaluate(InvokeMethod.java:17)\n\tat org.junit.runners.ParentRunner$3.evaluate(ParentRunner.java:306)\n\tat org.junit.runners.BlockJUnit4ClassRunner$1.evaluate(BlockJUnit4ClassRunner.java:100)\n\tat org.junit.runners.ParentRunner.runLeaf(ParentRunner.java:366)\n\tat org.junit.runners.BlockJUnit4ClassRunner.runChild(BlockJUnit4ClassRunner.java:103)\n\tat org.junit.runners.BlockJUnit4ClassRunner.runChild(BlockJUnit4ClassRunner.java:63)\n\tat org.junit.runners.ParentRunner$4.run(ParentRunner.java:331)\n\tat org.junit.runners.ParentRunner$1.schedule(ParentRunner.java:79)\n\tat org.junit.runners.ParentRunner.runChildren(ParentRunner.java:329)\n\tat org.junit.runners.ParentRunner.access$100(ParentRunner.java:66)\n\tat org.junit.runners.ParentRunner$2.evaluate(ParentRunner.java:293)\n\tat org.junit.internal.runners.statements.RunBefores.evaluate(RunBefores.java:26)\n\tat org.junit.runners.ParentRunner$3.evaluate(ParentRunner.java:306)\n\tat org.junit.runners.ParentRunner.run(ParentRunner.java:413)\n\tat org.junit.runners.Suite.runChild(Suite.java:128)\n\tat org.junit.runners.Suite.runChild(Suite.java:27)\n\tat org.junit.runners.ParentRunner$4.run(ParentRunner.java:331)\n\tat org.junit.runners.ParentRunner$1.schedule(ParentRunner.java:79)\n\tat org.junit.runners.ParentRunner.runChildren(ParentRunner.java:329)\n\tat org.junit.runners.ParentRunner.access$100(ParentRunner.java:66)\n\tat org.junit.runners.ParentRunner$2.evaluate(ParentRunner.java:293)\n\tat org.junit.runners.ParentRunner$3.evaluate(ParentRunner.java:306)\n\tat org.junit.runners.ParentRunner.run(ParentRunner.java:413)\n\tat org.junit.runner.JUnitCore.run(JUnitCore.java:137)\n\tat org.junit.runner.JUnitCore.run(JUnitCore.java:115)\n\tat org.junit.runner.JUnitCore.run(JUnitCore.java:105)\n\tat org.junit.runner.JUnitCore.run(JUnitCore.java:94)\n\tat es.us.isa.restest.runners.RESTestRunner.testExecution(RESTestRunner.java:127)\n\tat es.us.isa.restest.runners.RESTestRunner.run(RESTestRunner.java:72)\n\tat es.us.isa.restest.main.TestGenerationAndExecution.main(TestGenerationAndExecution.java:148)\n",
    "steps" : [ ],
    "attachments" : [ {
      "uid" : "883fe55487629191",
      "name" : "Request",
      "source" : "883fe55487629191.html",
      "type" : "text/html",
      "size" : 743
    }, {
      "uid" : "5e0da2ad26495e3a",
      "name" : "HTTP/1.1 422 Unprocessable Entity",
      "source" : "5e0da2ad26495e3a.html",
      "type" : "text/html",
      "size" : 546
    } ],
    "parameters" : [ ],
    "stepsCount" : 0,
    "attachmentsCount" : 2,
    "shouldDisplayMessage" : true,
    "hasContent" : true
  },
  "afterStages" : [ ],
  "labels" : [ {
    "name" : "package",
    "value" : "PaymentBrokenRecordDeletion"
  }, {
    "name" : "testClass",
    "value" : "PaymentBrokenRecordDeletion.OasDbPaymentBrokenRecordDeletion_ubuq56kev3n9"
  }, {
    "name" : "testMethod",
    "value" : "test_s1dxnxpcgmrd_updatecharge"
  }, {
    "name" : "suite",
    "value" : "PaymentBrokenRecordDeletion.OasDbPaymentBrokenRecordDeletion_ubuq56kev3n9"
  }, {
    "name" : "host",
    "value" : "Alexs-MacBook-Pro-2.local"
  }, {
    "name" : "thread",
    "value" : "69421@Alexs-MacBook-Pro-2.local.main(1)"
  }, {
    "name" : "framework",
    "value" : "junit4"
  }, {
    "name" : "language",
    "value" : "java"
  }, {
    "name" : "resultFormat",
    "value" : "allure2"
  } ],
  "parameters" : [ ],
  "links" : [ ],
  "hidden" : false,
  "retry" : false,
  "extra" : {
    "severity" : "normal",
    "retries" : [ ],
    "categories" : [ {
      "name" : "SEVERITY 1: Disconformity with OAS",
      "messageRegex" : "OAS disconformity.*",
      "matchedStatuses" : [ "failed" ],
      "flaky" : false
    } ],
    "history" : {
      "statistic" : {
        "failed" : 14,
        "broken" : 0,
        "skipped" : 0,
        "passed" : 0,
        "unknown" : 0,
        "total" : 14
      },
      "items" : [ {
        "uid" : "32ad66e1460c7e7",
        "status" : "failed",
        "statusDetails" : "OAS disconformity: Response status 422 not defined for path '/charges/{charge_id}'.",
        "time" : {
          "start" : 1640951209888,
          "stop" : 1640951209910,
          "duration" : 22
        }
      }, {
        "uid" : "4222456c042a3f1e",
        "status" : "failed",
        "statusDetails" : "OAS disconformity: Response status 422 not defined for path '/charges/{charge_id}'.",
        "time" : {
          "start" : 1640951209888,
          "stop" : 1640951209910,
          "duration" : 22
        }
      }, {
        "uid" : "3f328a6b46f317f5",
        "status" : "failed",
        "statusDetails" : "OAS disconformity: Response status 422 not defined for path '/charges/{charge_id}'.",
        "time" : {
          "start" : 1640951209888,
          "stop" : 1640951209910,
          "duration" : 22
        }
      }, {
        "uid" : "566f2f597e88838b",
        "status" : "failed",
        "statusDetails" : "OAS disconformity: Response status 422 not defined for path '/charges/{charge_id}'.",
        "time" : {
          "start" : 1640951209888,
          "stop" : 1640951209910,
          "duration" : 22
        }
      }, {
        "uid" : "2ea226097ae63a36",
        "status" : "failed",
        "statusDetails" : "OAS disconformity: Response status 422 not defined for path '/charges/{charge_id}'.",
        "time" : {
          "start" : 1640951209888,
          "stop" : 1640951209910,
          "duration" : 22
        }
      }, {
        "uid" : "f1cc33d7e39d6d38",
        "status" : "failed",
        "statusDetails" : "OAS disconformity: Response status 422 not defined for path '/charges/{charge_id}'.",
        "time" : {
          "start" : 1640951209888,
          "stop" : 1640951209910,
          "duration" : 22
        }
      }, {
        "uid" : "c2fec176455b5c25",
        "status" : "failed",
        "statusDetails" : "OAS disconformity: Response status 422 not defined for path '/charges/{charge_id}'.",
        "time" : {
          "start" : 1640951209888,
          "stop" : 1640951209910,
          "duration" : 22
        }
      }, {
        "uid" : "12c94a2efcfe51af",
        "status" : "failed",
        "statusDetails" : "OAS disconformity: Response status 422 not defined for path '/charges/{charge_id}'.",
        "time" : {
          "start" : 1640951209888,
          "stop" : 1640951209910,
          "duration" : 22
        }
      }, {
        "uid" : "3148b62185bb9b6e",
        "status" : "failed",
        "statusDetails" : "OAS disconformity: Response status 422 not defined for path '/charges/{charge_id}'.",
        "time" : {
          "start" : 1640951209888,
          "stop" : 1640951209910,
          "duration" : 22
        }
      }, {
        "uid" : "1e6242e986c524c7",
        "status" : "failed",
        "statusDetails" : "OAS disconformity: Response status 422 not defined for path '/charges/{charge_id}'.",
        "time" : {
          "start" : 1640951209888,
          "stop" : 1640951209910,
          "duration" : 22
        }
      }, {
        "uid" : "2fe7c05d2726ba8b",
        "status" : "failed",
        "statusDetails" : "OAS disconformity: Response status 422 not defined for path '/charges/{charge_id}'.",
        "time" : {
          "start" : 1640951209888,
          "stop" : 1640951209910,
          "duration" : 22
        }
      }, {
        "uid" : "7e4737f08946362a",
        "status" : "failed",
        "statusDetails" : "OAS disconformity: Response status 422 not defined for path '/charges/{charge_id}'.",
        "time" : {
          "start" : 1640951209888,
          "stop" : 1640951209910,
          "duration" : 22
        }
      }, {
        "uid" : "48456080e9cf89f0",
        "status" : "failed",
        "statusDetails" : "OAS disconformity: Response status 422 not defined for path '/charges/{charge_id}'.",
        "time" : {
          "start" : 1640951209888,
          "stop" : 1640951209910,
          "duration" : 22
        }
      } ]
    },
    "tags" : [ ]
  },
  "source" : "f9fe25d083744aa.json",
  "parameterValues" : [ ]
}